{"meta": {"format": 3, "version": "7.10.7", "timestamp": "2026-01-10T13:52:15.637271", "branch_coverage": false, "show_contexts": false}, "files": {"core\\__init__.py": {"executed_lines": [0], "summary": {"covered_lines": 0, "num_statements": 0, "percent_covered": 100.0, "percent_covered_display": "100.00", "missing_lines": 0, "excluded_lines": 0}, "missing_lines": [], "excluded_lines": [], "functions": {"": {"executed_lines": [], "summary": {"covered_lines": 0, "num_statements": 0, "percent_covered": 100.0, "percent_covered_display": "100.00", "missing_lines": 0, "excluded_lines": 0}, "missing_lines": [], "excluded_lines": []}}, "classes": {"": {"executed_lines": [], "summary": {"covered_lines": 0, "num_statements": 0, "percent_covered": 100.0, "percent_covered_display": "100.00", "missing_lines": 0, "excluded_lines": 0}, "missing_lines": [], "excluded_lines": []}}}, "core\\admin.py": {"executed_lines": [3, 4, 5, 6, 12, 15, 16, 17, 18, 19, 20, 21, 22, 25, 37, 54, 58, 59, 60, 61, 62, 63, 64, 75, 76, 77, 82, 86, 90, 91, 92, 114, 118, 119, 120, 121, 122, 123, 124, 125, 126, 136, 137, 138, 139, 140, 141, 142, 143, 144, 154, 155, 156, 157, 158, 159, 160, 161, 162, 172, 173, 174, 175, 176, 177, 178, 179, 183, 184, 185, 186, 187, 190, 191, 192, 193, 194, 195, 196, 199, 200, 201, 202, 203, 204, 205, 206, 215, 222, 227, 237, 238, 239, 240, 241, 242, 243, 245, 262, 267, 269, 272, 274, 280, 282, 289, 293, 297, 301, 304, 306, 307, 308, 309, 310, 311, 312, 313, 317, 318, 319, 320, 321, 322, 323, 325, 338, 350, 351, 352, 353, 354, 355, 356, 357, 359, 372, 375, 377, 381, 390, 391, 392, 393, 394, 395, 396, 397, 399, 408, 411, 413, 420, 425, 431, 432, 433, 434, 439, 440, 444, 445, 446, 448, 484, 487, 488, 490, 496, 498, 505, 517], "summary": {"covered_lines": 170, "num_statements": 234, "percent_covered": 72.64957264957265, "percent_covered_display": "72.65", "missing_lines": 64, "excluded_lines": 0}, "missing_lines": [216, 217, 218, 220, 223, 224, 225, 228, 229, 230, 264, 265, 266, 271, 276, 277, 278, 279, 284, 285, 286, 287, 291, 295, 299, 343, 345, 346, 374, 379, 383, 410, 414, 415, 416, 418, 421, 422, 423, 426, 427, 428, 486, 492, 493, 494, 495, 499, 500, 501, 503, 506, 507, 508, 510, 511, 513, 514, 515, 518, 519, 520, 521, 522], "excluded_lines": [], "functions": {"ProveedorAdmin.get_queryset": {"executed_lines": [], "summary": {"covered_lines": 0, "num_statements": 4, "percent_covered": 0.0, "percent_covered_display": "0.00", "missing_lines": 4, "excluded_lines": 0}, "missing_lines": [216, 217, 218, 220], "excluded_lines": []}, "ProveedorAdmin.formfield_for_foreignkey": {"executed_lines": [], "summary": {"covered_lines": 0, "num_statements": 3, "percent_covered": 0.0, "percent_covered_display": "0.00", "missing_lines": 3, "excluded_lines": 0}, "missing_lines": [223, 224, 225], "excluded_lines": []}, "ProveedorAdmin.save_model": {"executed_lines": [], "summary": {"covered_lines": 0, "num_statements": 3, "percent_covered": 0.0, "percent_covered_display": "0.00", "missing_lines": 3, "excluded_lines": 0}, "missing_lines": [228, 229, 230], "excluded_lines": []}, "ZipRequestAdmin.file_size_mb": {"executed_lines": [], "summary": {"covered_lines": 0, "num_statements": 3, "percent_covered": 0.0, "percent_covered_display": "0.00", "missing_lines": 3, "excluded_lines": 0}, "missing_lines": [264, 265, 266], "excluded_lines": []}, "ZipRequestAdmin.current_position": {"executed_lines": [], "summary": {"covered_lines": 0, "num_statements": 1, "percent_covered": 0.0, "percent_covered_display": "0.00", "missing_lines": 1, "excluded_lines": 0}, "missing_lines": [271], "excluded_lines": []}, "ZipRequestAdmin.estimated_wait_time": {"executed_lines": [], "summary": {"covered_lines": 0, "num_statements": 4, "percent_covered": 0.0, "percent_covered_display": "0.00", "missing_lines": 4, "excluded_lines": 0}, "missing_lines": [276, 277, 278, 279], "excluded_lines": []}, "ZipRequestAdmin.get_queryset": {"executed_lines": [], "summary": {"covered_lines": 0, "num_statements": 4, "percent_covered": 0.0, "percent_covered_display": "0.00", "missing_lines": 4, "excluded_lines": 0}, "missing_lines": [284, 285, 286, 287], "excluded_lines": []}, "ZipRequestAdmin.has_add_permission": {"executed_lines": [], "summary": {"covered_lines": 0, "num_statements": 1, "percent_covered": 0.0, "percent_covered_display": "0.00", "missing_lines": 1, "excluded_lines": 0}, "missing_lines": [291], "excluded_lines": []}, "ZipRequestAdmin.has_change_permission": {"executed_lines": [], "summary": {"covered_lines": 0, "num_statements": 1, "percent_covered": 0.0, "percent_covered_display": "0.00", "missing_lines": 1, "excluded_lines": 0}, "missing_lines": [295], "excluded_lines": []}, "ZipRequestAdmin.has_delete_permission": {"executed_lines": [], "summary": {"covered_lines": 0, "num_statements": 1, "percent_covered": 0.0, "percent_covered_display": "0.00", "missing_lines": 1, "excluded_lines": 0}, "missing_lines": [299], "excluded_lines": []}, "TerminosYCondicionesAdmin.save_model": {"executed_lines": [], "summary": {"covered_lines": 0, "num_statements": 3, "percent_covered": 0.0, "percent_covered_display": "0.00", "missing_lines": 3, "excluded_lines": 0}, "missing_lines": [343, 345, 346], "excluded_lines": []}, "AceptacionTerminosAdmin.get_terminos_version": {"executed_lines": [], "summary": {"covered_lines": 0, "num_statements": 1, "percent_covered": 0.0, "percent_covered_display": "0.00", "missing_lines": 1, "excluded_lines": 0}, "missing_lines": [374], "excluded_lines": []}, "AceptacionTerminosAdmin.has_add_permission": {"executed_lines": [], "summary": {"covered_lines": 0, "num_statements": 1, "percent_covered": 0.0, "percent_covered_display": "0.00", "missing_lines": 1, "excluded_lines": 0}, "missing_lines": [379], "excluded_lines": []}, "AceptacionTerminosAdmin.has_delete_permission": {"executed_lines": [], "summary": {"covered_lines": 0, "num_statements": 1, "percent_covered": 0.0, "percent_covered_display": "0.00", "missing_lines": 1, "excluded_lines": 0}, "missing_lines": [383], "excluded_lines": []}, "AgrupacionPrestamoAdmin.cantidad_prestamos": {"executed_lines": [], "summary": {"covered_lines": 0, "num_statements": 1, "percent_covered": 0.0, "percent_covered_display": "0.00", "missing_lines": 1, "excluded_lines": 0}, "missing_lines": [410], "excluded_lines": []}, "AgrupacionPrestamoAdmin.get_queryset": {"executed_lines": [], "summary": {"covered_lines": 0, "num_statements": 4, "percent_covered": 0.0, "percent_covered_display": "0.00", "missing_lines": 4, "excluded_lines": 0}, "missing_lines": [414, 415, 416, 418], "excluded_lines": []}, "AgrupacionPrestamoAdmin.formfield_for_foreignkey": {"executed_lines": [], "summary": {"covered_lines": 0, "num_statements": 3, "percent_covered": 0.0, "percent_covered_display": "0.00", "missing_lines": 3, "excluded_lines": 0}, "missing_lines": [421, 422, 423], "excluded_lines": []}, "AgrupacionPrestamoAdmin.save_model": {"executed_lines": [], "summary": {"covered_lines": 0, "num_statements": 3, "percent_covered": 0.0, "percent_covered_display": "0.00", "missing_lines": 3, "excluded_lines": 0}, "missing_lines": [426, 427, 428], "excluded_lines": []}, "PrestamoEquipoAdmin.get_codigo_equipo": {"executed_lines": [], "summary": {"covered_lines": 0, "num_statements": 1, "percent_covered": 0.0, "percent_covered_display": "0.00", "missing_lines": 1, "excluded_lines": 0}, "missing_lines": [486], "excluded_lines": []}, "PrestamoEquipoAdmin.dias_transcurridos": {"executed_lines": [], "summary": {"covered_lines": 0, "num_statements": 4, "percent_covered": 0.0, "percent_covered_display": "0.00", "missing_lines": 4, "excluded_lines": 0}, "missing_lines": [492, 493, 494, 495], "excluded_lines": []}, "PrestamoEquipoAdmin.get_queryset": {"executed_lines": [], "summary": {"covered_lines": 0, "num_statements": 4, "percent_covered": 0.0, "percent_covered_display": "0.00", "missing_lines": 4, "excluded_lines": 0}, "missing_lines": [499, 500, 501, 503], "excluded_lines": []}, "PrestamoEquipoAdmin.formfield_for_foreignkey": {"executed_lines": [], "summary": {"covered_lines": 0, "num_statements": 8, "percent_covered": 0.0, "percent_covered_display": "0.00", "missing_lines": 8, "excluded_lines": 0}, "missing_lines": [506, 507, 508, 510, 511, 513, 514, 515], "excluded_lines": []}, "PrestamoEquipoAdmin.save_model": {"executed_lines": [], "summary": {"covered_lines": 0, "num_statements": 5, "percent_covered": 0.0, "percent_covered_display": "0.00", "missing_lines": 5, "excluded_lines": 0}, "missing_lines": [518, 519, 520, 521, 522], "excluded_lines": []}, "": {"executed_lines": [3, 4, 5, 6, 12, 15, 16, 17, 18, 19, 20, 21, 22, 25, 37, 54, 58, 59, 60, 61, 62, 63, 64, 75, 76, 77, 82, 86, 90, 91, 92, 114, 118, 119, 120, 121, 122, 123, 124, 125, 126, 136, 137, 138, 139, 140, 141, 142, 143, 144, 154, 155, 156, 157, 158, 159, 160, 161, 162, 172, 173, 174, 175, 176, 177, 178, 179, 183, 184, 185, 186, 187, 190, 191, 192, 193, 194, 195, 196, 199, 200, 201, 202, 203, 204, 205, 206, 215, 222, 227, 237, 238, 239, 240, 241, 242, 243, 245, 262, 267, 269, 272, 274, 280, 282, 289, 293, 297, 301, 304, 306, 307, 308, 309, 310, 311, 312, 313, 317, 318, 319, 320, 321, 322, 323, 325, 338, 350, 351, 352, 353, 354, 355, 356, 357, 359, 372, 375, 377, 381, 390, 391, 392, 393, 394, 395, 396, 397, 399, 408, 411, 413, 420, 425, 431, 432, 433, 434, 439, 440, 444, 445, 446, 448, 484, 487, 488, 490, 496, 498, 505, 517], "summary": {"covered_lines": 170, "num_statements": 170, "percent_covered": 100.0, "percent_covered_display": "100.00", "missing_lines": 0, "excluded_lines": 0}, "missing_lines": [], "excluded_lines": []}}, "classes": {"CustomUserAdmin": {"executed_lines": [], "summary": {"covered_lines": 0, "num_statements": 0, "percent_covered": 100.0, "percent_covered_display": "100.00", "missing_lines": 0, "excluded_lines": 0}, "missing_lines": [], "excluded_lines": []}, "EmpresaAdmin": {"executed_lines": [], "summary": {"covered_lines": 0, "num_statements": 0, "percent_covered": 100.0, "percent_covered_display": "100.00", "missing_lines": 0, "excluded_lines": 0}, "missing_lines": [], "excluded_lines": []}, "EquipoAdmin": {"executed_lines": [], "summary": {"covered_lines": 0, "num_statements": 0, "percent_covered": 100.0, "percent_covered_display": "100.00", "missing_lines": 0, "excluded_lines": 0}, "missing_lines": [], "excluded_lines": []}, "CalibracionAdmin": {"executed_lines": [], "summary": {"covered_lines": 0, "num_statements": 0, "percent_covered": 100.0, "percent_covered_display": "100.00", "missing_lines": 0, "excluded_lines": 0}, "missing_lines": [], "excluded_lines": []}, "MantenimientoAdmin": {"executed_lines": [], "summary": {"covered_lines": 0, "num_statements": 0, "percent_covered": 100.0, "percent_covered_display": "100.00", "missing_lines": 0, "excluded_lines": 0}, "missing_lines": [], "excluded_lines": []}, "ComprobacionAdmin": {"executed_lines": [], "summary": {"covered_lines": 0, "num_statements": 0, "percent_covered": 100.0, "percent_covered_display": "100.00", "missing_lines": 0, "excluded_lines": 0}, "missing_lines": [], "excluded_lines": []}, "BajaEquipoAdmin": {"executed_lines": [], "summary": {"covered_lines": 0, "num_statements": 0, "percent_covered": 100.0, "percent_covered_display": "100.00", "missing_lines": 0, "excluded_lines": 0}, "missing_lines": [], "excluded_lines": []}, "UbicacionAdmin": {"executed_lines": [], "summary": {"covered_lines": 0, "num_statements": 0, "percent_covered": 100.0, "percent_covered_display": "100.00", "missing_lines": 0, "excluded_lines": 0}, "missing_lines": [], "excluded_lines": []}, "ProcedimientoAdmin": {"executed_lines": [], "summary": {"covered_lines": 0, "num_statements": 0, "percent_covered": 100.0, "percent_covered_display": "100.00", "missing_lines": 0, "excluded_lines": 0}, "missing_lines": [], "excluded_lines": []}, "ProveedorAdmin": {"executed_lines": [], "summary": {"covered_lines": 0, "num_statements": 10, "percent_covered": 0.0, "percent_covered_display": "0.00", "missing_lines": 10, "excluded_lines": 0}, "missing_lines": [216, 217, 218, 220, 223, 224, 225, 228, 229, 230], "excluded_lines": []}, "ZipRequestAdmin": {"executed_lines": [], "summary": {"covered_lines": 0, "num_statements": 15, "percent_covered": 0.0, "percent_covered_display": "0.00", "missing_lines": 15, "excluded_lines": 0}, "missing_lines": [264, 265, 266, 271, 276, 277, 278, 279, 284, 285, 286, 287, 291, 295, 299], "excluded_lines": []}, "NotificacionVencimientoAdmin": {"executed_lines": [], "summary": {"covered_lines": 0, "num_statements": 0, "percent_covered": 100.0, "percent_covered_display": "100.00", "missing_lines": 0, "excluded_lines": 0}, "missing_lines": [], "excluded_lines": []}, "TerminosYCondicionesAdmin": {"executed_lines": [], "summary": {"covered_lines": 0, "num_statements": 3, "percent_covered": 0.0, "percent_covered_display": "0.00", "missing_lines": 3, "excluded_lines": 0}, "missing_lines": [343, 345, 346], "excluded_lines": []}, "AceptacionTerminosAdmin": {"executed_lines": [], "summary": {"covered_lines": 0, "num_statements": 3, "percent_covered": 0.0, "percent_covered_display": "0.00", "missing_lines": 3, "excluded_lines": 0}, "missing_lines": [374, 379, 383], "excluded_lines": []}, "AgrupacionPrestamoAdmin": {"executed_lines": [], "summary": {"covered_lines": 0, "num_statements": 11, "percent_covered": 0.0, "percent_covered_display": "0.00", "missing_lines": 11, "excluded_lines": 0}, "missing_lines": [410, 414, 415, 416, 418, 421, 422, 423, 426, 427, 428], "excluded_lines": []}, "PrestamoEquipoAdmin": {"executed_lines": [], "summary": {"covered_lines": 0, "num_statements": 22, "percent_covered": 0.0, "percent_covered_display": "0.00", "missing_lines": 22, "excluded_lines": 0}, "missing_lines": [486, 492, 493, 494, 495, 499, 500, 501, 503, 506, 507, 508, 510, 511, 513, 514, 515, 518, 519, 520, 521, 522], "excluded_lines": []}, "": {"executed_lines": [3, 4, 5, 6, 12, 15, 16, 17, 18, 19, 20, 21, 22, 25, 37, 54, 58, 59, 60, 61, 62, 63, 64, 75, 76, 77, 82, 86, 90, 91, 92, 114, 118, 119, 120, 121, 122, 123, 124, 125, 126, 136, 137, 138, 139, 140, 141, 142, 143, 144, 154, 155, 156, 157, 158, 159, 160, 161, 162, 172, 173, 174, 175, 176, 177, 178, 179, 183, 184, 185, 186, 187, 190, 191, 192, 193, 194, 195, 196, 199, 200, 201, 202, 203, 204, 205, 206, 215, 222, 227, 237, 238, 239, 240, 241, 242, 243, 245, 262, 267, 269, 272, 274, 280, 282, 289, 293, 297, 301, 304, 306, 307, 308, 309, 310, 311, 312, 313, 317, 318, 319, 320, 321, 322, 323, 325, 338, 350, 351, 352, 353, 354, 355, 356, 357, 359, 372, 375, 377, 381, 390, 391, 392, 393, 394, 395, 396, 397, 399, 408, 411, 413, 420, 425, 431, 432, 433, 434, 439, 440, 444, 445, 446, 448, 484, 487, 488, 490, 496, 498, 505, 517], "summary": {"covered_lines": 170, "num_statements": 170, "percent_covered": 100.0, "percent_covered_display": "100.00", "missing_lines": 0, "excluded_lines": 0}, "missing_lines": [], "excluded_lines": []}}}, "core\\apps.py": {"executed_lines": [1, 2, 4, 6, 7, 8, 10, 29, 30, 31, 32], "summary": {"covered_lines": 11, "num_statements": 11, "percent_covered": 100.0, "percent_covered_display": "100.00", "missing_lines": 0, "excluded_lines": 0}, "missing_lines": [], "excluded_lines": [], "functions": {"CoreConfig.ready": {"executed_lines": [29, 30, 31, 32], "summary": {"covered_lines": 4, "num_statements": 4, "percent_covered": 100.0, "percent_covered_display": "100.00", "missing_lines": 0, "excluded_lines": 0}, "missing_lines": [], "excluded_lines": []}, "": {"executed_lines": [1, 2, 4, 6, 7, 8, 10], "summary": {"covered_lines": 7, "num_statements": 7, "percent_covered": 100.0, "percent_covered_display": "100.00", "missing_lines": 0, "excluded_lines": 0}, "missing_lines": [], "excluded_lines": []}}, "classes": {"CoreConfig": {"executed_lines": [29, 30, 31, 32], "summary": {"covered_lines": 4, "num_statements": 4, "percent_covered": 100.0, "percent_covered_display": "100.00", "missing_lines": 0, "excluded_lines": 0}, "missing_lines": [], "excluded_lines": []}, "": {"executed_lines": [1, 2, 4, 6, 7, 8, 10], "summary": {"covered_lines": 7, "num_statements": 7, "percent_covered": 100.0, "percent_covered_display": "100.00", "missing_lines": 0, "excluded_lines": 0}, "missing_lines": [], "excluded_lines": []}}}, "core\\context_processors.py": {"executed_lines": [], "summary": {"covered_lines": 0, "num_statements": 9, "percent_covered": 0.0, "percent_covered_display": "0.00", "missing_lines": 9, "excluded_lines": 0}, "missing_lines": [3, 4, 5, 7, 11, 16, 20, 21, 25], "excluded_lines": [], "functions": {"company_data": {"executed_lines": [], "summary": {"covered_lines": 0, "num_statements": 1, "percent_covered": 0.0, "percent_covered_display": "0.00", "missing_lines": 1, "excluded_lines": 0}, "missing_lines": [11], "excluded_lines": []}, "unread_messages_count": {"executed_lines": [], "summary": {"covered_lines": 0, "num_statements": 3, "percent_covered": 0.0, "percent_covered_display": "0.00", "missing_lines": 3, "excluded_lines": 0}, "missing_lines": [20, 21, 25], "excluded_lines": []}, "": {"executed_lines": [], "summary": {"covered_lines": 0, "num_statements": 5, "percent_covered": 0.0, "percent_covered_display": "0.00", "missing_lines": 5, "excluded_lines": 0}, "missing_lines": [3, 4, 5, 7, 16], "excluded_lines": []}}, "classes": {"": {"executed_lines": [], "summary": {"covered_lines": 0, "num_statements": 9, "percent_covered": 0.0, "percent_covered_display": "0.00", "missing_lines": 9, "excluded_lines": 0}, "missing_lines": [3, 4, 5, 7, 11, 16, 20, 21, 25], "excluded_lines": []}}}, "core\\decorators_pdf.py": {"executed_lines": [1, 6, 7, 8, 9, 11, 14, 27, 28, 29, 31, 34, 35, 64, 67], "summary": {"covered_lines": 14, "num_statements": 37, "percent_covered": 37.83783783783784, "percent_covered_display": "37.84", "missing_lines": 23, "excluded_lines": 2}, "missing_lines": [38, 40, 42, 45, 51, 59, 60, 62, 80, 81, 82, 83, 84, 90, 91, 92, 93, 94, 96, 97, 104, 106, 107], "excluded_lines": [15, 68], "functions": {"safe_pdf_response": {"executed_lines": [27, 28, 64], "summary": {"covered_lines": 3, "num_statements": 3, "percent_covered": 100.0, "percent_covered_display": "100.00", "missing_lines": 0, "excluded_lines": 1}, "missing_lines": [], "excluded_lines": [15]}, "safe_pdf_response.wrapper": {"executed_lines": [29, 31, 34, 35], "summary": {"covered_lines": 4, "num_statements": 12, "percent_covered": 33.333333333333336, "percent_covered_display": "33.33", "missing_lines": 8, "excluded_lines": 0}, "missing_lines": [38, 40, 42, 45, 51, 59, 60, 62], "excluded_lines": []}, "validate_pdf_data": {"executed_lines": [], "summary": {"covered_lines": 0, "num_statements": 3, "percent_covered": 0.0, "percent_covered_display": "0.00", "missing_lines": 3, "excluded_lines": 1}, "missing_lines": [80, 81, 107], "excluded_lines": [68]}, "validate_pdf_data.decorator": {"executed_lines": [], "summary": {"covered_lines": 0, "num_statements": 2, "percent_covered": 0.0, "percent_covered_display": "0.00", "missing_lines": 2, "excluded_lines": 0}, "missing_lines": [82, 106], "excluded_lines": []}, "validate_pdf_data.decorator.wrapper": {"executed_lines": [], "summary": {"covered_lines": 0, "num_statements": 10, "percent_covered": 0.0, "percent_covered_display": "0.00", "missing_lines": 10, "excluded_lines": 0}, "missing_lines": [83, 84, 90, 91, 92, 93, 94, 96, 97, 104], "excluded_lines": []}, "": {"executed_lines": [1, 6, 7, 8, 9, 11, 14, 67], "summary": {"covered_lines": 7, "num_statements": 7, "percent_covered": 100.0, "percent_covered_display": "100.00", "missing_lines": 0, "excluded_lines": 0}, "missing_lines": [], "excluded_lines": []}}, "classes": {"": {"executed_lines": [1, 6, 7, 8, 9, 11, 14, 27, 28, 29, 31, 34, 35, 64, 67], "summary": {"covered_lines": 14, "num_statements": 37, "percent_covered": 37.83783783783784, "percent_covered_display": "37.84", "missing_lines": 23, "excluded_lines": 2}, "missing_lines": [38, 40, 42, 45, 51, 59, 60, 62, 80, 81, 82, 83, 84, 90, 91, 92, 93, 94, 96, 97, 104, 106, 107], "excluded_lines": [15, 68]}}}, "core\\file_validators.py": {"executed_lines": [4, 5, 6, 7, 8, 9, 10, 12, 15, 16, 21, 28, 49, 56, 63, 75, 84, 85, 86, 87, 89, 93, 95, 98, 101, 104, 107, 110, 112, 114, 116, 117, 122, 126, 127, 128, 129, 133, 137, 138, 140, 143, 144, 147, 148, 149, 151, 155, 157, 158, 159, 162, 163, 164, 169, 179, 183, 184, 186, 187, 190, 191, 192, 193, 198, 199, 200, 202, 203, 207, 211, 212, 213, 214, 218, 222, 223, 225, 226, 242, 244, 246, 247, 249, 253, 254, 255, 256, 259, 260, 278, 301, 305, 306, 307, 309, 310, 312, 313, 321, 323, 324, 327, 329, 330, 333, 335, 336, 340, 352, 354, 355, 360, 362, 366, 367, 371, 372, 376, 377, 379, 381, 384, 385, 386, 389, 390, 391, 394, 395, 396, 397, 400, 423, 424, 425, 433, 434, 438, 442, 443, 444, 447, 448, 450, 451, 452, 453], "summary": {"covered_lines": 146, "num_statements": 205, "percent_covered": 71.21951219512195, "percent_covered_display": "71.22", "missing_lines": 59, "excluded_lines": 0}, "missing_lines": [118, 119, 120, 165, 167, 170, 175, 176, 204, 205, 215, 216, 229, 230, 231, 237, 238, 240, 243, 245, 261, 263, 265, 270, 271, 273, 274, 275, 276, 282, 283, 284, 285, 288, 289, 290, 292, 293, 294, 296, 297, 298, 299, 315, 316, 317, 401, 402, 403, 406, 407, 408, 409, 410, 411, 413, 415, 439, 455], "excluded_lines": [], "functions": {"SecureFileValidator.__init__": {"executed_lines": [84, 85, 86, 87], "summary": {"covered_lines": 4, "num_statements": 4, "percent_covered": 100.0, "percent_covered_display": "100.00", "missing_lines": 0, "excluded_lines": 0}, "missing_lines": [], "excluded_lines": []}, "SecureFileValidator.validate": {"executed_lines": [93, 95, 98, 101, 104, 107, 110, 112, 114, 116, 117], "summary": {"covered_lines": 11, "num_statements": 14, "percent_covered": 78.57142857142857, "percent_covered_display": "78.57", "missing_lines": 3, "excluded_lines": 0}, "missing_lines": [118, 119, 120], "excluded_lines": []}, "SecureFileValidator._validate_file_size": {"executed_lines": [126, 127, 128, 129], "summary": {"covered_lines": 4, "num_statements": 4, "percent_covered": 100.0, "percent_covered_display": "100.00", "missing_lines": 0, "excluded_lines": 0}, "missing_lines": [], "excluded_lines": []}, "SecureFileValidator._validate_extension": {"executed_lines": [137, 138, 140, 143, 144, 147, 148, 149], "summary": {"covered_lines": 8, "num_statements": 8, "percent_covered": 100.0, "percent_covered_display": "100.00", "missing_lines": 0, "excluded_lines": 0}, "missing_lines": [], "excluded_lines": []}, "SecureFileValidator._validate_mime_type": {"executed_lines": [155, 157, 158, 159, 162, 163, 164, 169], "summary": {"covered_lines": 8, "num_statements": 13, "percent_covered": 61.53846153846154, "percent_covered_display": "61.54", "missing_lines": 5, "excluded_lines": 0}, "missing_lines": [165, 167, 170, 175, 176], "excluded_lines": []}, "SecureFileValidator._validate_content_security": {"executed_lines": [183, 184, 186, 187, 190, 191, 192, 193, 198, 199, 200, 202, 203], "summary": {"covered_lines": 13, "num_statements": 15, "percent_covered": 86.66666666666667, "percent_covered_display": "86.67", "missing_lines": 2, "excluded_lines": 0}, "missing_lines": [204, 205], "excluded_lines": []}, "SecureFileValidator._validate_by_file_type": {"executed_lines": [211, 212, 213, 214], "summary": {"covered_lines": 4, "num_statements": 6, "percent_covered": 66.66666666666667, "percent_covered_display": "66.67", "missing_lines": 2, "excluded_lines": 0}, "missing_lines": [215, 216], "excluded_lines": []}, "SecureFileValidator._validate_image_file": {"executed_lines": [222, 223, 225, 226, 242, 244, 246, 247], "summary": {"covered_lines": 8, "num_statements": 16, "percent_covered": 50.0, "percent_covered_display": "50.00", "missing_lines": 8, "excluded_lines": 0}, "missing_lines": [229, 230, 231, 237, 238, 240, 243, 245], "excluded_lines": []}, "SecureFileValidator._validate_document_file": {"executed_lines": [253, 254, 255, 256, 259, 260], "summary": {"covered_lines": 6, "num_statements": 15, "percent_covered": 40.0, "percent_covered_display": "40.00", "missing_lines": 9, "excluded_lines": 0}, "missing_lines": [261, 263, 265, 270, 271, 273, 274, 275, 276], "excluded_lines": []}, "SecureFileValidator._validate_archive_file": {"executed_lines": [], "summary": {"covered_lines": 0, "num_statements": 14, "percent_covered": 0.0, "percent_covered_display": "0.00", "missing_lines": 14, "excluded_lines": 0}, "missing_lines": [282, 283, 284, 285, 288, 289, 290, 292, 293, 294, 296, 297, 298, 299], "excluded_lines": []}, "SecureFileValidator._generate_file_hash": {"executed_lines": [305, 306, 307, 309, 310, 312, 313], "summary": {"covered_lines": 7, "num_statements": 10, "percent_covered": 70.0, "percent_covered_display": "70.00", "missing_lines": 3, "excluded_lines": 0}, "missing_lines": [315, 316, 317], "excluded_lines": []}, "validate_image_file": {"executed_lines": [323, 324], "summary": {"covered_lines": 2, "num_statements": 2, "percent_covered": 100.0, "percent_covered_display": "100.00", "missing_lines": 0, "excluded_lines": 0}, "missing_lines": [], "excluded_lines": []}, "validate_document_file": {"executed_lines": [329, 330], "summary": {"covered_lines": 2, "num_statements": 2, "percent_covered": 100.0, "percent_covered_display": "100.00", "missing_lines": 0, "excluded_lines": 0}, "missing_lines": [], "excluded_lines": []}, "validate_archive_file": {"executed_lines": [335, 336], "summary": {"covered_lines": 2, "num_statements": 2, "percent_covered": 100.0, "percent_covered_display": "100.00", "missing_lines": 0, "excluded_lines": 0}, "missing_lines": [], "excluded_lines": []}, "create_custom_validator": {"executed_lines": [352, 354, 362], "summary": {"covered_lines": 3, "num_statements": 3, "percent_covered": 100.0, "percent_covered_display": "100.00", "missing_lines": 0, "excluded_lines": 0}, "missing_lines": [], "excluded_lines": []}, "create_custom_validator.validator": {"executed_lines": [355, 360], "summary": {"covered_lines": 2, "num_statements": 2, "percent_covered": 100.0, "percent_covered_display": "100.00", "missing_lines": 0, "excluded_lines": 0}, "missing_lines": [], "excluded_lines": []}, "FileSecurityAnalyzer.analyze_file_risk": {"executed_lines": [376, 377, 379, 381, 384, 385, 386, 389, 390, 391, 394, 395, 396, 397, 400, 423, 424, 425], "summary": {"covered_lines": 18, "num_statements": 29, "percent_covered": 62.06896551724138, "percent_covered_display": "62.07", "missing_lines": 11, "excluded_lines": 0}, "missing_lines": [401, 402, 403, 406, 407, 408, 409, 410, 411, 413, 415], "excluded_lines": []}, "FileSecurityAnalyzer._calculate_entropy": {"executed_lines": [438, 442, 443, 444, 447, 448, 450, 451, 452, 453], "summary": {"covered_lines": 10, "num_statements": 12, "percent_covered": 83.33333333333333, "percent_covered_display": "83.33", "missing_lines": 2, "excluded_lines": 0}, "missing_lines": [439, 455], "excluded_lines": []}, "": {"executed_lines": [4, 5, 6, 7, 8, 9, 10, 12, 15, 16, 21, 28, 49, 56, 63, 75, 89, 122, 133, 151, 179, 207, 218, 249, 278, 301, 321, 327, 333, 340, 366, 367, 371, 372, 433, 434], "summary": {"covered_lines": 34, "num_statements": 34, "percent_covered": 100.0, "percent_covered_display": "100.00", "missing_lines": 0, "excluded_lines": 0}, "missing_lines": [], "excluded_lines": []}}, "classes": {"SecureFileValidator": {"executed_lines": [84, 85, 86, 87, 93, 95, 98, 101, 104, 107, 110, 112, 114, 116, 117, 126, 127, 128, 129, 137, 138, 140, 143, 144, 147, 148, 149, 155, 157, 158, 159, 162, 163, 164, 169, 183, 184, 186, 187, 190, 191, 192, 193, 198, 199, 200, 202, 203, 211, 212, 213, 214, 222, 223, 225, 226, 242, 244, 246, 247, 253, 254, 255, 256, 259, 260, 305, 306, 307, 309, 310, 312, 313], "summary": {"covered_lines": 73, "num_statements": 119, "percent_covered": 61.34453781512605, "percent_covered_display": "61.34", "missing_lines": 46, "excluded_lines": 0}, "missing_lines": [118, 119, 120, 165, 167, 170, 175, 176, 204, 205, 215, 216, 229, 230, 231, 237, 238, 240, 243, 245, 261, 263, 265, 270, 271, 273, 274, 275, 276, 282, 283, 284, 285, 288, 289, 290, 292, 293, 294, 296, 297, 298, 299, 315, 316, 317], "excluded_lines": []}, "FileSecurityAnalyzer": {"executed_lines": [376, 377, 379, 381, 384, 385, 386, 389, 390, 391, 394, 395, 396, 397, 400, 423, 424, 425, 438, 442, 443, 444, 447, 448, 450, 451, 452, 453], "summary": {"covered_lines": 28, "num_statements": 41, "percent_covered": 68.29268292682927, "percent_covered_display": "68.29", "missing_lines": 13, "excluded_lines": 0}, "missing_lines": [401, 402, 403, 406, 407, 408, 409, 410, 411, 413, 415, 439, 455], "excluded_lines": []}, "": {"executed_lines": [4, 5, 6, 7, 8, 9, 10, 12, 15, 16, 21, 28, 49, 56, 63, 75, 89, 122, 133, 151, 179, 207, 218, 249, 278, 301, 321, 323, 324, 327, 329, 330, 333, 335, 336, 340, 352, 354, 355, 360, 362, 366, 367, 371, 372, 433, 434], "summary": {"covered_lines": 45, "num_statements": 45, "percent_covered": 100.0, "percent_covered_display": "100.00", "missing_lines": 0, "excluded_lines": 0}, "missing_lines": [], "excluded_lines": []}}}, "core\\forms.py": {"executed_lines": [3, 4, 5, 10, 12, 13, 14, 15, 16, 17, 19, 22, 23, 24, 25, 29, 34, 35, 36, 38, 40, 42, 44, 45, 50, 56, 57, 58, 62, 75, 76, 77, 80, 82, 91, 94, 95, 96, 98, 100, 101, 102, 104, 108, 111, 112, 113, 114, 116, 130, 131, 132, 135, 137, 146, 147, 148, 150, 151, 152, 153, 155, 158, 159, 160, 161, 162, 170, 171, 172, 173, 174, 175, 176, 178, 179, 181, 186, 197, 198, 205, 206, 207, 214, 233, 234, 235, 238, 240, 246, 260, 261, 262, 263, 264, 265, 266, 268, 270, 271, 272, 274, 275, 278, 279, 280, 281, 283, 285, 286, 287, 289, 291, 298, 299, 305, 311, 317, 323, 330, 331, 332, 333, 360, 361, 362, 365, 366, 371, 373, 374, 375, 376, 378, 379, 387, 388, 389, 390, 391, 394, 396, 397, 402, 404, 405, 407, 410, 411, 413, 415, 416, 417, 419, 420, 421, 422, 424, 426, 427, 430, 437, 438, 442, 443, 444, 448, 449, 450, 451, 452, 453, 454, 459, 461, 484, 485, 491, 492, 493, 494, 505, 506, 507, 508, 509, 512, 513, 521, 522, 523, 525, 527, 528, 531, 532, 534, 537, 540, 541, 547, 548, 549, 550, 562, 563, 564, 565, 569, 570, 578, 579, 580, 582, 584, 585, 586, 588, 591, 592, 598, 599, 600, 601, 612, 613, 614, 615, 619, 620, 628, 629, 630, 632, 635, 636, 642, 643, 644, 645, 651, 652, 653, 654, 655, 659, 665, 666, 667, 668, 669, 673, 674, 675, 676, 677, 683, 709, 722, 737, 738, 745, 746, 747, 748, 757, 786, 799, 808, 809, 810, 811, 812, 824, 850, 863, 871, 881, 882, 888, 901, 902, 903, 904, 905, 911, 937, 953, 954, 955, 956, 957, 962, 967, 978, 979, 985, 998, 1009, 1020, 1027, 1034, 1041, 1042, 1043, 1049, 1051, 1062, 1074, 1075, 1076, 1079, 1081, 1083, 1091, 1092, 1095, 1099, 1100, 1101, 1102, 1105, 1106, 1110, 1112, 1113, 1115, 1116, 1119, 1125, 1126, 1132, 1138, 1140, 1141, 1143, 1148, 1150, 1154, 1157, 1158, 1165, 1175, 1176, 1182, 1188, 1198, 1204, 1216, 1222, 1228, 1234, 1246, 1252, 1258, 1264, 1276, 1282, 1288, 1294, 1305, 1325, 1341, 1342, 1347, 1357, 1368, 1377, 1387, 1397, 1404, 1410, 1416, 1427, 1428, 1430, 1439, 1441], "summary": {"covered_lines": 375, "num_statements": 629, "percent_covered": 59.61844197138315, "percent_covered_display": "59.62", "missing_lines": 254, "excluded_lines": 0}, "missing_lines": [83, 84, 85, 86, 87, 88, 89, 90, 92, 97, 105, 138, 139, 140, 141, 142, 143, 144, 154, 182, 183, 184, 187, 188, 189, 190, 191, 192, 193, 194, 241, 242, 244, 248, 254, 255, 256, 257, 258, 267, 276, 282, 288, 292, 293, 294, 295, 368, 369, 370, 382, 383, 384, 392, 399, 408, 423, 432, 433, 434, 439, 445, 455, 463, 464, 465, 466, 467, 468, 469, 470, 472, 475, 476, 477, 478, 480, 519, 524, 535, 566, 576, 581, 587, 616, 626, 631, 657, 660, 661, 662, 663, 684, 685, 688, 689, 691, 692, 693, 694, 696, 697, 698, 699, 701, 702, 705, 706, 707, 710, 711, 713, 715, 716, 717, 718, 719, 720, 724, 725, 727, 730, 731, 732, 733, 734, 758, 759, 762, 763, 765, 766, 767, 768, 770, 771, 772, 773, 775, 776, 779, 780, 781, 783, 784, 787, 788, 790, 792, 793, 794, 795, 796, 797, 800, 801, 802, 803, 804, 805, 825, 826, 829, 830, 832, 833, 834, 835, 837, 838, 839, 840, 842, 843, 846, 847, 848, 851, 852, 854, 856, 857, 858, 859, 860, 861, 864, 865, 867, 868, 869, 872, 873, 874, 875, 876, 877, 889, 890, 891, 892, 895, 896, 898, 912, 913, 916, 917, 919, 920, 921, 922, 924, 925, 926, 927, 929, 930, 933, 934, 935, 939, 940, 942, 945, 946, 947, 948, 949, 968, 969, 970, 971, 1133, 1144, 1159, 1310, 1311, 1313, 1314, 1315, 1316, 1323, 1330, 1331, 1432, 1433, 1436, 1437, 1446, 1449, 1450, 1451, 1458], "excluded_lines": [], "functions": {"AuthenticationForm.__init__": {"executed_lines": [24, 25, 29], "summary": {"covered_lines": 3, "num_statements": 3, "percent_covered": 100.0, "percent_covered_display": "100.00", "missing_lines": 0, "excluded_lines": 0}, "missing_lines": [], "excluded_lines": []}, "AuthenticationForm.clean": {"executed_lines": [35, 36, 38, 40, 42], "summary": {"covered_lines": 5, "num_statements": 5, "percent_covered": 100.0, "percent_covered_display": "100.00", "missing_lines": 0, "excluded_lines": 0}, "missing_lines": [], "excluded_lines": []}, "CustomUserCreationForm.__init__": {"executed_lines": [76, 77, 80, 82, 91], "summary": {"covered_lines": 5, "num_statements": 14, "percent_covered": 35.714285714285715, "percent_covered_display": "35.71", "missing_lines": 9, "excluded_lines": 0}, "missing_lines": [83, 84, 85, 86, 87, 88, 89, 90, 92], "excluded_lines": []}, "CustomUserCreationForm.clean_email": {"executed_lines": [95, 96, 98], "summary": {"covered_lines": 3, "num_statements": 4, "percent_covered": 75.0, "percent_covered_display": "75.00", "missing_lines": 1, "excluded_lines": 0}, "missing_lines": [97], "excluded_lines": []}, "CustomUserCreationForm.clean_username": {"executed_lines": [101, 102, 104, 108], "summary": {"covered_lines": 4, "num_statements": 5, "percent_covered": 80.0, "percent_covered_display": "80.00", "missing_lines": 1, "excluded_lines": 0}, "missing_lines": [105], "excluded_lines": []}, "CustomUserChangeForm.__init__": {"executed_lines": [131, 132, 135, 137], "summary": {"covered_lines": 4, "num_statements": 11, "percent_covered": 36.36363636363637, "percent_covered_display": "36.36", "missing_lines": 7, "excluded_lines": 0}, "missing_lines": [138, 139, 140, 141, 142, 143, 144], "excluded_lines": []}, "CustomUserChangeForm.clean_email": {"executed_lines": [147, 148, 150, 151, 152, 153, 155], "summary": {"covered_lines": 7, "num_statements": 8, "percent_covered": 87.5, "percent_covered_display": "87.50", "missing_lines": 1, "excluded_lines": 0}, "missing_lines": [154], "excluded_lines": []}, "UserProfileForm.__init__": {"executed_lines": [171, 172, 173, 174, 175, 176, 178, 179], "summary": {"covered_lines": 8, "num_statements": 8, "percent_covered": 100.0, "percent_covered_display": "100.00", "missing_lines": 0, "excluded_lines": 0}, "missing_lines": [], "excluded_lines": []}, "UserProfileForm.clean_empresa": {"executed_lines": [], "summary": {"covered_lines": 0, "num_statements": 3, "percent_covered": 0.0, "percent_covered_display": "0.00", "missing_lines": 3, "excluded_lines": 0}, "missing_lines": [182, 183, 184], "excluded_lines": []}, "UserProfileForm.clean_email": {"executed_lines": [], "summary": {"covered_lines": 0, "num_statements": 8, "percent_covered": 0.0, "percent_covered_display": "0.00", "missing_lines": 8, "excluded_lines": 0}, "missing_lines": [187, 188, 189, 190, 191, 192, 193, 194], "excluded_lines": []}, "EmpresaForm.__init__": {"executed_lines": [234, 235, 238, 240, 246], "summary": {"covered_lines": 5, "num_statements": 14, "percent_covered": 35.714285714285715, "percent_covered_display": "35.71", "missing_lines": 9, "excluded_lines": 0}, "missing_lines": [241, 242, 244, 248, 254, 255, 256, 257, 258], "excluded_lines": []}, "EmpresaForm.clean_email": {"executed_lines": [261, 262, 263, 264, 265, 266, 268], "summary": {"covered_lines": 7, "num_statements": 8, "percent_covered": 87.5, "percent_covered_display": "87.50", "missing_lines": 1, "excluded_lines": 0}, "missing_lines": [267], "excluded_lines": []}, "EmpresaForm.clean_nit": {"executed_lines": [271, 272, 274, 275, 278, 279, 280, 281, 283], "summary": {"covered_lines": 9, "num_statements": 11, "percent_covered": 81.81818181818181, "percent_covered_display": "81.82", "missing_lines": 2, "excluded_lines": 0}, "missing_lines": [276, 282], "excluded_lines": []}, "EmpresaForm.clean_limite_equipos_empresa": {"executed_lines": [286, 287, 289], "summary": {"covered_lines": 3, "num_statements": 4, "percent_covered": 75.0, "percent_covered_display": "75.00", "missing_lines": 1, "excluded_lines": 0}, "missing_lines": [288], "excluded_lines": []}, "EmpresaForm.clean_limite_almacenamiento_mb": {"executed_lines": [], "summary": {"covered_lines": 0, "num_statements": 4, "percent_covered": 0.0, "percent_covered_display": "0.00", "missing_lines": 4, "excluded_lines": 0}, "missing_lines": [292, 293, 294, 295], "excluded_lines": []}, "EquipoForm.__init__": {"executed_lines": [361, 362, 365, 366, 371, 373, 374, 375, 376, 378, 379, 387, 388, 389, 390, 391], "summary": {"covered_lines": 16, "num_statements": 23, "percent_covered": 69.56521739130434, "percent_covered_display": "69.57", "missing_lines": 7, "excluded_lines": 0}, "missing_lines": [368, 369, 370, 382, 383, 384, 392], "excluded_lines": []}, "EquipoForm.clean_empresa": {"executed_lines": [396, 397, 402, 404, 405, 407], "summary": {"covered_lines": 6, "num_statements": 8, "percent_covered": 75.0, "percent_covered_display": "75.00", "missing_lines": 2, "excluded_lines": 0}, "missing_lines": [399, 408], "excluded_lines": []}, "EquipoForm.clean_codigo_interno": {"executed_lines": [411, 413], "summary": {"covered_lines": 2, "num_statements": 2, "percent_covered": 100.0, "percent_covered_display": "100.00", "missing_lines": 0, "excluded_lines": 0}, "missing_lines": [], "excluded_lines": []}, "EquipoForm.clean_numero_serie": {"executed_lines": [416, 417, 419, 420, 421, 422, 424], "summary": {"covered_lines": 7, "num_statements": 8, "percent_covered": 87.5, "percent_covered_display": "87.50", "missing_lines": 1, "excluded_lines": 0}, "missing_lines": [423], "excluded_lines": []}, "EquipoForm.clean": {"executed_lines": [427, 430, 437, 438, 442, 443, 444, 448, 449, 450, 451, 452, 453, 454, 459], "summary": {"covered_lines": 15, "num_statements": 21, "percent_covered": 71.42857142857143, "percent_covered_display": "71.43", "missing_lines": 6, "excluded_lines": 0}, "missing_lines": [432, 433, 434, 439, 445, 455], "excluded_lines": []}, "EquipoForm.save": {"executed_lines": [], "summary": {"covered_lines": 0, "num_statements": 14, "percent_covered": 0.0, "percent_covered_display": "0.00", "missing_lines": 14, "excluded_lines": 0}, "missing_lines": [463, 464, 465, 466, 467, 468, 469, 470, 472, 475, 476, 477, 478, 480], "excluded_lines": []}, "CalibracionForm.__init__": {"executed_lines": [506, 507, 508, 509, 512, 513], "summary": {"covered_lines": 6, "num_statements": 7, "percent_covered": 85.71428571428571, "percent_covered_display": "85.71", "missing_lines": 1, "excluded_lines": 0}, "missing_lines": [519], "excluded_lines": []}, "CalibracionForm.clean_fecha_calibracion": {"executed_lines": [522, 523, 525], "summary": {"covered_lines": 3, "num_statements": 4, "percent_covered": 75.0, "percent_covered_display": "75.00", "missing_lines": 1, "excluded_lines": 0}, "missing_lines": [524], "excluded_lines": []}, "CalibracionForm.clean": {"executed_lines": [528, 531, 532, 534, 537], "summary": {"covered_lines": 5, "num_statements": 6, "percent_covered": 83.33333333333333, "percent_covered_display": "83.33", "missing_lines": 1, "excluded_lines": 0}, "missing_lines": [535], "excluded_lines": []}, "MantenimientoForm.__init__": {"executed_lines": [563, 564, 565, 569, 570], "summary": {"covered_lines": 5, "num_statements": 7, "percent_covered": 71.42857142857143, "percent_covered_display": "71.43", "missing_lines": 2, "excluded_lines": 0}, "missing_lines": [566, 576], "excluded_lines": []}, "MantenimientoForm.clean_fecha_mantenimiento": {"executed_lines": [579, 580, 582], "summary": {"covered_lines": 3, "num_statements": 4, "percent_covered": 75.0, "percent_covered_display": "75.00", "missing_lines": 1, "excluded_lines": 0}, "missing_lines": [581], "excluded_lines": []}, "MantenimientoForm.clean_costo": {"executed_lines": [585, 586, 588], "summary": {"covered_lines": 3, "num_statements": 4, "percent_covered": 75.0, "percent_covered_display": "75.00", "missing_lines": 1, "excluded_lines": 0}, "missing_lines": [587], "excluded_lines": []}, "ComprobacionForm.__init__": {"executed_lines": [613, 614, 615, 619, 620], "summary": {"covered_lines": 5, "num_statements": 7, "percent_covered": 71.42857142857143, "percent_covered_display": "71.43", "missing_lines": 2, "excluded_lines": 0}, "missing_lines": [616, 626], "excluded_lines": []}, "ComprobacionForm.clean_fecha_comprobacion": {"executed_lines": [629, 630, 632], "summary": {"covered_lines": 3, "num_statements": 4, "percent_covered": 75.0, "percent_covered_display": "75.00", "missing_lines": 1, "excluded_lines": 0}, "missing_lines": [631], "excluded_lines": []}, "BajaEquipoForm.__init__": {"executed_lines": [652, 653, 654, 655], "summary": {"covered_lines": 4, "num_statements": 5, "percent_covered": 80.0, "percent_covered_display": "80.00", "missing_lines": 1, "excluded_lines": 0}, "missing_lines": [657], "excluded_lines": []}, "BajaEquipoForm.clean_fecha_baja": {"executed_lines": [], "summary": {"covered_lines": 0, "num_statements": 4, "percent_covered": 0.0, "percent_covered_display": "0.00", "missing_lines": 4, "excluded_lines": 0}, "missing_lines": [660, 661, 662, 663], "excluded_lines": []}, "BajaEquipoForm.clean_razon_baja": {"executed_lines": [666, 667, 668, 669], "summary": {"covered_lines": 4, "num_statements": 4, "percent_covered": 100.0, "percent_covered_display": "100.00", "missing_lines": 0, "excluded_lines": 0}, "missing_lines": [], "excluded_lines": []}, "UbicacionForm.__init__": {"executed_lines": [], "summary": {"covered_lines": 0, "num_statements": 17, "percent_covered": 0.0, "percent_covered_display": "0.00", "missing_lines": 17, "excluded_lines": 0}, "missing_lines": [684, 685, 688, 689, 691, 692, 693, 694, 696, 697, 698, 699, 701, 702, 705, 706, 707], "excluded_lines": []}, "UbicacionForm.clean_nombre": {"executed_lines": [], "summary": {"covered_lines": 0, "num_statements": 9, "percent_covered": 0.0, "percent_covered_display": "0.00", "missing_lines": 9, "excluded_lines": 0}, "missing_lines": [710, 711, 713, 715, 716, 717, 718, 719, 720], "excluded_lines": []}, "UbicacionForm.clean_empresa": {"executed_lines": [], "summary": {"covered_lines": 0, "num_statements": 8, "percent_covered": 0.0, "percent_covered_display": "0.00", "missing_lines": 8, "excluded_lines": 0}, "missing_lines": [724, 725, 727, 730, 731, 732, 733, 734], "excluded_lines": []}, "ProcedimientoForm.__init__": {"executed_lines": [], "summary": {"covered_lines": 0, "num_statements": 19, "percent_covered": 0.0, "percent_covered_display": "0.00", "missing_lines": 19, "excluded_lines": 0}, "missing_lines": [758, 759, 762, 763, 765, 766, 767, 768, 770, 771, 772, 773, 775, 776, 779, 780, 781, 783, 784], "excluded_lines": []}, "ProcedimientoForm.clean_codigo": {"executed_lines": [], "summary": {"covered_lines": 0, "num_statements": 9, "percent_covered": 0.0, "percent_covered_display": "0.00", "missing_lines": 9, "excluded_lines": 0}, "missing_lines": [787, 788, 790, 792, 793, 794, 795, 796, 797], "excluded_lines": []}, "ProcedimientoForm.clean_empresa": {"executed_lines": [], "summary": {"covered_lines": 0, "num_statements": 6, "percent_covered": 0.0, "percent_covered_display": "0.00", "missing_lines": 6, "excluded_lines": 0}, "missing_lines": [800, 801, 802, 803, 804, 805], "excluded_lines": []}, "ProveedorForm.__init__": {"executed_lines": [], "summary": {"covered_lines": 0, "num_statements": 17, "percent_covered": 0.0, "percent_covered_display": "0.00", "missing_lines": 17, "excluded_lines": 0}, "missing_lines": [825, 826, 829, 830, 832, 833, 834, 835, 837, 838, 839, 840, 842, 843, 846, 847, 848], "excluded_lines": []}, "ProveedorForm.clean_nombre_empresa": {"executed_lines": [], "summary": {"covered_lines": 0, "num_statements": 9, "percent_covered": 0.0, "percent_covered_display": "0.00", "missing_lines": 9, "excluded_lines": 0}, "missing_lines": [851, 852, 854, 856, 857, 858, 859, 860, 861], "excluded_lines": []}, "ProveedorForm.clean_correo_electronico": {"executed_lines": [], "summary": {"covered_lines": 0, "num_statements": 5, "percent_covered": 0.0, "percent_covered_display": "0.00", "missing_lines": 5, "excluded_lines": 0}, "missing_lines": [864, 865, 867, 868, 869], "excluded_lines": []}, "ProveedorForm.clean_empresa": {"executed_lines": [], "summary": {"covered_lines": 0, "num_statements": 6, "percent_covered": 0.0, "percent_covered_display": "0.00", "missing_lines": 6, "excluded_lines": 0}, "missing_lines": [872, 873, 874, 875, 876, 877], "excluded_lines": []}, "ExcelUploadForm.clean_excel_file": {"executed_lines": [], "summary": {"covered_lines": 0, "num_statements": 7, "percent_covered": 0.0, "percent_covered_display": "0.00", "missing_lines": 7, "excluded_lines": 0}, "missing_lines": [889, 890, 891, 892, 895, 896, 898], "excluded_lines": []}, "DocumentoForm.__init__": {"executed_lines": [], "summary": {"covered_lines": 0, "num_statements": 17, "percent_covered": 0.0, "percent_covered_display": "0.00", "missing_lines": 17, "excluded_lines": 0}, "missing_lines": [912, 913, 916, 917, 919, 920, 921, 922, 924, 925, 926, 927, 929, 930, 933, 934, 935], "excluded_lines": []}, "DocumentoForm.clean_empresa": {"executed_lines": [], "summary": {"covered_lines": 0, "num_statements": 8, "percent_covered": 0.0, "percent_covered_display": "0.00", "missing_lines": 8, "excluded_lines": 0}, "missing_lines": [939, 940, 942, 945, 946, 947, 948, 949], "excluded_lines": []}, "EmpresaFormatoForm.clean_formato_fecha_version_empresa": {"executed_lines": [], "summary": {"covered_lines": 0, "num_statements": 4, "percent_covered": 0.0, "percent_covered_display": "0.00", "missing_lines": 4, "excluded_lines": 0}, "missing_lines": [968, 969, 970, 971], "excluded_lines": []}, "PrestamoEquipoForm.__init__": {"executed_lines": [1075, 1076, 1079, 1081, 1083, 1091, 1092, 1095], "summary": {"covered_lines": 8, "num_statements": 8, "percent_covered": 100.0, "percent_covered_display": "100.00", "missing_lines": 0, "excluded_lines": 0}, "missing_lines": [], "excluded_lines": []}, "PrestamoEquipoForm.clean": {"executed_lines": [1100, 1101, 1102, 1105, 1106, 1110], "summary": {"covered_lines": 6, "num_statements": 6, "percent_covered": 100.0, "percent_covered_display": "100.00", "missing_lines": 0, "excluded_lines": 0}, "missing_lines": [], "excluded_lines": []}, "PrestamoEquipoForm.clean_equipo": {"executed_lines": [1113, 1115, 1116, 1119, 1125, 1126, 1132, 1138], "summary": {"covered_lines": 8, "num_statements": 9, "percent_covered": 88.88888888888889, "percent_covered_display": "88.89", "missing_lines": 1, "excluded_lines": 0}, "missing_lines": [1133], "excluded_lines": []}, "PrestamoEquipoForm.clean_fecha_devolucion_programada": {"executed_lines": [1141, 1143, 1148], "summary": {"covered_lines": 3, "num_statements": 4, "percent_covered": 75.0, "percent_covered_display": "75.00", "missing_lines": 1, "excluded_lines": 0}, "missing_lines": [1144], "excluded_lines": []}, "PrestamoEquipoForm.get_verificacion_salida_data": {"executed_lines": [1154, 1157, 1158, 1165], "summary": {"covered_lines": 4, "num_statements": 5, "percent_covered": 80.0, "percent_covered_display": "80.00", "missing_lines": 1, "excluded_lines": 0}, "missing_lines": [1159], "excluded_lines": []}, "VerificacionFuncionalForm.get_puntos_medicion": {"executed_lines": [], "summary": {"covered_lines": 0, "num_statements": 7, "percent_covered": 0.0, "percent_covered_display": "0.00", "missing_lines": 7, "excluded_lines": 0}, "missing_lines": [1310, 1311, 1313, 1314, 1315, 1316, 1323], "excluded_lines": []}, "VerificacionFuncionalForm.to_json": {"executed_lines": [], "summary": {"covered_lines": 0, "num_statements": 2, "percent_covered": 0.0, "percent_covered_display": "0.00", "missing_lines": 2, "excluded_lines": 0}, "missing_lines": [1330, 1331], "excluded_lines": []}, "DevolucionEquipoForm.clean_documento_devolucion": {"executed_lines": [1428, 1430, 1439], "summary": {"covered_lines": 3, "num_statements": 7, "percent_covered": 42.857142857142854, "percent_covered_display": "42.86", "missing_lines": 4, "excluded_lines": 0}, "missing_lines": [1432, 1433, 1436, 1437], "excluded_lines": []}, "DevolucionEquipoForm.to_verificacion_json": {"executed_lines": [], "summary": {"covered_lines": 0, "num_statements": 5, "percent_covered": 0.0, "percent_covered_display": "0.00", "missing_lines": 5, "excluded_lines": 0}, "missing_lines": [1446, 1449, 1450, 1451, 1458], "excluded_lines": []}, "": {"executed_lines": [3, 4, 5, 10, 12, 13, 14, 15, 16, 17, 19, 22, 23, 34, 44, 45, 50, 56, 57, 58, 62, 75, 94, 100, 111, 112, 113, 114, 116, 130, 146, 158, 159, 160, 161, 162, 170, 181, 186, 197, 198, 205, 206, 207, 214, 233, 260, 270, 285, 291, 298, 299, 305, 311, 317, 323, 330, 331, 332, 333, 360, 394, 410, 415, 426, 461, 484, 485, 491, 492, 493, 494, 505, 521, 527, 540, 541, 547, 548, 549, 550, 562, 578, 584, 591, 592, 598, 599, 600, 601, 612, 628, 635, 636, 642, 643, 644, 645, 651, 659, 665, 673, 674, 675, 676, 677, 683, 709, 722, 737, 738, 745, 746, 747, 748, 757, 786, 799, 808, 809, 810, 811, 812, 824, 850, 863, 871, 881, 882, 888, 901, 902, 903, 904, 905, 911, 937, 953, 954, 955, 956, 957, 962, 967, 978, 979, 985, 998, 1009, 1020, 1027, 1034, 1041, 1042, 1043, 1049, 1051, 1062, 1074, 1099, 1112, 1140, 1150, 1175, 1176, 1182, 1188, 1198, 1204, 1216, 1222, 1228, 1234, 1246, 1252, 1258, 1264, 1276, 1282, 1288, 1294, 1305, 1325, 1341, 1342, 1347, 1357, 1368, 1377, 1387, 1397, 1404, 1410, 1416, 1427, 1441], "summary": {"covered_lines": 193, "num_statements": 193, "percent_covered": 100.0, "percent_covered_display": "100.00", "missing_lines": 0, "excluded_lines": 0}, "missing_lines": [], "excluded_lines": []}}, "classes": {"AuthenticationForm": {"executed_lines": [24, 25, 29, 35, 36, 38, 40, 42], "summary": {"covered_lines": 8, "num_statements": 8, "percent_covered": 100.0, "percent_covered_display": "100.00", "missing_lines": 0, "excluded_lines": 0}, "missing_lines": [], "excluded_lines": []}, "CustomUserCreationForm": {"executed_lines": [76, 77, 80, 82, 91, 95, 96, 98, 101, 102, 104, 108], "summary": {"covered_lines": 12, "num_statements": 23, "percent_covered": 52.17391304347826, "percent_covered_display": "52.17", "missing_lines": 11, "excluded_lines": 0}, "missing_lines": [83, 84, 85, 86, 87, 88, 89, 90, 92, 97, 105], "excluded_lines": []}, "CustomUserCreationForm.Meta": {"executed_lines": [], "summary": {"covered_lines": 0, "num_statements": 0, "percent_covered": 100.0, "percent_covered_display": "100.00", "missing_lines": 0, "excluded_lines": 0}, "missing_lines": [], "excluded_lines": []}, "CustomUserChangeForm": {"executed_lines": [131, 132, 135, 137, 147, 148, 150, 151, 152, 153, 155], "summary": {"covered_lines": 11, "num_statements": 19, "percent_covered": 57.89473684210526, "percent_covered_display": "57.89", "missing_lines": 8, "excluded_lines": 0}, "missing_lines": [138, 139, 140, 141, 142, 143, 144, 154], "excluded_lines": []}, "CustomUserChangeForm.Meta": {"executed_lines": [], "summary": {"covered_lines": 0, "num_statements": 0, "percent_covered": 100.0, "percent_covered_display": "100.00", "missing_lines": 0, "excluded_lines": 0}, "missing_lines": [], "excluded_lines": []}, "UserProfileForm": {"executed_lines": [171, 172, 173, 174, 175, 176, 178, 179], "summary": {"covered_lines": 8, "num_statements": 19, "percent_covered": 42.10526315789474, "percent_covered_display": "42.11", "missing_lines": 11, "excluded_lines": 0}, "missing_lines": [182, 183, 184, 187, 188, 189, 190, 191, 192, 193, 194], "excluded_lines": []}, "UserProfileForm.Meta": {"executed_lines": [], "summary": {"covered_lines": 0, "num_statements": 0, "percent_covered": 100.0, "percent_covered_display": "100.00", "missing_lines": 0, "excluded_lines": 0}, "missing_lines": [], "excluded_lines": []}, "EmpresaForm": {"executed_lines": [234, 235, 238, 240, 246, 261, 262, 263, 264, 265, 266, 268, 271, 272, 274, 275, 278, 279, 280, 281, 283, 286, 287, 289], "summary": {"covered_lines": 24, "num_statements": 41, "percent_covered": 58.53658536585366, "percent_covered_display": "58.54", "missing_lines": 17, "excluded_lines": 0}, "missing_lines": [241, 242, 244, 248, 254, 255, 256, 257, 258, 267, 276, 282, 288, 292, 293, 294, 295], "excluded_lines": []}, "EmpresaForm.Meta": {"executed_lines": [], "summary": {"covered_lines": 0, "num_statements": 0, "percent_covered": 100.0, "percent_covered_display": "100.00", "missing_lines": 0, "excluded_lines": 0}, "missing_lines": [], "excluded_lines": []}, "EquipoForm": {"executed_lines": [361, 362, 365, 366, 371, 373, 374, 375, 376, 378, 379, 387, 388, 389, 390, 391, 396, 397, 402, 404, 405, 407, 411, 413, 416, 417, 419, 420, 421, 422, 424, 427, 430, 437, 438, 442, 443, 444, 448, 449, 450, 451, 452, 453, 454, 459], "summary": {"covered_lines": 46, "num_statements": 76, "percent_covered": 60.526315789473685, "percent_covered_display": "60.53", "missing_lines": 30, "excluded_lines": 0}, "missing_lines": [368, 369, 370, 382, 383, 384, 392, 399, 408, 423, 432, 433, 434, 439, 445, 455, 463, 464, 465, 466, 467, 468, 469, 470, 472, 475, 476, 477, 478, 480], "excluded_lines": []}, "EquipoForm.Meta": {"executed_lines": [], "summary": {"covered_lines": 0, "num_statements": 0, "percent_covered": 100.0, "percent_covered_display": "100.00", "missing_lines": 0, "excluded_lines": 0}, "missing_lines": [], "excluded_lines": []}, "CalibracionForm": {"executed_lines": [506, 507, 508, 509, 512, 513, 522, 523, 525, 528, 531, 532, 534, 537], "summary": {"covered_lines": 14, "num_statements": 17, "percent_covered": 82.3529411764706, "percent_covered_display": "82.35", "missing_lines": 3, "excluded_lines": 0}, "missing_lines": [519, 524, 535], "excluded_lines": []}, "CalibracionForm.Meta": {"executed_lines": [], "summary": {"covered_lines": 0, "num_statements": 0, "percent_covered": 100.0, "percent_covered_display": "100.00", "missing_lines": 0, "excluded_lines": 0}, "missing_lines": [], "excluded_lines": []}, "MantenimientoForm": {"executed_lines": [563, 564, 565, 569, 570, 579, 580, 582, 585, 586, 588], "summary": {"covered_lines": 11, "num_statements": 15, "percent_covered": 73.33333333333333, "percent_covered_display": "73.33", "missing_lines": 4, "excluded_lines": 0}, "missing_lines": [566, 576, 581, 587], "excluded_lines": []}, "MantenimientoForm.Meta": {"executed_lines": [], "summary": {"covered_lines": 0, "num_statements": 0, "percent_covered": 100.0, "percent_covered_display": "100.00", "missing_lines": 0, "excluded_lines": 0}, "missing_lines": [], "excluded_lines": []}, "ComprobacionForm": {"executed_lines": [613, 614, 615, 619, 620, 629, 630, 632], "summary": {"covered_lines": 8, "num_statements": 11, "percent_covered": 72.72727272727273, "percent_covered_display": "72.73", "missing_lines": 3, "excluded_lines": 0}, "missing_lines": [616, 626, 631], "excluded_lines": []}, "ComprobacionForm.Meta": {"executed_lines": [], "summary": {"covered_lines": 0, "num_statements": 0, "percent_covered": 100.0, "percent_covered_display": "100.00", "missing_lines": 0, "excluded_lines": 0}, "missing_lines": [], "excluded_lines": []}, "BajaEquipoForm": {"executed_lines": [652, 653, 654, 655, 666, 667, 668, 669], "summary": {"covered_lines": 8, "num_statements": 13, "percent_covered": 61.53846153846154, "percent_covered_display": "61.54", "missing_lines": 5, "excluded_lines": 0}, "missing_lines": [657, 660, 661, 662, 663], "excluded_lines": []}, "BajaEquipoForm.Meta": {"executed_lines": [], "summary": {"covered_lines": 0, "num_statements": 0, "percent_covered": 100.0, "percent_covered_display": "100.00", "missing_lines": 0, "excluded_lines": 0}, "missing_lines": [], "excluded_lines": []}, "UbicacionForm": {"executed_lines": [], "summary": {"covered_lines": 0, "num_statements": 34, "percent_covered": 0.0, "percent_covered_display": "0.00", "missing_lines": 34, "excluded_lines": 0}, "missing_lines": [684, 685, 688, 689, 691, 692, 693, 694, 696, 697, 698, 699, 701, 702, 705, 706, 707, 710, 711, 713, 715, 716, 717, 718, 719, 720, 724, 725, 727, 730, 731, 732, 733, 734], "excluded_lines": []}, "UbicacionForm.Meta": {"executed_lines": [], "summary": {"covered_lines": 0, "num_statements": 0, "percent_covered": 100.0, "percent_covered_display": "100.00", "missing_lines": 0, "excluded_lines": 0}, "missing_lines": [], "excluded_lines": []}, "ProcedimientoForm": {"executed_lines": [], "summary": {"covered_lines": 0, "num_statements": 34, "percent_covered": 0.0, "percent_covered_display": "0.00", "missing_lines": 34, "excluded_lines": 0}, "missing_lines": [758, 759, 762, 763, 765, 766, 767, 768, 770, 771, 772, 773, 775, 776, 779, 780, 781, 783, 784, 787, 788, 790, 792, 793, 794, 795, 796, 797, 800, 801, 802, 803, 804, 805], "excluded_lines": []}, "ProcedimientoForm.Meta": {"executed_lines": [], "summary": {"covered_lines": 0, "num_statements": 0, "percent_covered": 100.0, "percent_covered_display": "100.00", "missing_lines": 0, "excluded_lines": 0}, "missing_lines": [], "excluded_lines": []}, "ProveedorForm": {"executed_lines": [], "summary": {"covered_lines": 0, "num_statements": 37, "percent_covered": 0.0, "percent_covered_display": "0.00", "missing_lines": 37, "excluded_lines": 0}, "missing_lines": [825, 826, 829, 830, 832, 833, 834, 835, 837, 838, 839, 840, 842, 843, 846, 847, 848, 851, 852, 854, 856, 857, 858, 859, 860, 861, 864, 865, 867, 868, 869, 872, 873, 874, 875, 876, 877], "excluded_lines": []}, "ProveedorForm.Meta": {"executed_lines": [], "summary": {"covered_lines": 0, "num_statements": 0, "percent_covered": 100.0, "percent_covered_display": "100.00", "missing_lines": 0, "excluded_lines": 0}, "missing_lines": [], "excluded_lines": []}, "ExcelUploadForm": {"executed_lines": [], "summary": {"covered_lines": 0, "num_statements": 7, "percent_covered": 0.0, "percent_covered_display": "0.00", "missing_lines": 7, "excluded_lines": 0}, "missing_lines": [889, 890, 891, 892, 895, 896, 898], "excluded_lines": []}, "DocumentoForm": {"executed_lines": [], "summary": {"covered_lines": 0, "num_statements": 25, "percent_covered": 0.0, "percent_covered_display": "0.00", "missing_lines": 25, "excluded_lines": 0}, "missing_lines": [912, 913, 916, 917, 919, 920, 921, 922, 924, 925, 926, 927, 929, 930, 933, 934, 935, 939, 940, 942, 945, 946, 947, 948, 949], "excluded_lines": []}, "DocumentoForm.Meta": {"executed_lines": [], "summary": {"covered_lines": 0, "num_statements": 0, "percent_covered": 100.0, "percent_covered_display": "100.00", "missing_lines": 0, "excluded_lines": 0}, "missing_lines": [], "excluded_lines": []}, "EmpresaFormatoForm": {"executed_lines": [], "summary": {"covered_lines": 0, "num_statements": 4, "percent_covered": 0.0, "percent_covered_display": "0.00", "missing_lines": 4, "excluded_lines": 0}, "missing_lines": [968, 969, 970, 971], "excluded_lines": []}, "EmpresaFormatoForm.Meta": {"executed_lines": [], "summary": {"covered_lines": 0, "num_statements": 0, "percent_covered": 100.0, "percent_covered_display": "100.00", "missing_lines": 0, "excluded_lines": 0}, "missing_lines": [], "excluded_lines": []}, "PrestamoEquipoForm": {"executed_lines": [1075, 1076, 1079, 1081, 1083, 1091, 1092, 1095, 1100, 1101, 1102, 1105, 1106, 1110, 1113, 1115, 1116, 1119, 1125, 1126, 1132, 1138, 1141, 1143, 1148, 1154, 1157, 1158, 1165], "summary": {"covered_lines": 29, "num_statements": 32, "percent_covered": 90.625, "percent_covered_display": "90.62", "missing_lines": 3, "excluded_lines": 0}, "missing_lines": [1133, 1144, 1159], "excluded_lines": []}, "PrestamoEquipoForm.Meta": {"executed_lines": [], "summary": {"covered_lines": 0, "num_statements": 0, "percent_covered": 100.0, "percent_covered_display": "100.00", "missing_lines": 0, "excluded_lines": 0}, "missing_lines": [], "excluded_lines": []}, "VerificacionFuncionalForm": {"executed_lines": [], "summary": {"covered_lines": 0, "num_statements": 9, "percent_covered": 0.0, "percent_covered_display": "0.00", "missing_lines": 9, "excluded_lines": 0}, "missing_lines": [1310, 1311, 1313, 1314, 1315, 1316, 1323, 1330, 1331], "excluded_lines": []}, "DevolucionEquipoForm": {"executed_lines": [1428, 1430, 1439], "summary": {"covered_lines": 3, "num_statements": 12, "percent_covered": 25.0, "percent_covered_display": "25.00", "missing_lines": 9, "excluded_lines": 0}, "missing_lines": [1432, 1433, 1436, 1437, 1446, 1449, 1450, 1451, 1458], "excluded_lines": []}, "": {"executed_lines": [3, 4, 5, 10, 12, 13, 14, 15, 16, 17, 19, 22, 23, 34, 44, 45, 50, 56, 57, 58, 62, 75, 94, 100, 111, 112, 113, 114, 116, 130, 146, 158, 159, 160, 161, 162, 170, 181, 186, 197, 198, 205, 206, 207, 214, 233, 260, 270, 285, 291, 298, 299, 305, 311, 317, 323, 330, 331, 332, 333, 360, 394, 410, 415, 426, 461, 484, 485, 491, 492, 493, 494, 505, 521, 527, 540, 541, 547, 548, 549, 550, 562, 578, 584, 591, 592, 598, 599, 600, 601, 612, 628, 635, 636, 642, 643, 644, 645, 651, 659, 665, 673, 674, 675, 676, 677, 683, 709, 722, 737, 738, 745, 746, 747, 748, 757, 786, 799, 808, 809, 810, 811, 812, 824, 850, 863, 871, 881, 882, 888, 901, 902, 903, 904, 905, 911, 937, 953, 954, 955, 956, 957, 962, 967, 978, 979, 985, 998, 1009, 1020, 1027, 1034, 1041, 1042, 1043, 1049, 1051, 1062, 1074, 1099, 1112, 1140, 1150, 1175, 1176, 1182, 1188, 1198, 1204, 1216, 1222, 1228, 1234, 1246, 1252, 1258, 1264, 1276, 1282, 1288, 1294, 1305, 1325, 1341, 1342, 1347, 1357, 1368, 1377, 1387, 1397, 1404, 1410, 1416, 1427, 1441], "summary": {"covered_lines": 193, "num_statements": 193, "percent_covered": 100.0, "percent_covered_display": "100.00", "missing_lines": 0, "excluded_lines": 0}, "missing_lines": [], "excluded_lines": []}}}, "core\\middleware.py": {"executed_lines": [4, 5, 6, 7, 8, 9, 10, 12, 14, 15, 20, 22, 26, 29, 32, 37, 42, 48, 50, 52, 53, 56, 57, 59, 109, 110, 114, 116, 118, 119, 120, 121, 124, 127, 129, 132, 133, 137, 142, 143, 144, 146, 147, 169, 171, 181, 182, 191, 204, 209, 210, 213, 214, 215, 218, 221, 222, 225, 246, 247, 257, 259, 260, 261, 262, 264, 267, 269, 270, 272, 273, 276, 284, 290, 292], "summary": {"covered_lines": 70, "num_statements": 111, "percent_covered": 63.06306306306306, "percent_covered_display": "63.06", "missing_lines": 41, "excluded_lines": 0}, "missing_lines": [23, 33, 38, 43, 54, 61, 62, 65, 67, 69, 71, 73, 86, 87, 92, 96, 97, 100, 102, 104, 106, 125, 148, 158, 159, 164, 173, 174, 175, 177, 178, 228, 230, 234, 236, 237, 241, 243, 278, 285, 287], "excluded_lines": [], "functions": {"RateLimitMiddleware.process_request": {"executed_lines": [22, 26, 29, 32, 37, 42, 48], "summary": {"covered_lines": 7, "num_statements": 11, "percent_covered": 63.63636363636363, "percent_covered_display": "63.64", "missing_lines": 4, "excluded_lines": 0}, "missing_lines": [23, 33, 38, 43], "excluded_lines": []}, "RateLimitMiddleware.get_client_ip": {"executed_lines": [52, 53, 56, 57], "summary": {"covered_lines": 4, "num_statements": 5, "percent_covered": 80.0, "percent_covered_display": "80.00", "missing_lines": 1, "excluded_lines": 0}, "missing_lines": [54], "excluded_lines": []}, "RateLimitMiddleware.check_rate_limit": {"executed_lines": [], "summary": {"covered_lines": 0, "num_statements": 16, "percent_covered": 0.0, "percent_covered_display": "0.00", "missing_lines": 16, "excluded_lines": 0}, "missing_lines": [61, 62, 65, 67, 69, 71, 73, 86, 87, 92, 96, 97, 100, 102, 104, 106], "excluded_lines": []}, "SecurityHeadersMiddleware.process_response": {"executed_lines": [116, 118, 119, 120, 121, 124, 127, 129], "summary": {"covered_lines": 8, "num_statements": 9, "percent_covered": 88.88888888888889, "percent_covered_display": "88.89", "missing_lines": 1, "excluded_lines": 0}, "missing_lines": [125], "excluded_lines": []}, "FileUploadSecurityMiddleware.process_request": {"executed_lines": [143, 144, 146, 147, 169], "summary": {"covered_lines": 5, "num_statements": 9, "percent_covered": 55.55555555555556, "percent_covered_display": "55.56", "missing_lines": 4, "excluded_lines": 0}, "missing_lines": [148, 158, 159, 164], "excluded_lines": []}, "FileUploadSecurityMiddleware.get_client_ip": {"executed_lines": [], "summary": {"covered_lines": 0, "num_statements": 5, "percent_covered": 0.0, "percent_covered_display": "0.00", "missing_lines": 5, "excluded_lines": 0}, "missing_lines": [173, 174, 175, 177, 178], "excluded_lines": []}, "TerminosCondicionesMiddleware.process_request": {"executed_lines": [209, 210, 213, 214, 215, 218, 221, 222, 225], "summary": {"covered_lines": 9, "num_statements": 16, "percent_covered": 56.25, "percent_covered_display": "56.25", "missing_lines": 7, "excluded_lines": 0}, "missing_lines": [228, 230, 234, 236, 237, 241, 243], "excluded_lines": []}, "SessionActivityMiddleware.process_request": {"executed_lines": [260, 261, 262, 264, 267, 269, 270, 272, 273, 276, 284, 290, 292], "summary": {"covered_lines": 13, "num_statements": 16, "percent_covered": 81.25, "percent_covered_display": "81.25", "missing_lines": 3, "excluded_lines": 0}, "missing_lines": [278, 285, 287], "excluded_lines": []}, "": {"executed_lines": [4, 5, 6, 7, 8, 9, 10, 12, 14, 15, 20, 50, 59, 109, 110, 114, 132, 133, 137, 142, 171, 181, 182, 191, 204, 246, 247, 257, 259], "summary": {"covered_lines": 24, "num_statements": 24, "percent_covered": 100.0, "percent_covered_display": "100.00", "missing_lines": 0, "excluded_lines": 0}, "missing_lines": [], "excluded_lines": []}}, "classes": {"RateLimitMiddleware": {"executed_lines": [22, 26, 29, 32, 37, 42, 48, 52, 53, 56, 57], "summary": {"covered_lines": 11, "num_statements": 32, "percent_covered": 34.375, "percent_covered_display": "34.38", "missing_lines": 21, "excluded_lines": 0}, "missing_lines": [23, 33, 38, 43, 54, 61, 62, 65, 67, 69, 71, 73, 86, 87, 92, 96, 97, 100, 102, 104, 106], "excluded_lines": []}, "SecurityHeadersMiddleware": {"executed_lines": [116, 118, 119, 120, 121, 124, 127, 129], "summary": {"covered_lines": 8, "num_statements": 9, "percent_covered": 88.88888888888889, "percent_covered_display": "88.89", "missing_lines": 1, "excluded_lines": 0}, "missing_lines": [125], "excluded_lines": []}, "FileUploadSecurityMiddleware": {"executed_lines": [143, 144, 146, 147, 169], "summary": {"covered_lines": 5, "num_statements": 14, "percent_covered": 35.714285714285715, "percent_covered_display": "35.71", "missing_lines": 9, "excluded_lines": 0}, "missing_lines": [148, 158, 159, 164, 173, 174, 175, 177, 178], "excluded_lines": []}, "TerminosCondicionesMiddleware": {"executed_lines": [209, 210, 213, 214, 215, 218, 221, 222, 225], "summary": {"covered_lines": 9, "num_statements": 16, "percent_covered": 56.25, "percent_covered_display": "56.25", "missing_lines": 7, "excluded_lines": 0}, "missing_lines": [228, 230, 234, 236, 237, 241, 243], "excluded_lines": []}, "SessionActivityMiddleware": {"executed_lines": [260, 261, 262, 264, 267, 269, 270, 272, 273, 276, 284, 290, 292], "summary": {"covered_lines": 13, "num_statements": 16, "percent_covered": 81.25, "percent_covered_display": "81.25", "missing_lines": 3, "excluded_lines": 0}, "missing_lines": [278, 285, 287], "excluded_lines": []}, "": {"executed_lines": [4, 5, 6, 7, 8, 9, 10, 12, 14, 15, 20, 50, 59, 109, 110, 114, 132, 133, 137, 142, 171, 181, 182, 191, 204, 246, 247, 257, 259], "summary": {"covered_lines": 24, "num_statements": 24, "percent_covered": 100.0, "percent_covered_display": "100.00", "missing_lines": 0, "excluded_lines": 0}, "missing_lines": [], "excluded_lines": []}}}, "core\\models.py": {"executed_lines": [5, 6, 7, 8, 9, 10, 11, 12, 13, 14, 15, 16, 17, 18, 19, 22, 28, 105, 124, 128, 131, 132, 135, 137, 143, 167, 169, 170, 171, 172, 173, 175, 176, 177, 178, 179, 180, 181, 192, 198, 203, 212, 213, 214, 217, 218, 221, 227, 228, 236, 240, 245, 253, 260, 268, 273, 285, 292, 300, 309, 316, 324, 336, 344, 345, 346, 347, 348, 355, 356, 358, 369, 374, 375, 387, 392, 393, 395, 409, 423, 441, 442, 448, 449, 455, 461, 480, 491, 492, 502, 503, 542, 560, 562, 567, 569, 572, 577, 579, 581, 586, 588, 591, 596, 598, 600, 602, 604, 606, 609, 611, 640, 663, 683, 700, 702, 704, 708, 710, 712, 714, 720, 726, 728, 730, 732, 734, 736, 737, 739, 741, 743, 744, 745, 746, 747, 750, 751, 756, 757, 760, 761, 762, 763, 771, 774, 782, 786, 788, 789, 790, 791, 799, 801, 802, 803, 811, 813, 814, 815, 823, 824, 832, 835, 836, 843, 845, 857, 859, 862, 863, 864, 866, 868, 870, 872, 874, 877, 879, 880, 887, 888, 889, 908, 911, 913, 915, 916, 917, 920, 921, 923, 926, 929, 930, 935, 936, 937, 938, 939, 941, 942, 943, 944, 945, 952, 956, 957, 960, 961, 962, 969, 975, 984, 991, 999, 1000, 1001, 1002, 1009, 1010, 1013, 1017, 1021, 1025, 1033, 1035, 1037, 1045, 1046, 1047, 1049, 1056, 1057, 1065, 1067, 1069, 1070, 1082, 1084, 1085, 1088, 1089, 1091, 1092, 1093, 1094, 1095, 1104, 1108, 1111, 1114, 1115, 1116, 1117, 1122, 1123, 1124, 1126, 1128, 1130, 1132, 1134, 1135, 1136, 1137, 1146, 1148, 1157, 1158, 1159, 1160, 1162, 1163, 1164, 1165, 1167, 1171, 1172, 1173, 1174, 1175, 1182, 1183, 1184, 1185, 1191, 1193, 1196, 1197, 1198, 1199, 1200, 1201, 1202, 1203, 1205, 1212, 1213, 1214, 1215, 1222, 1224, 1227, 1228, 1229, 1237, 1238, 1239, 1240, 1241, 1242, 1243, 1244, 1245, 1247, 1248, 1249, 1250, 1251, 1252, 1259, 1263, 1264, 1265, 1272, 1281, 1282, 1283, 1284, 1285, 1286, 1287, 1290, 1292, 1293, 1294, 1295, 1297, 1298, 1299, 1300, 1301, 1304, 1305, 1306, 1307, 1308, 1311, 1312, 1313, 1316, 1317, 1318, 1320, 1321, 1322, 1324, 1325, 1326, 1328, 1329, 1330, 1331, 1332, 1340, 1343, 1344, 1346, 1351, 1354, 1357, 1359, 1361, 1362, 1363, 1366, 1367, 1368, 1371, 1374, 1376, 1377, 1378, 1380, 1381, 1382, 1384, 1387, 1389, 1390, 1393, 1394, 1395, 1396, 1400, 1402, 1403, 1404, 1406, 1407, 1408, 1410, 1412, 1413, 1414, 1417, 1418, 1419, 1420, 1426, 1427, 1428, 1432, 1434, 1435, 1436, 1438, 1439, 1440, 1442, 1444, 1445, 1446, 1449, 1450, 1451, 1452, 1458, 1459, 1460, 1464, 1466, 1467, 1468, 1470, 1471, 1472, 1474, 1475, 1476, 1477, 1478, 1479, 1480, 1481, 1482, 1486, 1488, 1489, 1490, 1492, 1493, 1494, 1496, 1497, 1498, 1499, 1500, 1501, 1502, 1503, 1504, 1508, 1510, 1511, 1512, 1514, 1515, 1516, 1518, 1519, 1520, 1521, 1522, 1523, 1524, 1525, 1526, 1530, 1531, 1533, 1535, 1537, 1539, 1540, 1546, 1547, 1548, 1549, 1552, 1553, 1554, 1555, 1557, 1558, 1559, 1560, 1561, 1562, 1563, 1564, 1570, 1571, 1574, 1582, 1590, 1598, 1599, 1600, 1601, 1608, 1611, 1612, 1617, 1618, 1621, 1622, 1623, 1630, 1631, 1632, 1634, 1635, 1636, 1637, 1638, 1639, 1640, 1646, 1647, 1648, 1649, 1652, 1660, 1667, 1676, 1677, 1678, 1679, 1686, 1689, 1690, 1695, 1696, 1699, 1700, 1701, 1702, 1704, 1705, 1706, 1707, 1708, 1709, 1710, 1711, 1717, 1718, 1719, 1722, 1730, 1738, 1746, 1747, 1748, 1749, 1756, 1759, 1760, 1765, 1766, 1770, 1771, 1772, 1773, 1774, 1775, 1776, 1777, 1778, 1780, 1781, 1782, 1783, 1790, 1797, 1798, 1802, 1803, 1805, 1808, 1809, 1810, 1811, 1818, 1819, 1828, 1829, 1830, 1831, 1832, 1839, 1842, 1855, 1856, 1860, 1865, 1869, 1875, 1880, 1881, 1882, 1883, 1885, 1889, 1890, 1897, 1905, 1911, 1917, 1928, 1932, 1937, 1942, 1946, 1953, 1957, 1962, 1969, 1977, 2000, 2008, 2027, 2034, 2044, 2050, 2058, 2062, 2068, 2073, 2074, 2075, 2076, 2077, 2085, 2088, 2089, 2091, 2093, 2094, 2096, 2097, 2098, 2100, 2101, 2103, 2104, 2105, 2107, 2109, 2110, 2111, 2112, 2113, 2114, 2119, 2120, 2122, 2123, 2125, 2126, 2131, 2132, 2134, 2136, 2138, 2139, 2141, 2142, 2144, 2147, 2149, 2150, 2154, 2157, 2158, 2160, 2161, 2163, 2164, 2168, 2169, 2171, 2173, 2176, 2177, 2195, 2196, 2198, 2199, 2201, 2202, 2206, 2207, 2209, 2211, 2213, 2214, 2216, 2217, 2219, 2222, 2224, 2225, 2229, 2232, 2233, 2234, 2235, 2237, 2238, 2240, 2241, 2242, 2243, 2245, 2246, 2247, 2249, 2250, 2251, 2253, 2254, 2255, 2256, 2263, 2264, 2266, 2274, 2275, 2276, 2277, 2278, 2279, 2280, 2281, 2284, 2285, 2286, 2289, 2290, 2293, 2294, 2297, 2298, 2299, 2300, 2301, 2303, 2305, 2306, 2307, 2309, 2311, 2313, 2315, 2317, 2318, 2319, 2320, 2321, 2322, 2324, 2326, 2328, 2335, 2337, 2338, 2339, 2340, 2343, 2344, 2346, 2352, 2358, 2359, 2360, 2361, 2363, 2364, 2366, 2367, 2369, 2370, 2371, 2372, 2374, 2378, 2379, 2381, 2386, 2391, 2395, 2399, 2403, 2407, 2412, 2416, 2421, 2425, 2430, 2434, 2439, 2443, 2444, 2445, 2453, 2454, 2455, 2457, 2460, 2463, 2464, 2466, 2468, 2469, 2476, 2477, 2491, 2564, 2604, 2605, 2608, 2609, 2612, 2613, 2614, 2616, 2617, 2618, 2621, 2622, 2636, 2637, 2639, 2640, 2654, 2655, 2658, 2659, 2660, 2661, 2664, 2665, 2666, 2674, 2675, 2676, 2678, 2681, 2682, 2692, 2725, 2762, 2763, 2803, 2804, 2805, 2807, 2808, 2811, 2819, 2820, 2832, 2839, 2846, 2855, 2862, 2869, 2878, 2885, 2894, 2901, 2910, 2919, 2926, 2934, 2940, 2947, 2948, 2949, 2950, 2952, 2955, 2958, 2966, 2973, 2980, 2988, 2994, 2997, 2998, 2999, 3000, 3001, 3003, 3004, 3006, 3008, 3010, 3012, 3015, 3016, 3017, 3018, 3019, 3020, 3023, 3024, 3025, 3026, 3027, 3031, 3032, 3033, 3034, 3038, 3040, 3042, 3043, 3044, 3051, 3052, 3056, 3063, 3073, 3078, 3083, 3089, 3095, 3102, 3103, 3104, 3105, 3106, 3111, 3114, 3115, 3145, 3146, 3162, 3163, 3167, 3173, 3177, 3182, 3188, 3195, 3200, 3201, 3203, 3204, 3205, 3206, 3208, 3212, 3221, 3222, 3226, 3229, 3230, 3234, 3240, 3246, 3254, 3258, 3262, 3268, 3274, 3275, 3276, 3277, 3278, 3279, 3284, 3287, 3288, 3306, 3307, 3347, 3348, 3352, 3359, 3371, 3376, 3382, 3386, 3391, 3396, 3403, 3409, 3415, 3419, 3423, 3429, 3430, 3431, 3432, 3433, 3439, 3442, 3453, 3454, 3458, 3464, 3468, 3479, 3483, 3484, 3485, 3486, 3487, 3492, 3496, 3497, 3501, 3505, 3512, 3522, 3523, 3524, 3526, 3531, 3537, 3538, 3539, 3541, 3547, 3553, 3558, 3559, 3560, 3561, 3562, 3567], "summary": {"covered_lines": 1022, "num_statements": 1411, "percent_covered": 72.43090007087173, "percent_covered_display": "72.43", "missing_lines": 389, "excluded_lines": 0}, "missing_lines": [125, 363, 364, 365, 366, 367, 377, 384, 385, 399, 400, 402, 403, 404, 405, 407, 413, 414, 415, 416, 427, 428, 430, 431, 432, 433, 434, 437, 439, 446, 453, 459, 465, 466, 468, 469, 471, 485, 486, 488, 489, 496, 497, 513, 515, 521, 522, 528, 530, 531, 533, 534, 535, 536, 537, 538, 540, 547, 549, 550, 551, 554, 555, 556, 558, 564, 571, 574, 583, 590, 593, 603, 605, 607, 621, 622, 625, 626, 627, 628, 631, 633, 636, 637, 638, 645, 646, 647, 650, 651, 654, 656, 659, 660, 661, 669, 670, 671, 674, 676, 679, 680, 681, 688, 689, 692, 694, 695, 696, 698, 705, 706, 715, 716, 717, 719, 721, 722, 723, 731, 733, 764, 766, 767, 768, 769, 775, 776, 777, 778, 779, 792, 793, 794, 795, 796, 804, 805, 806, 807, 808, 816, 817, 818, 819, 820, 825, 826, 827, 828, 829, 837, 839, 840, 841, 847, 848, 849, 850, 851, 853, 854, 855, 860, 871, 873, 875, 891, 892, 894, 896, 897, 899, 900, 902, 905, 924, 953, 1015, 1019, 1023, 1034, 1054, 1066, 1075, 1096, 1097, 1098, 1099, 1100, 1102, 1105, 1118, 1119, 1121, 1125, 1127, 1131, 1133, 1139, 1140, 1141, 1142, 1143, 1168, 1194, 1225, 1260, 1398, 1421, 1422, 1424, 1430, 1453, 1454, 1456, 1462, 1484, 1506, 1528, 1609, 1619, 1687, 1697, 1757, 1767, 1791, 1840, 1844, 1845, 1846, 1847, 1848, 1886, 2086, 2128, 2145, 2152, 2166, 2179, 2180, 2182, 2183, 2185, 2187, 2188, 2190, 2192, 2204, 2220, 2227, 2312, 2375, 2458, 2461, 2471, 2472, 2473, 2474, 2479, 2489, 2493, 2494, 2496, 2498, 2499, 2510, 2511, 2512, 2515, 2516, 2517, 2519, 2538, 2539, 2540, 2543, 2544, 2545, 2547, 2549, 2551, 2552, 2553, 2556, 2557, 2558, 2559, 2560, 2562, 2566, 2567, 2569, 2571, 2574, 2576, 2579, 2580, 2581, 2584, 2585, 2588, 2591, 2592, 2594, 2596, 2598, 2599, 2601, 2679, 2684, 2685, 2686, 2690, 2694, 2727, 2728, 2729, 2730, 2731, 2733, 2734, 2735, 2736, 2738, 2739, 2740, 2741, 2742, 2744, 2745, 2746, 2747, 2748, 2750, 2751, 2752, 2753, 2754, 2756, 2757, 2758, 2759, 2760, 2765, 2953, 3002, 3028, 3112, 3123, 3129, 3131, 3134, 3135, 3138, 3139, 3140, 3143, 3150, 3209, 3210, 3216, 3218, 3219, 3285, 3295, 3296, 3298, 3300, 3319, 3320, 3321, 3322, 3325, 3326, 3327, 3330, 3339, 3340, 3440, 3444, 3445, 3446, 3447, 3448, 3449, 3450, 3493, 3568], "excluded_lines": [], "functions": {"meses_decimales_a_relativedelta": {"executed_lines": [124, 128, 131, 132, 135, 137], "summary": {"covered_lines": 6, "num_statements": 7, "percent_covered": 85.71428571428571, "percent_covered_display": "85.71", "missing_lines": 1, "excluded_lines": 0}, "missing_lines": [125], "excluded_lines": []}, "Empresa.__str__": {"executed_lines": [356], "summary": {"covered_lines": 1, "num_statements": 1, "percent_covered": 100.0, "percent_covered_display": "100.00", "missing_lines": 0, "excluded_lines": 0}, "missing_lines": [], "excluded_lines": []}, "Empresa.soft_delete": {"executed_lines": [], "summary": {"covered_lines": 0, "num_statements": 5, "percent_covered": 0.0, "percent_covered_display": "0.00", "missing_lines": 5, "excluded_lines": 0}, "missing_lines": [363, 364, 365, 366, 367], "excluded_lines": []}, "Empresa.calcular_tarifa_mensual_equivalente": {"executed_lines": [374, 375], "summary": {"covered_lines": 2, "num_statements": 5, "percent_covered": 40.0, "percent_covered_display": "40.00", "missing_lines": 3, "excluded_lines": 0}, "missing_lines": [377, 384, 385], "excluded_lines": []}, "Empresa.get_ingresos_anuales_reales": {"executed_lines": [392, 393], "summary": {"covered_lines": 2, "num_statements": 2, "percent_covered": 100.0, "percent_covered_display": "100.00", "missing_lines": 0, "excluded_lines": 0}, "missing_lines": [], "excluded_lines": []}, "Empresa.dias_hasta_proximo_pago": {"executed_lines": [], "summary": {"covered_lines": 0, "num_statements": 7, "percent_covered": 0.0, "percent_covered_display": "0.00", "missing_lines": 7, "excluded_lines": 0}, "missing_lines": [399, 400, 402, 403, 404, 405, 407], "excluded_lines": []}, "Empresa.esta_al_dia_con_pagos": {"executed_lines": [], "summary": {"covered_lines": 0, "num_statements": 4, "percent_covered": 0.0, "percent_covered_display": "0.00", "missing_lines": 4, "excluded_lines": 0}, "missing_lines": [413, 414, 415, 416], "excluded_lines": []}, "Empresa.restore": {"executed_lines": [], "summary": {"covered_lines": 0, "num_statements": 9, "percent_covered": 0.0, "percent_covered_display": "0.00", "missing_lines": 9, "excluded_lines": 0}, "missing_lines": [427, 428, 430, 431, 432, 433, 434, 437, 439], "excluded_lines": []}, "Empresa.get_deleted_companies": {"executed_lines": [], "summary": {"covered_lines": 0, "num_statements": 1, "percent_covered": 0.0, "percent_covered_display": "0.00", "missing_lines": 1, "excluded_lines": 0}, "missing_lines": [446], "excluded_lines": []}, "Empresa.get_active_companies": {"executed_lines": [], "summary": {"covered_lines": 0, "num_statements": 1, "percent_covered": 0.0, "percent_covered_display": "0.00", "missing_lines": 1, "excluded_lines": 0}, "missing_lines": [453], "excluded_lines": []}, "Empresa.can_be_restored": {"executed_lines": [], "summary": {"covered_lines": 0, "num_statements": 1, "percent_covered": 0.0, "percent_covered_display": "0.00", "missing_lines": 1, "excluded_lines": 0}, "missing_lines": [459], "excluded_lines": []}, "Empresa.get_delete_info": {"executed_lines": [], "summary": {"covered_lines": 0, "num_statements": 5, "percent_covered": 0.0, "percent_covered_display": "0.00", "missing_lines": 5, "excluded_lines": 0}, "missing_lines": [465, 466, 468, 469, 471], "excluded_lines": []}, "Empresa.should_be_permanently_deleted": {"executed_lines": [], "summary": {"covered_lines": 0, "num_statements": 4, "percent_covered": 0.0, "percent_covered_display": "0.00", "missing_lines": 4, "excluded_lines": 0}, "missing_lines": [485, 486, 488, 489], "excluded_lines": []}, "Empresa.get_companies_for_permanent_deletion": {"executed_lines": [], "summary": {"covered_lines": 0, "num_statements": 2, "percent_covered": 0.0, "percent_covered_display": "0.00", "missi
[...]
 2769, 2770, 2771, 2772, 2773, 2776, 2777, 2778, 2779, 2780, 2781, 2782, 2784, 2785, 2786, 2787, 2788, 2789, 2790, 2792, 2793, 2794, 2795, 2796, 2797, 2798, 2801, 2802, 2803, 2805, 2806, 2809, 2810, 2811, 2813, 2814, 2815, 2817, 2818, 2819, 2821, 2822, 2823, 2825, 2826, 2827, 2829, 2830, 2831, 2833, 2834, 2835, 2837, 2838, 2839, 2841, 2842, 2843, 2845, 2846, 2847, 2849, 2850, 2851, 2853, 2854, 2855, 2857, 2858, 2859, 2861, 2862, 2863, 2865, 2866, 2867, 2869, 2870, 2871, 2873, 2874, 2875, 2878, 2879, 2880, 2881, 2883, 2884, 2885, 2886, 2888, 2889, 2890, 2891, 2894, 2895, 2896, 2898, 2899, 2900, 2902, 2903, 2904, 2907, 2908, 2912, 2943, 2945, 2946, 2947, 2949, 2952, 2953, 2954, 2955, 2956, 2957, 2958, 2960, 2961, 2962, 2963, 2964, 2965, 2966, 2968, 2969, 2970, 2971, 2972, 2973, 2974, 2977, 2978, 2979, 2980, 2982, 2987, 2988, 2989, 2991, 2992, 2993, 2995, 2996, 2997, 2998, 2999, 3001, 3002, 3004, 3005, 3006, 3007, 3010, 3013, 3014, 3015, 3017, 3051, 3052, 3062, 3063, 3073, 3074, 3083, 3084, 3109, 3112, 3113, 3114, 3117, 3118, 3119, 3120, 3122, 3123, 3124, 3127, 3129, 3132, 3133, 3134, 3135, 3137, 3138, 3139, 3140, 3141, 3144, 3145, 3146, 3147, 3148, 3151, 3152, 3153, 3154, 3155, 3157, 3168, 3170, 3171, 3173, 3175, 3176, 3177, 3178, 3179, 3180, 3183, 3184, 3187, 3188, 3190, 3191, 3192, 3193, 3196, 3197, 3198, 3199, 3200, 3202, 3205, 3206, 3207, 3208, 3211, 3228, 3231, 3232, 3233, 3234, 3235, 3236, 3237, 3240, 3241, 3242, 3245, 3246, 3248, 3249, 3250, 3251, 3252, 3253, 3254, 3256, 3257, 3259, 3262, 3264, 3265, 3267], "excluded_lines": []}}}, "core\\views\\scheduled_tasks_api.py": {"executed_lines": [4, 5, 6, 7, 8, 10, 11, 13, 16, 19, 33, 34, 35, 65, 66, 67, 102, 103, 104, 139, 140, 141, 171, 172, 173, 208, 209, 210, 245, 246, 247], "summary": {"covered_lines": 31, "num_statements": 111, "percent_covered": 27.92792792792793, "percent_covered_display": "27.93", "missing_lines": 80, "excluded_lines": 0}, "missing_lines": [21, 24, 25, 26, 29, 30, 40, 41, 43, 44, 46, 48, 50, 57, 58, 59, 72, 73, 75, 76, 79, 82, 84, 86, 94, 95, 96, 109, 110, 112, 113, 115, 116, 118, 119, 121, 122, 124, 131, 132, 133, 146, 147, 149, 150, 152, 154, 156, 163, 164, 165, 178, 179, 181, 182, 184, 185, 187, 188, 190, 191, 193, 200, 201, 202, 215, 216, 218, 219, 221, 222, 224, 225, 227, 228, 230, 237, 238, 239, 252], "excluded_lines": [], "functions": {"verify_token": {"executed_lines": [], "summary": {"covered_lines": 0, "num_statements": 6, "percent_covered": 0.0, "percent_covered_display": "0.00", "missing_lines": 6, "excluded_lines": 0}, "missing_lines": [21, 24, 25, 26, 29, 30], "excluded_lines": []}, "trigger_daily_notifications": {"executed_lines": [], "summary": {"covered_lines": 0, "num_statements": 10, "percent_covered": 0.0, "percent_covered_display": "0.00", "missing_lines": 10, "excluded_lines": 0}, "missing_lines": [40, 41, 43, 44, 46, 48, 50, 57, 58, 59], "excluded_lines": []}, "trigger_daily_maintenance": {"executed_lines": [], "summary": {"covered_lines": 0, "num_statements": 11, "percent_covered": 0.0, "percent_covered_display": "0.00", "missing_lines": 11, "excluded_lines": 0}, "missing_lines": [72, 73, 75, 76, 79, 82, 84, 86, 94, 95, 96], "excluded_lines": []}, "trigger_cleanup_zips": {"executed_lines": [], "summary": {"covered_lines": 0, "num_statements": 14, "percent_covered": 0.0, "percent_covered_display": "0.00", "missing_lines": 14, "excluded_lines": 0}, "missing_lines": [109, 110, 112, 113, 115, 116, 118, 119, 121, 122, 124, 131, 132, 133], "excluded_lines": []}, "trigger_weekly_overdue": {"executed_lines": [], "summary": {"covered_lines": 0, "num_statements": 10, "percent_covered": 0.0, "percent_covered_display": "0.00", "missing_lines": 10, "excluded_lines": 0}, "missing_lines": [146, 147, 149, 150, 152, 154, 156, 163, 164, 165], "excluded_lines": []}, "trigger_check_trials": {"executed_lines": [], "summary": {"covered_lines": 0, "num_statements": 14, "percent_covered": 0.0, "percent_covered_display": "0.00", "missing_lines": 14, "excluded_lines": 0}, "missing_lines": [178, 179, 181, 182, 184, 185, 187, 188, 190, 191, 193, 200, 201, 202], "excluded_lines": []}, "trigger_cleanup_notifications": {"executed_lines": [], "summary": {"covered_lines": 0, "num_statements": 14, "percent_covered": 0.0, "percent_covered_display": "0.00", "missing_lines": 14, "excluded_lines": 0}, "missing_lines": [215, 216, 218, 219, 221, 222, 224, 225, 227, 228, 230, 237, 238, 239], "excluded_lines": []}, "health_check": {"executed_lines": [], "summary": {"covered_lines": 0, "num_statements": 1, "percent_covered": 0.0, "percent_covered_display": "0.00", "missing_lines": 1, "excluded_lines": 0}, "missing_lines": [252], "excluded_lines": []}, "": {"executed_lines": [4, 5, 6, 7, 8, 10, 11, 13, 16, 19, 33, 34, 35, 65, 66, 67, 102, 103, 104, 139, 140, 141, 171, 172, 173, 208, 209, 210, 245, 246, 247], "summary": {"covered_lines": 31, "num_statements": 31, "percent_covered": 100.0, "percent_covered_display": "100.00", "missing_lines": 0, "excluded_lines": 0}, "missing_lines": [], "excluded_lines": []}}, "classes": {"": {"executed_lines": [4, 5, 6, 7, 8, 10, 11, 13, 16, 19, 33, 34, 35, 65, 66, 67, 102, 103, 104, 139, 140, 141, 171, 172, 173, 208, 209, 210, 245, 246, 247], "summary": {"covered_lines": 31, "num_statements": 111, "percent_covered": 27.92792792792793, "percent_covered_display": "27.93", "missing_lines": 80, "excluded_lines": 0}, "missing_lines": [21, 24, 25, 26, 29, 30, 40, 41, 43, 44, 46, 48, 50, 57, 58, 59, 72, 73, 75, 76, 79, 82, 84, 86, 94, 95, 96, 109, 110, 112, 113, 115, 116, 118, 119, 121, 122, 124, 131, 132, 133, 146, 147, 149, 150, 152, 154, 156, 163, 164, 165, 178, 179, 181, 182, 184, 185, 187, 188, 190, 191, 193, 200, 201, 202, 215, 216, 218, 219, 221, 222, 224, 225, 227, 228, 230, 237, 238, 239, 252], "excluded_lines": []}}}, "core\\views\\terminos.py": {"executed_lines": [3, 4, 5, 6, 7, 8, 10, 13, 26, 27, 92, 93, 120, 121, 140, 141], "summary": {"covered_lines": 16, "num_statements": 64, "percent_covered": 25.0, "percent_covered_display": "25.00", "missing_lines": 48, "excluded_lines": 0}, "missing_lines": [18, 19, 20, 22, 23, 35, 37, 38, 39, 40, 43, 44, 45, 47, 49, 51, 53, 54, 57, 63, 64, 68, 74, 76, 77, 81, 84, 89, 98, 99, 102, 105, 106, 108, 114, 117, 125, 127, 128, 131, 134, 135, 137, 146, 151, 153, 155, 160], "excluded_lines": [], "functions": {"get_client_ip": {"executed_lines": [], "summary": {"covered_lines": 0, "num_statements": 5, "percent_covered": 0.0, "percent_covered_display": "0.00", "missing_lines": 5, "excluded_lines": 0}, "missing_lines": [18, 19, 20, 22, 23], "excluded_lines": []}, "aceptar_terminos": {"executed_lines": [], "summary": {"covered_lines": 0, "num_statements": 23, "percent_covered": 0.0, "percent_covered_display": "0.00", "missing_lines": 23, "excluded_lines": 0}, "missing_lines": [35, 37, 38, 39, 40, 43, 44, 45, 47, 49, 51, 53, 54, 57, 63, 64, 68, 74, 76, 77, 81, 84, 89], "excluded_lines": []}, "rechazar_terminos": {"executed_lines": [], "summary": {"covered_lines": 0, "num_statements": 8, "percent_covered": 0.0, "percent_covered_display": "0.00", "missing_lines": 8, "excluded_lines": 0}, "missing_lines": [98, 99, 102, 105, 106, 108, 114, 117], "excluded_lines": []}, "ver_terminos_pdf": {"executed_lines": [], "summary": {"covered_lines": 0, "num_statements": 7, "percent_covered": 0.0, "percent_covered_display": "0.00", "missing_lines": 7, "excluded_lines": 0}, "missing_lines": [125, 127, 128, 131, 134, 135, 137], "excluded_lines": []}, "mi_aceptacion_terminos": {"executed_lines": [], "summary": {"covered_lines": 0, "num_statements": 5, "percent_covered": 0.0, "percent_covered_display": "0.00", "missing_lines": 5, "excluded_lines": 0}, "missing_lines": [146, 151, 153, 155, 160], "excluded_lines": []}, "": {"executed_lines": [3, 4, 5, 6, 7, 8, 10, 13, 26, 27, 92, 93, 120, 121, 140, 141], "summary": {"covered_lines": 16, "num_statements": 16, "percent_covered": 100.0, "percent_covered_display": "100.00", "missing_lines": 0, "excluded_lines": 0}, "missing_lines": [], "excluded_lines": []}}, "classes": {"": {"executed_lines": [3, 4, 5, 6, 7, 8, 10, 13, 26, 27, 92, 93, 120, 121, 140, 141], "summary": {"covered_lines": 16, "num_statements": 64, "percent_covered": 25.0, "percent_covered_display": "25.00", "missing_lines": 48, "excluded_lines": 0}, "missing_lines": [18, 19, 20, 22, 23, 35, 37, 38, 39, 40, 43, 44, 45, 47, 49, 51, 53, 54, 57, 63, 64, 68, 74, 76, 77, 81, 84, 89, 98, 99, 102, 105, 106, 108, 114, 117, 125, 127, 128, 131, 134, 135, 137, 146, 151, 153, 155, 160], "excluded_lines": []}}}, "core\\zip_functions.py": {"executed_lines": [4, 5, 6, 7, 8, 9, 10, 11, 12, 13, 14, 15, 17, 20, 22, 23, 24, 25, 26, 27, 28, 31, 35, 36, 37, 38, 41, 44, 45, 47, 49, 50, 51, 52, 53, 54, 55, 57, 58, 65, 66, 67, 71, 72, 75, 82, 83, 84, 86, 87, 88, 89, 92, 93, 96, 97, 98, 153, 154, 155, 158, 159, 162, 163, 164, 166, 180, 181, 183, 184, 186, 188, 189, 192, 193, 194, 196, 198, 199, 201, 202, 204, 205, 229, 230, 236, 237, 238, 241, 242, 244, 245, 247, 248, 250, 251, 257, 258, 259, 262, 264, 265, 266, 278, 279, 281, 282, 284, 286, 289, 290, 291, 294, 295, 298, 300, 301, 304, 305, 306, 308, 310, 316, 317, 318, 321, 322, 324, 330, 333, 335, 349, 350, 355, 359, 363, 364, 365, 366, 367, 368, 370, 372, 387, 390, 491, 497, 498, 499, 501, 504, 509, 525, 526, 529, 532, 533, 534, 535, 536, 540, 542, 544, 546, 547, 548, 551, 558, 559, 562, 565, 566, 590, 591, 592, 597, 598, 599, 602, 603, 604, 605, 615, 616, 617, 618, 620, 622, 634, 646, 658, 659, 694, 695, 730, 737, 738, 750, 764, 765, 766, 768, 769, 770, 773, 774, 776, 784, 808, 894, 896, 897, 898, 899, 900, 902, 903], "summary": {"covered_lines": 217, "num_statements": 434, "percent_covered": 50.0, "percent_covered_display": "50.00", "missing_lines": 217, "excluded_lines": 0}, "missing_lines": [60, 61, 62, 76, 77, 78, 79, 80, 81, 101, 102, 208, 209, 211, 212, 213, 214, 215, 216, 217, 219, 223, 224, 226, 227, 231, 232, 233, 253, 254, 395, 397, 399, 403, 408, 409, 410, 411, 414, 416, 418, 420, 421, 424, 437, 449, 452, 453, 454, 458, 460, 463, 470, 471, 472, 474, 476, 477, 479, 505, 538, 552, 553, 555, 563, 567, 568, 569, 571, 572, 574, 575, 576, 579, 580, 581, 583, 584, 585, 587, 594, 606, 607, 608, 609, 610, 611, 623, 624, 625, 626, 627, 628, 629, 630, 631, 635, 636, 637, 638, 639, 640, 641, 642, 643, 647, 648, 649, 650, 651, 652, 653, 654, 655, 661, 662, 663, 664, 665, 666, 667, 668, 669, 672, 673, 674, 675, 676, 677, 678, 679, 680, 683, 684, 685, 686, 687, 688, 689, 690, 691, 697, 698, 699, 700, 701, 702, 703, 704, 705, 708, 709, 710, 711, 712, 713, 714, 715, 716, 719, 720, 721, 722, 723, 724, 725, 726, 727, 739, 740, 741, 742, 743, 744, 745, 746, 747, 751, 752, 753, 754, 755, 756, 757, 758, 759, 760, 761, 778, 779, 781, 786, 788, 790, 799, 813, 814, 815, 817, 820, 821, 822, 826, 831, 832, 843, 848, 862, 865, 868, 870, 872, 886, 887, 888, 901, 905], "excluded_lines": [], "functions": {"access_check": {"executed_lines": [22, 26, 27, 28], "summary": {"covered_lines": 4, "num_statements": 4, "percent_covered": 100.0, "percent_covered_display": "100.00", "missing_lines": 0, "excluded_lines": 0}, "missing_lines": [], "excluded_lines": []}, "access_check.wrapper": {"executed_lines": [23, 24, 25], "summary": {"covered_lines": 3, "num_statements": 3, "percent_covered": 100.0, "percent_covered_display": "100.00", "missing_lines": 0, "excluded_lines": 0}, "missing_lines": [], "excluded_lines": []}, "stream_file_to_zip_local": {"executed_lines": [35, 36, 37, 38, 41, 44, 45, 47, 49, 50, 51, 52, 53, 54, 55, 57, 58], "summary": {"covered_lines": 17, "num_statements": 20, "percent_covered": 85.0, "percent_covered_display": "85.00", "missing_lines": 3, "excluded_lines": 0}, "missing_lines": [60, 61, 62], "excluded_lines": []}, "solicitar_zip": {"executed_lines": [71, 72, 75, 82, 83, 84, 86, 87, 88, 89, 92, 93, 96, 97, 98], "summary": {"covered_lines": 15, "num_statements": 23, "percent_covered": 65.21739130434783, "percent_covered_display": "65.22", "missing_lines": 8, "excluded_lines": 0}, "missing_lines": [76, 77, 78, 79, 80, 81, 101, 102], "excluded_lines": []}, "zip_status": {"executed_lines": [158, 159, 162, 163, 164, 166, 180, 181, 183, 184, 186, 188, 189], "summary": {"covered_lines": 13, "num_statements": 13, "percent_covered": 100.0, "percent_covered_display": "100.00", "missing_lines": 0, "excluded_lines": 0}, "missing_lines": [], "excluded_lines": []}, "download_zip": {"executed_lines": [196, 198, 199, 201, 202, 204, 205, 229, 230], "summary": {"covered_lines": 9, "num_statements": 20, "percent_covered": 45.0, "percent_covered_display": "45.00", "missing_lines": 11, "excluded_lines": 0}, "missing_lines": [208, 209, 211, 219, 223, 224, 226, 227, 231, 232, 233], "excluded_lines": []}, "download_zip.file_iterator": {"executed_lines": [], "summary": {"covered_lines": 0, "num_statements": 6, "percent_covered": 0.0, "percent_covered_display": "0.00", "missing_lines": 6, "excluded_lines": 0}, "missing_lines": [212, 213, 214, 215, 216, 217], "excluded_lines": []}, "cancel_zip_request": {"executed_lines": [241, 242, 244, 245, 247, 248, 250, 251], "summary": {"covered_lines": 8, "num_statements": 10, "percent_covered": 80.0, "percent_covered_display": "80.00", "missing_lines": 2, "excluded_lines": 0}, "missing_lines": [253, 254], "excluded_lines": []}, "my_zip_requests": {"executed_lines": [262, 264, 265, 266, 278, 279, 281, 282, 284, 286], "summary": {"covered_lines": 10, "num_statements": 10, "percent_covered": 100.0, "percent_covered_display": "100.00", "missing_lines": 0, "excluded_lines": 0}, "missing_lines": [], "excluded_lines": []}, "trigger_zip_processing": {"executed_lines": [294, 295, 298, 300, 301, 304, 305, 306, 308, 310], "summary": {"covered_lines": 10, "num_statements": 10, "percent_covered": 100.0, "percent_covered_display": "100.00", "missing_lines": 0, "excluded_lines": 0}, "missing_lines": [], "excluded_lines": []}, "manual_process_zip": {"executed_lines": [321, 322, 324], "summary": {"covered_lines": 3, "num_statements": 3, "percent_covered": 100.0, "percent_covered_display": "100.00", "missing_lines": 0, "excluded_lines": 0}, "missing_lines": [], "excluded_lines": []}, "generar_readme_parte": {"executed_lines": [333, 335, 349, 350, 355, 359, 363, 364, 365, 366, 367, 368, 370, 372, 387], "summary": {"covered_lines": 15, "num_statements": 15, "percent_covered": 100.0, "percent_covered_display": "100.00", "missing_lines": 0, "excluded_lines": 0}, "missing_lines": [], "excluded_lines": []}, "generar_descarga_multipartes": {"executed_lines": [], "summary": {"covered_lines": 0, "num_statements": 29, "percent_covered": 0.0, "percent_covered_display": "0.00", "missing_lines": 29, "excluded_lines": 0}, "missing_lines": [395, 397, 399, 403, 408, 409, 410, 411, 414, 416, 418, 420, 421, 424, 437, 449, 452, 453, 454, 458, 460, 463, 470, 471, 472, 474, 476, 477, 479], "excluded_lines": []}, "descarga_directa_rapida": {"executed_lines": [497, 498, 499, 501, 504, 509, 525, 526, 529, 532, 533, 534, 535, 536, 540, 542, 544, 546, 547, 548, 551, 558, 559, 562, 565, 566, 590, 591, 592, 597, 598, 599, 602, 603, 604, 605, 615, 616, 617, 618, 620, 622, 634, 646, 658, 659, 694, 695, 730, 737, 738, 750, 764, 765, 766, 768, 769, 770, 773, 774, 776], "summary": {"covered_lines": 61, "num_statements": 193, "percent_covered": 31.60621761658031, "percent_covered_display": "31.61", "missing_lines": 132, "excluded_lines": 0}, "missing_lines": [505, 538, 552, 553, 555, 563, 567, 568, 569, 571, 572, 574, 575, 576, 579, 580, 581, 583, 584, 585, 587, 594, 606, 607, 608, 609, 610, 611, 623, 624, 625, 626, 627, 628, 629, 630, 631, 635, 636, 637, 638, 639, 640, 641, 642, 643, 647, 648, 649, 650, 651, 652, 653, 654, 655, 661, 662, 663, 664, 665, 666, 667, 668, 669, 672, 673, 674, 675, 676, 677, 678, 679, 680, 683, 684, 685, 686, 687, 688, 689, 690, 691, 697, 698, 699, 700, 701, 702, 703, 704, 705, 708, 709, 710, 711, 712, 713, 714, 715, 716, 719, 720, 721, 722, 723, 724, 725, 726, 727, 739, 740, 741, 742, 743, 744, 745, 746, 747, 751, 752, 753, 754, 755, 756, 757, 758, 759, 760, 761, 778, 779, 781], "excluded_lines": []}, "solicitar_zip_fallback": {"executed_lines": [], "summary": {"covered_lines": 0, "num_statements": 4, "percent_covered": 0.0, "percent_covered_display": "0.00", "missing_lines": 4, "excluded_lines": 0}, "missing_lines": [786, 788, 790, 799], "excluded_lines": []}, "solicitar_zip_asincrono": {"executed_lines": [], "summary": {"covered_lines": 0, "num_statements": 20, "percent_covered": 0.0, "percent_covered_display": "0.00", "missing_lines": 20, "excluded_lines": 0}, "missing_lines": [813, 814, 815, 817, 820, 821, 822, 826, 831, 832, 843, 848, 862, 865, 868, 870, 872, 886, 887, 888], "excluded_lines": []}, "_calcular_tiempo_estimado_equipos": {"executed_lines": [896, 897, 898, 899, 900, 902, 903], "summary": {"covered_lines": 7, "num_statements": 9, "percent_covered": 77.77777777777777, "percent_covered_display": "77.78", "missing_lines": 2, "excluded_lines": 0}, "missing_lines": [901, 905], "excluded_lines": []}, "": {"executed_lines": [4, 5, 6, 7, 8, 9, 10, 11, 12, 13, 14, 15, 17, 20, 31, 65, 66, 67, 153, 154, 155, 192, 193, 194, 236, 237, 238, 257, 258, 259, 289, 290, 291, 316, 317, 318, 330, 390, 491, 784, 808, 894], "summary": {"covered_lines": 42, "num_statements": 42, "percent_covered": 100.0, "percent_covered_display": "100.00", "missing_lines": 0, "excluded_lines": 0}, "missing_lines": [], "excluded_lines": []}}, "classes": {"": {"executed_lines": [4, 5, 6, 7, 8, 9, 10, 11, 12, 13, 14, 15, 17, 20, 22, 23, 24, 25, 26, 27, 28, 31, 35, 36, 37, 38, 41, 44, 45, 47, 49, 50, 51, 52, 53, 54, 55, 57, 58, 65, 66, 67, 71, 72, 75, 82, 83, 84, 86, 87, 88, 89, 92, 93, 96, 97, 98, 153, 154, 155, 158, 159, 162, 163, 164, 166, 180, 181, 183, 184, 186, 188, 189, 192, 193, 194, 196, 198, 199, 201, 202, 204, 205, 229, 230, 236, 237, 238, 241, 242, 244, 245, 247, 248, 250, 251, 257, 258, 259, 262, 264, 265, 266, 278, 279, 281, 282, 284, 286, 289, 290, 291, 294, 295, 298, 300, 301, 304, 305, 306, 308, 310, 316, 317, 318, 321, 322, 324, 330, 333, 335, 349, 350, 355, 359, 363, 364, 365, 366, 367, 368, 370, 372, 387, 390, 491, 497, 498, 499, 501, 504, 509, 525, 526, 529, 532, 533, 534, 535, 536, 540, 542, 544, 546, 547, 548, 551, 558, 559, 562, 565, 566, 590, 591, 592, 597, 598, 599, 602, 603, 604, 605, 615, 616, 617, 618, 620, 622, 634, 646, 658, 659, 694, 695, 730, 737, 738, 750, 764, 765, 766, 768, 769, 770, 773, 774, 776, 784, 808, 894, 896, 897, 898, 899, 900, 902, 903], "summary": {"covered_lines": 217, "num_statements": 434, "percent_covered": 50.0, "percent_covered_display": "50.00", "missing_lines": 217, "excluded_lines": 0}, "missing_lines": [60, 61, 62, 76, 77, 78, 79, 80, 81, 101, 102, 208, 209, 211, 212, 213, 214, 215, 216, 217, 219, 223, 224, 226, 227, 231, 232, 233, 253, 254, 395, 397, 399, 403, 408, 409, 410, 411, 414, 416, 418, 420, 421, 424, 437, 449, 452, 453, 454, 458, 460, 463, 470, 471, 472, 474, 476, 477, 479, 505, 538, 552, 553, 555, 563, 567, 568, 569, 571, 572, 574, 575, 576, 579, 580, 581, 583, 584, 585, 587, 594, 606, 607, 608, 609, 610, 611, 623, 624, 625, 626, 627, 628, 629, 630, 631, 635, 636, 637, 638, 639, 640, 641, 642, 643, 647, 648, 649, 650, 651, 652, 653, 654, 655, 661, 662, 663, 664, 665, 666, 667, 668, 669, 672, 673, 674, 675, 676, 677, 678, 679, 680, 683, 684, 685, 686, 687, 688, 689, 690, 691, 697, 698, 699, 700, 701, 702, 703, 704, 705, 708, 709, 710, 711, 712, 713, 714, 715, 716, 719, 720, 721, 722, 723, 724, 725, 726, 727, 739, 740, 741, 742, 743, 744, 745, 746, 747, 751, 752, 753, 754, 755, 756, 757, 758, 759, 760, 761, 778, 779, 781, 786, 788, 790, 799, 813, 814, 815, 817, 820, 821, 822, 826, 831, 832, 843, 848, 862, 865, 868, 870, 872, 886, 887, 888, 901, 905], "excluded_lines": []}}}}, "totals": {"covered_lines": 6328, "num_statements": 11528, "percent_covered": 54.892435808466345, "percent_covered_display": "54.89", "missing_lines": 5200, "excluded_lines": 3}}