{"meta": {"format": 3, "version": "7.10.7", "timestamp": "2026-01-20T14:32:00.944815", "branch_coverage": false, "show_contexts": false}, "files": {"core\\__init__.py": {"executed_lines": [0], "summary": {"covered_lines": 0, "num_statements": 0, "percent_covered": 100.0, "percent_covered_display": "100.00", "missing_lines": 0, "excluded_lines": 0}, "missing_lines": [], "excluded_lines": [], "functions": {"": {"executed_lines": [], "summary": {"covered_lines": 0, "num_statements": 0, "percent_covered": 100.0, "percent_covered_display": "100.00", "missing_lines": 0, "excluded_lines": 0}, "missing_lines": [], "excluded_lines": []}}, "classes": {"": {"executed_lines": [], "summary": {"covered_lines": 0, "num_statements": 0, "percent_covered": 100.0, "percent_covered_display": "100.00", "missing_lines": 0, "excluded_lines": 0}, "missing_lines": [], "excluded_lines": []}}}, "core\\_tests_old\\__init__.py": {"executed_lines": [], "summary": {"covered_lines": 0, "num_statements": 0, "percent_covered": 100.0, "percent_covered_display": "100.00", "missing_lines": 0, "excluded_lines": 0}, "missing_lines": [], "excluded_lines": [], "functions": {"": {"executed_lines": [], "summary": {"covered_lines": 0, "num_statements": 0, "percent_covered": 100.0, "percent_covered_display": "100.00", "missing_lines": 0, "excluded_lines": 0}, "missing_lines": [], "excluded_lines": []}}, "classes": {"": {"executed_lines": [], "summary": {"covered_lines": 0, "num_statements": 0, "percent_covered": 100.0, "percent_covered_display": "100.00", "missing_lines": 0, "excluded_lines": 0}, "missing_lines": [], "excluded_lines": []}}}, "core\\admin.py": {"executed_lines": [3, 4, 5, 6, 12, 15, 16, 17, 18, 19, 20, 21, 22, 25, 37, 54, 58, 59, 60, 61, 62, 63, 64, 75, 76, 77, 82, 86, 90, 91, 92, 114, 118, 119, 120, 121, 122, 123, 124, 125, 126, 136, 137, 138, 139, 140, 141, 142, 143, 144, 154, 155, 156, 157, 158, 159, 160, 161, 162, 172, 173, 174, 175, 176, 177, 178, 179, 183, 184, 185, 186, 187, 190, 191, 192, 193, 194, 195, 196, 199, 200, 201, 202, 203, 204, 205, 206, 215, 222, 227, 237, 238, 239, 240, 241, 242, 243, 245, 262, 267, 269, 272, 274, 280, 282, 289, 293, 297, 301, 304, 306, 307, 308, 309, 310, 311, 312, 313, 317, 318, 319, 320, 321, 322, 323, 325, 338, 350, 351, 352, 353, 354, 355, 356, 357, 359, 372, 375, 377, 381, 390, 391, 392, 393, 394, 395, 396, 397, 399, 408, 411, 413, 420, 425, 431, 432, 433, 434, 439, 440, 444, 445, 446, 448, 484, 487, 488, 490, 496, 498, 505, 517], "summary": {"covered_lines": 170, "num_statements": 234, "percent_covered": 72.64957264957265, "percent_covered_display": "72.65", "missing_lines": 64, "excluded_lines": 0}, "missing_lines": [216, 217, 218, 220, 223, 224, 225, 228, 229, 230, 264, 265, 266, 271, 276, 277, 278, 279, 284, 285, 286, 287, 291, 295, 299, 343, 345, 346, 374, 379, 383, 410, 414, 415, 416, 418, 421, 422, 423, 426, 427, 428, 486, 492, 493, 494, 495, 499, 500, 501, 503, 506, 507, 508, 510, 511, 513, 514, 515, 518, 519, 520, 521, 522], "excluded_lines": [], "functions": {"ProveedorAdmin.get_queryset": {"executed_lines": [], "summary": {"covered_lines": 0, "num_statements": 4, "percent_covered": 0.0, "percent_covered_display": "0.00", "missing_lines": 4, "excluded_lines": 0}, "missing_lines": [216, 217, 218, 220], "excluded_lines": []}, "ProveedorAdmin.formfield_for_foreignkey": {"executed_lines": [], "summary": {"covered_lines": 0, "num_statements": 3, "percent_covered": 0.0, "percent_covered_display": "0.00", "missing_lines": 3, "excluded_lines": 0}, "missing_lines": [223, 224, 225], "excluded_lines": []}, "ProveedorAdmin.save_model": {"executed_lines": [], "summary": {"covered_lines": 0, "num_statements": 3, "percent_covered": 0.0, "percent_covered_display": "0.00", "missing_lines": 3, "excluded_lines": 0}, "missing_lines": [228, 229, 230], "excluded_lines": []}, "ZipRequestAdmin.file_size_mb": {"executed_lines": [], "summary": {"covered_lines": 0, "num_statements": 3, "percent_covered": 0.0, "percent_covered_display": "0.00", "missing_lines": 3, "excluded_lines": 0}, "missing_lines": [264, 265, 266], "excluded_lines": []}, "ZipRequestAdmin.current_position": {"executed_lines": [], "summary": {"covered_lines": 0, "num_statements": 1, "percent_covered": 0.0, "percent_covered_display": "0.00", "missing_lines": 1, "excluded_lines": 0}, "missing_lines": [271], "excluded_lines": []}, "ZipRequestAdmin.estimated_wait_time": {"executed_lines": [], "summary": {"covered_lines": 0, "num_statements": 4, "percent_covered": 0.0, "percent_covered_display": "0.00", "missing_lines": 4, "excluded_lines": 0}, "missing_lines": [276, 277, 278, 279], "excluded_lines": []}, "ZipRequestAdmin.get_queryset": {"executed_lines": [], "summary": {"covered_lines": 0, "num_statements": 4, "percent_covered": 0.0, "percent_covered_display": "0.00", "missing_lines": 4, "excluded_lines": 0}, "missing_lines": [284, 285, 286, 287], "excluded_lines": []}, "ZipRequestAdmin.has_add_permission": {"executed_lines": [], "summary": {"covered_lines": 0, "num_statements": 1, "percent_covered": 0.0, "percent_covered_display": "0.00", "missing_lines": 1, "excluded_lines": 0}, "missing_lines": [291], "excluded_lines": []}, "ZipRequestAdmin.has_change_permission": {"executed_lines": [], "summary": {"covered_lines": 0, "num_statements": 1, "percent_covered": 0.0, "percent_covered_display": "0.00", "missing_lines": 1, "excluded_lines": 0}, "missing_lines": [295], "excluded_lines": []}, "ZipRequestAdmin.has_delete_permission": {"executed_lines": [], "summary": {"covered_lines": 0, "num_statements": 1, "percent_covered": 0.0, "percent_covered_display": "0.00", "missing_lines": 1, "excluded_lines": 0}, "missing_lines": [299], "excluded_lines": []}, "TerminosYCondicionesAdmin.save_model": {"executed_lines": [], "summary": {"covered_lines": 0, "num_statements": 3, "percent_covered": 0.0, "percent_covered_display": "0.00", "missing_lines": 3, "excluded_lines": 0}, "missing_lines": [343, 345, 346], "excluded_lines": []}, "AceptacionTerminosAdmin.get_terminos_version": {"executed_lines": [], "summary": {"covered_lines": 0, "num_statements": 1, "percent_covered": 0.0, "percent_covered_display": "0.00", "missing_lines": 1, "excluded_lines": 0}, "missing_lines": [374], "excluded_lines": []}, "AceptacionTerminosAdmin.has_add_permission": {"executed_lines": [], "summary": {"covered_lines": 0, "num_statements": 1, "percent_covered": 0.0, "percent_covered_display": "0.00", "missing_lines": 1, "excluded_lines": 0}, "missing_lines": [379], "excluded_lines": []}, "AceptacionTerminosAdmin.has_delete_permission": {"executed_lines": [], "summary": {"covered_lines": 0, "num_statements": 1, "percent_covered": 0.0, "percent_covered_display": "0.00", "missing_lines": 1, "excluded_lines": 0}, "missing_lines": [383], "excluded_lines": []}, "AgrupacionPrestamoAdmin.cantidad_prestamos": {"executed_lines": [], "summary": {"covered_lines": 0, "num_statements": 1, "percent_covered": 0.0, "percent_covered_display": "0.00", "missing_lines": 1, "excluded_lines": 0}, "missing_lines": [410], "excluded_lines": []}, "AgrupacionPrestamoAdmin.get_queryset": {"executed_lines": [], "summary": {"covered_lines": 0, "num_statements": 4, "percent_covered": 0.0, "percent_covered_display": "0.00", "missing_lines": 4, "excluded_lines": 0}, "missing_lines": [414, 415, 416, 418], "excluded_lines": []}, "AgrupacionPrestamoAdmin.formfield_for_foreignkey": {"executed_lines": [], "summary": {"covered_lines": 0, "num_statements": 3, "percent_covered": 0.0, "percent_covered_display": "0.00", "missing_lines": 3, "excluded_lines": 0}, "missing_lines": [421, 422, 423], "excluded_lines": []}, "AgrupacionPrestamoAdmin.save_model": {"executed_lines": [], "summary": {"covered_lines": 0, "num_statements": 3, "percent_covered": 0.0, "percent_covered_display": "0.00", "missing_lines": 3, "excluded_lines": 0}, "missing_lines": [426, 427, 428], "excluded_lines": []}, "PrestamoEquipoAdmin.get_codigo_equipo": {"executed_lines": [], "summary": {"covered_lines": 0, "num_statements": 1, "percent_covered": 0.0, "percent_covered_display": "0.00", "missing_lines": 1, "excluded_lines": 0}, "missing_lines": [486], "excluded_lines": []}, "PrestamoEquipoAdmin.dias_transcurridos": {"executed_lines": [], "summary": {"covered_lines": 0, "num_statements": 4, "percent_covered": 0.0, "percent_covered_display": "0.00", "missing_lines": 4, "excluded_lines": 0}, "missing_lines": [492, 493, 494, 495], "excluded_lines": []}, "PrestamoEquipoAdmin.get_queryset": {"executed_lines": [], "summary": {"covered_lines": 0, "num_statements": 4, "percent_covered": 0.0, "percent_covered_display": "0.00", "missing_lines": 4, "excluded_lines": 0}, "missing_lines": [499, 500, 501, 503], "excluded_lines": []}, "PrestamoEquipoAdmin.formfield_for_foreignkey": {"executed_lines": [], "summary": {"covered_lines": 0, "num_statements": 8, "percent_covered": 0.0, "percent_covered_display": "0.00", "missing_lines": 8, "excluded_lines": 0}, "missing_lines": [506, 507, 508, 510, 511, 513, 514, 515], "excluded_lines": []}, "PrestamoEquipoAdmin.save_model": {"executed_lines": [], "summary": {"covered_lines": 0, "num_statements": 5, "percent_covered": 0.0, "percent_covered_display": "0.00", "missing_lines": 5, "excluded_lines": 0}, "missing_lines": [518, 519, 520, 521, 522], "excluded_lines": []}, "": {"executed_lines": [3, 4, 5, 6, 12, 15, 16, 17, 18, 19, 20, 21, 22, 25, 37, 54, 58, 59, 60, 61, 62, 63, 64, 75, 76, 77, 82, 86, 90, 91, 92, 114, 118, 119, 120, 121, 122, 123, 124, 125, 126, 136, 137, 138, 139, 140, 141, 142, 143, 144, 154, 155, 156, 157, 158, 159, 160, 161, 162, 172, 173, 174, 175, 176, 177, 178, 179, 183, 184, 185, 186, 187, 190, 191, 192, 193, 194, 195, 196, 199, 200, 201, 202, 203, 204, 205, 206, 215, 222, 227, 237, 238, 239, 240, 241, 242, 243, 245, 262, 267, 269, 272, 274, 280, 282, 289, 293, 297, 301, 304, 306, 307, 308, 309, 310, 311, 312, 313, 317, 318, 319, 320, 321, 322, 323, 325, 338, 350, 351, 352, 353, 354, 355, 356, 357, 359, 372, 375, 377, 381, 390, 391, 392, 393, 394, 395, 396, 397, 399, 408, 411, 413, 420, 425, 431, 432, 433, 434, 439, 440, 444, 445, 446, 448, 484, 487, 488, 490, 496, 498, 505, 517], "summary": {"covered_lines": 170, "num_statements": 170, "percent_covered": 100.0, "percent_covered_display": "100.00", "missing_lines": 0, "excluded_lines": 0}, "missing_lines": [], "excluded_lines": []}}, "classes": {"CustomUserAdmin": {"executed_lines": [], "summary": {"covered_lines": 0, "num_statements": 0, "percent_covered": 100.0, "percent_covered_display": "100.00", "missing_lines": 0, "excluded_lines": 0}, "missing_lines": [], "excluded_lines": []}, "EmpresaAdmin": {"executed_lines": [], "summary": {"covered_lines": 0, "num_statements": 0, "percent_covered": 100.0, "percent_covered_display": "100.00", "missing_lines": 0, "excluded_lines": 0}, "missing_lines": [], "excluded_lines": []}, "EquipoAdmin": {"executed_lines": [], "summary": {"covered_lines": 0, "num_statements": 0, "percent_covered": 100.0, "percent_covered_display": "100.00", "missing_lines": 0, "excluded_lines": 0}, "missing_lines": [], "excluded_lines": []}, "CalibracionAdmin": {"executed_lines": [], "summary": {"covered_lines": 0, "num_statements": 0, "percent_covered": 100.0, "percent_covered_display": "100.00", "missing_lines": 0, "excluded_lines": 0}, "missing_lines": [], "excluded_lines": []}, "MantenimientoAdmin": {"executed_lines": [], "summary": {"covered_lines": 0, "num_statements": 0, "percent_covered": 100.0, "percent_covered_display": "100.00", "missing_lines": 0, "excluded_lines": 0}, "missing_lines": [], "excluded_lines": []}, "ComprobacionAdmin": {"executed_lines": [], "summary": {"covered_lines": 0, "num_statements": 0, "percent_covered": 100.0, "percent_covered_display": "100.00", "missing_lines": 0, "excluded_lines": 0}, "missing_lines": [], "excluded_lines": []}, "BajaEquipoAdmin": {"executed_lines": [], "summary": {"covered_lines": 0, "num_statements": 0, "percent_covered": 100.0, "percent_covered_display": "100.00", "missing_lines": 0, "excluded_lines": 0}, "missing_lines": [], "excluded_lines": []}, "UbicacionAdmin": {"executed_lines": [], "summary": {"covered_lines": 0, "num_statements": 0, "percent_covered": 100.0, "percent_covered_display": "100.00", "missing_lines": 0, "excluded_lines": 0}, "missing_lines": [], "excluded_lines": []}, "ProcedimientoAdmin": {"executed_lines": [], "summary": {"covered_lines": 0, "num_statements": 0, "percent_covered": 100.0, "percent_covered_display": "100.00", "missing_lines": 0, "excluded_lines": 0}, "missing_lines": [], "excluded_lines": []}, "ProveedorAdmin": {"executed_lines": [], "summary": {"covered_lines": 0, "num_statements": 10, "percent_covered": 0.0, "percent_covered_display": "0.00", "missing_lines": 10, "excluded_lines": 0}, "missing_lines": [216, 217, 218, 220, 223, 224, 225, 228, 229, 230], "excluded_lines": []}, "ZipRequestAdmin": {"executed_lines": [], "summary": {"covered_lines": 0, "num_statements": 15, "percent_covered": 0.0, "percent_covered_display": "0.00", "missing_lines": 15, "excluded_lines": 0}, "missing_lines": [264, 265, 266, 271, 276, 277, 278, 279, 284, 285, 286, 287, 291, 295, 299], "excluded_lines": []}, "NotificacionVencimientoAdmin": {"executed_lines": [], "summary": {"covered_lines": 0, "num_statements": 0, "percent_covered": 100.0, "percent_covered_display": "100.00", "missing_lines": 0, "excluded_lines": 0}, "missing_lines": [], "excluded_lines": []}, "TerminosYCondicionesAdmin": {"executed_lines": [], "summary": {"covered_lines": 0, "num_statements": 3, "percent_covered": 0.0, "percent_covered_display": "0.00", "missing_lines": 3, "excluded_lines": 0}, "missing_lines": [343, 345, 346], "excluded_lines": []}, "AceptacionTerminosAdmin": {"executed_lines": [], "summary": {"covered_lines": 0, "num_statements": 3, "percent_covered": 0.0, "percent_covered_display": "0.00", "missing_lines": 3, "excluded_lines": 0}, "missing_lines": [374, 379, 383], "excluded_lines": []}, "AgrupacionPrestamoAdmin": {"executed_lines": [], "summary": {"covered_lines": 0, "num_statements": 11, "percent_covered": 0.0, "percent_covered_display": "0.00", "missing_lines": 11, "excluded_lines": 0}, "missing_lines": [410, 414, 415, 416, 418, 421, 422, 423, 426, 427, 428], "excluded_lines": []}, "PrestamoEquipoAdmin": {"executed_lines": [], "summary": {"covered_lines": 0, "num_statements": 22, "percent_covered": 0.0, "percent_covered_display": "0.00", "missing_lines": 22, "excluded_lines": 0}, "missing_lines": [486, 492, 493, 494, 495, 499, 500, 501, 503, 506, 507, 508, 510, 511, 513, 514, 515, 518, 519, 520, 521, 522], "excluded_lines": []}, "": {"executed_lines": [3, 4, 5, 6, 12, 15, 16, 17, 18, 19, 20, 21, 22, 25, 37, 54, 58, 59, 60, 61, 62, 63, 64, 75, 76, 77, 82, 86, 90, 91, 92, 114, 118, 119, 120, 121, 122, 123, 124, 125, 126, 136, 137, 138, 139, 140, 141, 142, 143, 144, 154, 155, 156, 157, 158, 159, 160, 161, 162, 172, 173, 174, 175, 176, 177, 178, 179, 183, 184, 185, 186, 187, 190, 191, 192, 193, 194, 195, 196, 199, 200, 201, 202, 203, 204, 205, 206, 215, 222, 227, 237, 238, 239, 240, 241, 242, 243, 245, 262, 267, 269, 272, 274, 280, 282, 289, 293, 297, 301, 304, 306, 307, 308, 309, 310, 311, 312, 313, 317, 318, 319, 320, 321, 322, 323, 325, 338, 350, 351, 352, 353, 354, 355, 356, 357, 359, 372, 375, 377, 381, 390, 391, 392, 393, 394, 395, 396, 397, 399, 408, 411, 413, 420, 425, 431, 432, 433, 434, 439, 440, 444, 445, 446, 448, 484, 487, 488, 490, 496, 498, 505, 517], "summary": {"covered_lines": 170, "num_statements": 170, "percent_covered": 100.0, "percent_covered_display": "100.00", "missing_lines": 0, "excluded_lines": 0}, "missing_lines": [], "excluded_lines": []}}}, "core\\admin_services.py": {"executed_lines": [4, 5, 6, 7, 8, 9, 10, 11, 12, 13, 14, 16, 18, 19, 23, 24, 64, 65, 199, 200, 242, 243, 296, 297, 343, 344, 374, 375, 394, 395, 427, 428, 448, 449, 474, 475, 479, 480, 494, 495, 510, 511, 568, 569, 576, 577, 589, 590], "summary": {"covered_lines": 46, "num_statements": 280, "percent_covered": 16.428571428571427, "percent_covered_display": "16.43", "missing_lines": 234, "excluded_lines": 0}, "missing_lines": [28, 30, 32, 40, 49, 51, 53, 54, 61, 62, 69, 70, 71, 73, 74, 75, 77, 79, 80, 82, 83, 85, 86, 87, 88, 89, 92, 93, 94, 95, 97, 99, 100, 104, 105, 106, 107, 108, 110, 111, 112, 114, 115, 116, 117, 118, 120, 121, 122, 124, 125, 126, 128, 129, 130, 131, 132, 136, 140, 144, 145, 147, 148, 149, 153, 154, 155, 162, 163, 165, 166, 167, 168, 169, 171, 185, 186, 188, 189, 196, 197, 204, 205, 207, 214, 215, 217, 219, 228, 229, 231, 232, 239, 240, 247, 248, 250, 259, 262, 263, 264, 266, 267, 269, 281, 282, 284, 285, 293, 294, 301, 302, 304, 313, 314, 316, 318, 329, 330, 332, 333, 340, 341, 348, 350, 353, 356, 358, 366, 367, 368, 379, 380, 381, 386, 387, 388, 399, 400, 402, 410, 411, 413, 416, 417, 419, 421, 423, 424, 425, 432, 433, 435, 436, 437, 438, 439, 440, 441, 442, 443, 444, 446, 453, 454, 455, 456, 457, 458, 459, 460, 461, 463, 464, 465, 467, 484, 485, 486, 487, 488, 489, 491, 492, 499, 500, 501, 502, 504, 505, 506, 507, 508, 516, 517, 518, 519, 522, 523, 524, 525, 526, 528, 529, 530, 531, 532, 535, 536, 537, 538, 539, 541, 542, 543, 544, 545, 548, 549, 550, 551, 552, 554, 560, 561, 562, 572, 573, 579, 582, 583, 585, 592, 594], "excluded_lines": [], "functions": {"AdminService.execute_maintenance": {"executed_lines": [], "summary": {"covered_lines": 0, "num_statements": 10, "percent_covered": 0.0, "percent_covered_display": "0.00", "missing_lines": 10, "excluded_lines": 0}, "missing_lines": [28, 30, 32, 40, 49, 51, 53, 54, 61, 62], "excluded_lines": []}, "AdminService.execute_notifications": {"executed_lines": [], "summary": {"covered_lines": 0, "num_statements": 71, "percent_covered": 0.0, "percent_covered_display": "0.00", "missing_lines": 71, "excluded_lines": 0}, "missing_lines": [69, 70, 71, 73, 74, 75, 77, 79, 80, 82, 83, 85, 86, 87, 88, 89, 92, 93, 94, 95, 97, 99, 100, 104, 105, 106, 107, 108, 110, 111, 112, 114, 115, 116, 117, 118, 120, 121, 122, 124, 125, 126, 128, 129, 130, 131, 132, 136, 140, 144, 145, 147, 148, 149, 153, 154, 155, 162, 163, 165, 166, 167, 168, 169, 171, 185, 186, 188, 189, 196, 197], "excluded_lines": []}, "AdminService.execute_backup": {"executed_lines": [], "summary": {"covered_lines": 0, "num_statements": 13, "percent_covered": 0.0, "percent_covered_display": "0.00", "missing_lines": 13, "excluded_lines": 0}, "missing_lines": [204, 205, 207, 214, 215, 217, 219, 228, 229, 231, 232, 239, 240], "excluded_lines": []}, "AdminService.execute_cleanup_backups": {"executed_lines": [], "summary": {"covered_lines": 0, "num_statements": 16, "percent_covered": 0.0, "percent_covered_display": "0.00", "missing_lines": 16, "excluded_lines": 0}, "missing_lines": [247, 248, 250, 259, 262, 263, 264, 266, 267, 269, 281, 282, 284, 285, 293, 294], "excluded_lines": []}, "AdminService.execute_restore": {"executed_lines": [], "summary": {"covered_lines": 0, "num_statements": 13, "percent_covered": 0.0, "percent_covered_display": "0.00", "missing_lines": 13, "excluded_lines": 0}, "missing_lines": [301, 302, 304, 313, 314, 316, 318, 329, 330, 332, 333, 340, 341], "excluded_lines": []}, "AdminService.get_system_status": {"executed_lines": [], "summary": {"covered_lines": 0, "num_statements": 8, "percent_covered": 0.0, "percent_covered_display": "0.00", "missing_lines": 8, "excluded_lines": 0}, "missing_lines": [348, 350, 353, 356, 358, 366, 367, 368], "excluded_lines": []}, "AdminService.get_execution_history": {"executed_lines": [], "summary": {"covered_lines": 0, "num_statements": 6, "percent_covered": 0.0, "percent_covered_display": "0.00", "missing_lines": 6, "excluded_lines": 0}, "missing_lines": [379, 380, 381, 386, 387, 388], "excluded_lines": []}, "AdminService.save_execution_to_history": {"executed_lines": [], "summary": {"covered_lines": 0, "num_statements": 13, "percent_covered": 0.0, "percent_covered_display": "0.00", "missing_lines": 13, "excluded_lines": 0}, "missing_lines": [399, 400, 402, 410, 411, 413, 416, 417, 419, 421, 423, 424, 425], "excluded_lines": []}, "AdminService._get_execution_summary": {"executed_lines": [], "summary": {"covered_lines": 0, "num_statements": 13, "percent_covered": 0.0, "percent_covered_display": "0.00", "missing_lines": 13, "excluded_lines": 0}, "missing_lines": [432, 433, 435, 436, 437, 438, 439, 440, 441, 442, 443, 444, 446], "excluded_lines": []}, "AdminService.execute_command_async": {"executed_lines": [], "summary": {"covered_lines": 0, "num_statements": 5, "percent_covered": 0.0, "percent_covered_display": "0.00", "missing_lines": 5, "excluded_lines": 0}, "missing_lines": [453, 463, 464, 465, 467], "excluded_lines": []}, "AdminService.execute_command_async.run_command": {"executed_lines": [], "summary": {"covered_lines": 0, "num_statements": 8, "percent_covered": 0.0, "percent_covered_display": "0.00", "missing_lines": 8, "excluded_lines": 0}, "missing_lines": [454, 455, 456, 457, 458, 459, 460, 461], "excluded_lines": []}, "ScheduleManager.get_schedule_config": {"executed_lines": [], "summary": {"covered_lines": 0, "num_statements": 8, "percent_covered": 0.0, "percent_covered_display": "0.00", "missing_lines": 8, "excluded_lines": 0}, "missing_lines": [484, 485, 486, 487, 488, 489, 491, 492], "excluded_lines": []}, "ScheduleManager.save_schedule_config": {"executed_lines": [], "summary": {"covered_lines": 0, "num_statements": 9, "percent_covered": 0.0, "percent_covered_display": "0.00", "missing_lines": 9, "excluded_lines": 0}, "missing_lines": [499, 500, 501, 502, 504, 505, 506, 507, 508], "excluded_lines": []}, "ScheduleManager.check_scheduled_tasks": {"executed_lines": [], "summary": {"covered_lines": 0, "num_statements": 33, "percent_covered": 0.0, "percent_covered_display": "0.00", "missing_lines": 33, "excluded_lines": 0}, "missing_lines": [516, 517, 518, 519, 522, 523, 524, 525, 526, 528, 529, 530, 531, 532, 535, 536, 537, 538, 539, 541, 542, 543, 544, 545, 548, 549, 550, 551, 552, 554, 560, 561, 562], "excluded_lines": []}, "ScheduleManager._should_execute_daily": {"executed_lines": [], "summary": {"covered_lines": 0, "num_statements": 2, "percent_covered": 0.0, "percent_covered_display": "0.00", "missing_lines": 2, "excluded_lines": 0}, "missing_lines": [572, 573], "excluded_lines": []}, "ScheduleManager._should_execute_weekly": {"executed_lines": [], "summary": {"covered_lines": 0, "num_statements": 4, "percent_covered": 0.0, "percent_covered_display": "0.00", "missing_lines": 4, "excluded_lines": 0}, "missing_lines": [579, 582, 583, 585], "excluded_lines": []}, "ScheduleManager._should_execute_monthly": {"executed_lines": [], "summary": {"covered_lines": 0, "num_statements": 2, "percent_covered": 0.0, "percent_covered_display": "0.00", "missing_lines": 2, "excluded_lines": 0}, "missing_lines": [592, 594], "excluded_lines": []}, "": {"executed_lines": [4, 5, 6, 7, 8, 9, 10, 11, 12, 13, 14, 16, 18, 19, 23, 24, 64, 65, 199, 200, 242, 243, 296, 297, 343, 344, 374, 375, 394, 395, 427, 428, 448, 449, 474, 475, 479, 480, 494, 495, 510, 511, 568, 569, 576, 577, 589, 590], "summary": {"covered_lines": 46, "num_statements": 46, "percent_covered": 100.0, "percent_covered_display": "100.00", "missing_lines": 0, "excluded_lines": 0}, "missing_lines": [], "excluded_lines": []}}, "classes": {"AdminService": {"executed_lines": [], "summary": {"covered_lines": 0, "num_statements": 176, "percent_covered": 0.0, "percent_covered_display": "0.00", "missing_lines": 176, "excluded_lines": 0}, "missing_lines": [28, 30, 32, 40, 49, 51, 53, 54, 61, 62, 69, 70, 71, 73, 74, 75, 77, 79, 80, 82, 83, 85, 86, 87, 88, 89, 92, 93, 94, 95, 97, 99, 100, 104, 105, 106, 107, 108, 110, 111, 112, 114, 115, 116, 117, 118, 120, 121, 122, 124, 125, 126, 128, 129, 130, 131, 132, 136, 140, 144, 145, 147, 148, 149, 153, 154, 155, 162, 163, 165, 166, 167, 168, 169, 171, 185, 186, 188, 189, 196, 197, 204, 205, 207, 214, 215, 217, 219, 228, 229, 231, 232, 239, 240, 247, 248, 250, 259, 262, 263, 264, 266, 267, 269, 281, 282, 284, 285, 293, 294, 301, 302, 304, 313, 314, 316, 318, 329, 330, 332, 333, 340, 341, 348, 350, 353, 356, 358, 366, 367, 368, 379, 380, 381, 386, 387, 388, 399, 400, 402, 410, 411, 413, 416, 417, 419, 421, 423, 424, 425, 432, 433, 435, 436, 437, 438, 439, 440, 441, 442, 443, 444, 446, 453, 454, 455, 456, 457, 458, 459, 460, 461, 463, 464, 465, 467], "excluded_lines": []}, "ScheduleManager": {"executed_lines": [], "summary": {"covered_lines": 0, "num_statements": 58, "percent_covered": 0.0, "percent_covered_display": "0.00", "missing_lines": 58, "excluded_lines": 0}, "missing_lines": [484, 485, 486, 487, 488, 489, 491, 492, 499, 500, 501, 502, 504, 505, 506, 507, 508, 516, 517, 518, 519, 522, 523, 524, 525, 526, 528, 529, 530, 531, 532, 535, 536, 537, 538, 539, 541, 542, 543, 544, 545, 548, 549, 550, 551, 552, 554, 560, 561, 562, 572, 573, 579, 582, 583, 585, 592, 594], "excluded_lines": []}, "": {"executed_lines": [4, 5, 6, 7, 8, 9, 10, 11, 12, 13, 14, 16, 18, 19, 23, 24, 64, 65, 199, 200, 242, 243, 296, 297, 343, 344, 374, 375, 394, 395, 427, 428, 448, 449, 474, 475, 479, 480, 494, 495, 510, 511, 568, 569, 576, 577, 589, 590], "summary": {"covered_lines": 46, "num_statements": 46, "percent_covered": 100.0, "percent_covered_display": "100.00", "missing_lines": 0, "excluded_lines": 0}, "missing_lines": [], "excluded_lines": []}}}, "core\\admin_views.py": {"executed_lines": [4, 5, 6, 7, 8, 9, 10, 11, 12, 13, 14, 15, 16, 18, 20, 24, 25, 26, 54, 55, 56, 160, 161, 162, 217, 218, 219, 325, 326, 327, 373, 374, 375, 455, 456, 457, 525, 526, 527, 547, 548, 549, 559, 560, 561, 562, 635, 691, 692, 693, 751, 752, 753, 773, 774, 775, 809, 810, 811, 850, 851, 852, 853, 953, 954, 955], "summary": {"covered_lines": 66, "num_statements": 557, "percent_covered": 11.8491921005386, "percent_covered_display": "11.85", "missing_lines": 491, "excluded_lines": 0}, "missing_lines": [22, 30, 32, 35, 38, 40, 47, 49, 50, 51, 52, 61, 62, 63, 65, 66, 67, 69, 70, 71, 74, 83, 86, 87, 88, 90, 92, 98, 101, 102, 106, 107, 109, 115, 117, 118, 119, 120, 121, 122, 124, 125, 126, 128, 131, 134, 135, 136, 137, 140, 142, 158, 166, 167, 168, 170, 171, 174, 180, 181, 182, 184, 186, 188, 189, 190, 192, 195, 196, 201, 215, 223, 224, 226, 227, 228, 229, 231, 232, 234, 241, 247, 248, 250, 252, 253, 254, 256, 257, 258, 259, 260, 261, 263, 264, 266, 267, 268, 270, 279, 285, 286, 287, 289, 291, 293, 294, 295, 297, 300, 303, 304, 310, 312, 323, 331, 332, 335, 336, 337, 338, 339, 342, 360, 366, 368, 369, 370, 371, 379, 380, 382, 413, 414, 415, 417, 419, 420, 421, 423, 426, 428, 453, 461, 464, 466, 467, 469, 470, 471, 474, 475, 476, 477, 478, 479, 480, 483, 484, 485, 488, 489, 492, 494, 497, 498, 500, 503, 513, 514, 515, 517, 519, 523, 531, 532, 535, 536, 537, 539, 544, 553, 554, 555, 556, 557, 566, 567, 568, 569, 571, 572, 576, 577, 583, 584, 589, 590, 594, 596, 597, 602, 604, 605, 606, 607, 608, 610, 611, 612, 613, 614, 615, 617, 619, 622, 628, 630, 631, 632, 639, 640, 641, 642, 644, 645, 647, 649, 650, 652, 654, 655, 656, 657, 667, 668, 669, 670, 672, 673, 675, 677, 678, 679, 682, 684, 686, 687, 688, 697, 698, 699, 700, 701, 704, 707, 708, 711, 712, 715, 716, 719, 720, 723, 726, 727, 728, 731, 739, 740, 742, 744, 745, 746, 747, 748, 757, 758, 760, 765, 767, 768, 769, 770, 779, 780, 782, 783, 785, 786, 787, 789, 791, 793, 798, 800, 801, 802, 803, 804, 805, 806, 815, 816, 818, 819, 820, 822, 823, 825, 828, 829, 830, 832, 839, 841, 842, 843, 844, 845, 846, 847, 858, 862, 863, 865, 867, 868, 872, 877, 879, 880, 885, 886, 890, 892, 894, 896, 898, 899, 902, 903, 905, 906, 907, 908, 909, 910, 911, 917, 918, 919, 920, 922, 927, 932, 933, 938, 941, 942, 944, 950, 960, 971, 972, 973, 974, 975, 977, 978, 979, 980, 981, 982, 985, 988, 989, 990, 993, 995, 998, 999, 1000, 1001, 1003, 1004, 1005, 1006, 1009, 1016, 1017, 1021, 1025, 1034, 1037, 1038, 1039, 1040, 1041, 1042, 1045, 1048, 1049, 1051, 1054, 1055, 1058, 1060, 1066, 1067, 1069, 1073, 1074, 1075, 1076, 1077, 1078, 1080, 1082, 1085, 1086, 1089, 1090, 1092, 1094, 1095, 1097, 1098, 1100, 1102, 1105, 1106, 1107, 1108, 1110, 1111, 1113, 1120, 1121, 1124, 1125, 1126, 1127, 1130, 1131, 1132, 1133, 1134, 1137, 1140, 1141, 1142, 1143, 1146, 1148, 1149, 1150, 1152, 1153, 1154, 1155, 1156, 1157, 1158, 1159, 1161, 1162, 1164, 1175, 1186, 1195, 1197, 1198, 1201, 1211, 1212, 1217, 1223, 1234, 1236, 1237, 1238, 1239, 1240, 1242, 1243, 1244, 1245, 1246, 1247, 1249], "excluded_lines": [], "functions": {"is_superuser": {"executed_lines": [], "summary": {"covered_lines": 0, "num_statements": 1, "percent_covered": 0.0, "percent_covered_display": "0.00", "missing_lines": 1, "excluded_lines": 0}, "missing_lines": [22], "excluded_lines": []}, "admin_dashboard": {"executed_lines": [], "summary": {"covered_lines": 0, "num_statements": 10, "percent_covered": 0.0, "percent_covered_display": "0.00", "missing_lines": 10, "excluded_lines": 0}, "missing_lines": [30, 32, 35, 38, 40, 47, 49, 50, 51, 52], "excluded_lines": []}, "system_maintenance": {"executed_lines": [], "summary": {"covered_lines": 0, "num_statements": 41, "percent_covered": 0.0, "percent_covered_display": "0.00", "missing_lines": 41, "excluded_lines": 0}, "missing_lines": [61, 62, 63, 65, 66, 67, 69, 70, 71, 74, 83, 86, 87, 88, 90, 92, 98, 101, 102, 106, 107, 109, 115, 117, 118, 119, 120, 121, 122, 124, 125, 126, 128, 131, 134, 135, 136, 137, 140, 142, 158], "excluded_lines": []}, "system_notifications": {"executed_lines": [], "summary": {"covered_lines": 0, "num_statements": 19, "percent_covered": 0.0, "percent_covered_display": "0.00", "missing_lines": 19, "excluded_lines": 0}, "missing_lines": [166, 167, 168, 170, 171, 174, 180, 181, 182, 184, 186, 188, 189, 190, 192, 195, 196, 201, 215], "excluded_lines": []}, "system_backup": {"executed_lines": [], "summary": {"covered_lines": 0, "num_statements": 44, "percent_covered": 0.0, "percent_covered_display": "0.00", "missing_lines": 44, "excluded_lines": 0}, "missing_lines": [223, 224, 226, 227, 228, 229, 231, 232, 234, 241, 247, 248, 250, 252, 253, 254, 256, 257, 258, 259, 260, 261, 263, 264, 266, 267, 268, 270, 279, 285, 286, 287, 289, 291, 293, 294, 295, 297, 300, 303, 304, 310, 312, 323], "excluded_lines": []}, "system_monitoring": {"executed_lines": [], "summary": {"covered_lines": 0, "num_statements": 14, "percent_covered": 0.0, "percent_covered_display": "0.00", "missing_lines": 14, "excluded_lines": 0}, "missing_lines": [331, 332, 335, 336, 337, 338, 339, 342, 360, 366, 368, 369, 370, 371], "excluded_lines": []}, "system_schedule": {"executed_lines": [], "summary": {"covered_lines": 0, "num_statements": 14, "percent_covered": 0.0, "percent_covered_display": "0.00", "missing_lines": 14, "excluded_lines": 0}, "missing_lines": [379, 380, 382, 413, 414, 415, 417, 419, 420, 421, 423, 426, 428, 453], "excluded_lines": []}, "email_configuration": {"executed_lines": [], "summary": {"covered_lines": 0, "num_statements": 31, "percent_covered": 0.0, "percent_covered_display": "0.00", "missing_lines": 31, "excluded_lines": 0}, "missing_lines": [461, 464, 466, 467, 469, 470, 471, 474, 475, 476, 477, 478, 479, 480, 483, 484, 485, 488, 489, 492, 494, 497, 498, 500, 503, 513, 514, 515, 517, 519, 523], "excluded_lines": []}, "execution_history": {"executed_lines": [], "summary": {"covered_lines": 0, "num_statements": 7, "percent_covered": 0.0, "percent_covered_display": "0.00", "missing_lines": 7, "excluded_lines": 0}, "missing_lines": [531, 532, 535, 536, 537, 539, 544], "excluded_lines": []}, "api_system_status": {"executed_lines": [], "summary": {"covered_lines": 0, "num_statements": 5, "percent_covered": 0.0, "percent_covered_display": "0.00", "missing_lines": 5, "excluded_lines": 0}, "missing_lines": [553, 554, 555, 556, 557], "excluded_lines": []}, "api_execute_command": {"executed_lines": [], "summary": {"covered_lines": 0, "num_statements": 34, "percent_covered": 0.0, "percent_covered_display": "0.00", "missing_lines": 34, "excluded_lines": 0}, "missing_lines": [566, 567, 568, 569, 571, 572, 576, 577, 583, 584, 589, 590, 594, 596, 597, 602, 604, 605, 606, 607, 608, 610, 611, 612, 613, 614, 615, 617, 619, 622, 628, 630, 631, 632], "excluded_lines": []}, "_get_available_backup_files": {"executed_lines": [], "summary": {"covered_lines": 0, "num_statements": 29, "percent_covered": 0.0, "percent_covered_display": "0.00", "missing_lines": 29, "excluded_lines": 0}, "missing_lines": [639, 640, 641, 642, 644, 645, 647, 649, 650, 652, 654, 655, 656, 657, 667, 668, 669, 670, 672, 673, 675, 677, 678, 679, 682, 684, 686, 687, 688], "excluded_lines": []}, "download_backup": {"executed_lines": [], "summary": {"covered_lines": 0, "num_statements": 27, "percent_covered": 0.0, "percent_covered_display": "0.00", "missing_lines": 27, "excluded_lines": 0}, "missing_lines": [697, 698, 699, 700, 701, 704, 707, 708, 711, 712, 715, 716, 719, 720, 723, 726, 727, 728, 731, 739, 740, 742, 744, 745, 746, 747, 748], "excluded_lines": []}, "deleted_companies": {"executed_lines": [], "summary": {"covered_lines": 0, "num_statements": 8, "percent_covered": 0.0, "percent_covered_display": "0.00", "missing_lines": 8, "excluded_lines": 0}, "missing_lines": [757, 758, 760, 765, 767, 768, 769, 770], "excluded_lines": []}, "restore_company": {"executed_lines": [], "summary": {"covered_lines": 0, "num_statements": 18, "percent_covered": 0.0, "percent_covered_display": "0.00", "missing_lines": 18, "excluded_lines": 0}, "missing_lines": [779, 780, 782, 783, 785, 786, 787, 789, 791, 793, 798, 800, 801, 802, 803, 804, 805, 806], "excluded_lines": []}, "soft_delete_company": {"executed_lines": [], "summary": {"covered_lines": 0, "num_statements": 20, "percent_covered": 0.0, "percent_covered_display": "0.00", "missing_lines": 20, "excluded_lines": 0}, "missing_lines": [815, 816, 818, 819, 820, 822, 823, 825, 828, 829, 830, 832, 839, 841, 842, 843, 844, 845, 846, 847], "excluded_lines": []}, "cleanup_old_companies": {"executed_lines": [], "summary": {"covered_lines": 0, "num_statements": 40, "percent_covered": 0.0, "percent_covered_display": "0.00", "missing_lines": 40, "excluded_lines": 0}, "missing_lines": [858, 862, 863, 865, 867, 868, 872, 877, 879, 880, 885, 886, 890, 892, 894, 896, 898, 899, 902, 903, 905, 906, 907, 908, 909, 910, 911, 917, 918, 919, 920, 922, 927, 932, 933, 938, 941, 942, 944, 950], "excluded_lines": []}, "run_tests_panel": {"executed_lines": [], "summary": {"covered_lines": 0, "num_statements": 129, "percent_covered": 0.0, "percent_covered_display": "0.00", "missing_lines": 129, "excluded_lines": 0}, "missing_lines": [960, 971, 972, 973, 974, 975, 977, 978, 979, 980, 981, 982, 985, 988, 989, 990, 993, 995, 998, 999, 1000, 1001, 1003, 1004, 1005, 1006, 1009, 1016, 1017, 1021, 1025, 1034, 1037, 1038, 1039, 1040, 1041, 1042, 1045, 1048, 1049, 1051, 1054, 1055, 1058, 1060, 1066, 1067, 1069, 1073, 1074, 1075, 1076, 1077, 1078, 1080, 1082, 1085, 1086, 1089, 1090, 1092, 1094, 1095, 1097, 1098, 1100, 1102, 1105, 1106, 1107, 1108, 1110, 1111, 1113, 1120, 1121, 1124, 1125, 1126, 1127, 1130, 1131, 1132, 1133, 1134, 1137, 1140, 1141, 1142, 1143, 1146, 1148, 1149, 1150, 1152, 1153, 1154, 1155, 1156, 1157, 1158, 1159, 1161, 1162, 1164, 1175, 1186, 1195, 1197, 1198, 1201, 1211, 1212, 1217, 1223, 1234, 1236, 1237, 1238, 1239, 1240, 1242, 1243, 1244, 1245, 1246, 1247, 1249], "excluded_lines": []}, "": {"executed_lines": [4, 5, 6, 7, 8, 9, 10, 11, 12, 13, 14, 15, 16, 18, 20, 24, 25, 26, 54, 55, 56, 160, 161, 162, 217, 218, 219, 325, 326, 327, 373, 374, 375, 455, 456, 457, 525, 526, 527, 547, 548, 549, 559, 560, 561, 562, 635, 691, 692, 693, 751, 752, 753, 773, 774, 775, 809, 810, 811, 850, 851, 852, 853, 953, 954, 955], "summary": {"covered_lines": 66, "num_statements": 66, "percent_covered": 100.0, "percent_covered_display": "100.00", "missing_lines": 0, "excluded_lines": 0}, "missing_lines": [], "excluded_lines": []}}, "classes": {"": {"executed_lines": [4, 5, 6, 7, 8, 9, 10, 11, 12, 13, 14, 15, 16, 18, 20, 24, 25, 26, 54, 55, 56, 160, 161, 162, 217, 218, 219, 325, 326, 327, 373, 374, 375, 455, 456, 457, 525, 526, 527, 547, 548, 549, 559, 560, 561, 562, 635, 691, 692, 693, 751, 752, 753, 773, 774, 775, 809, 810, 811, 850, 851, 852, 853, 953, 954, 955], "summary": {"covered_lines": 66, "num_statements": 557, "percent_covered": 11.8491921005386, "percent_covered_display": "11.85", "missing_lines": 491, "excluded_lines": 0}, "missing_lines": [22, 30, 32, 35, 38, 40, 47, 49, 50, 51, 52, 61, 62, 63, 65, 66, 67, 69, 70, 71, 74, 83, 86, 87, 88, 90, 92, 98, 101, 102, 106, 107, 109, 115, 117, 118, 119, 120, 121, 122, 124, 125, 126, 128, 131, 134, 135, 136, 137, 140, 142, 158, 166, 167, 168, 170, 171, 174, 180, 181, 182, 184, 186, 188, 189, 190, 192, 195, 196, 201, 215, 223, 224, 226, 227, 228, 229, 231, 232, 234, 241, 247, 248, 250, 252, 253, 254, 256, 257, 258, 259, 260, 261, 263, 264, 266, 267, 268, 270, 279, 285, 286, 287, 289, 291, 293, 294, 295, 297, 300, 303, 304, 310, 312, 323, 331, 332, 335, 336, 337, 338, 339, 342, 360, 366, 368, 369, 370, 371, 379, 380, 382, 413, 414, 415, 417, 419, 420, 421, 423, 426, 428, 453, 461, 464, 466, 467, 469, 470, 471, 474, 475, 476, 477, 478, 479, 480, 483, 484, 485, 488, 489, 492, 494, 497, 498, 500, 503, 513, 514, 515, 517, 519, 523, 531, 532, 535, 536, 537, 539, 544, 553, 554, 555, 556, 557, 566, 567, 568, 569, 571, 572, 576, 577, 583, 584, 589, 590, 594, 596, 597, 602, 604, 605, 606, 607, 608, 610, 611, 612, 613, 614, 615, 617, 619, 622, 628, 630, 631, 632, 639, 640, 641, 642, 644, 645, 647, 649, 650, 652, 654, 655, 656, 657, 667, 668, 669, 670, 672, 673, 675, 677, 678, 679, 682, 684, 686, 687, 688, 697, 698, 699, 700, 701, 704, 707, 708, 711, 712, 715, 716, 719, 720, 723, 726, 727, 728, 731, 739, 740, 742, 744, 745, 746, 747, 748, 757, 758, 760, 765, 767, 768, 769, 770, 779, 780, 782, 783, 785, 786, 787, 789, 791, 793, 798, 800, 801, 802, 803, 804, 805, 806, 815, 816, 818, 819, 820, 822, 823, 825, 828, 829, 830, 832, 839, 841, 842, 843, 844, 845, 846, 847, 858, 862, 863, 865, 867, 868, 872, 877, 879, 880, 885, 886, 890, 892, 894, 896, 898, 899, 902, 903, 905, 906, 907, 908, 909, 910, 911, 917, 918, 919, 920, 922, 927, 932, 933, 938, 941, 942, 944, 950, 960, 971, 972, 973, 974, 975, 977, 978, 979, 980, 981, 982, 985, 988, 989, 990, 993, 995, 998, 999, 1000, 1001, 1003, 1004, 1005, 1006, 1009, 1016, 1017, 1021, 1025, 1034, 1037, 1038, 1039, 1040, 1041, 1042, 1045, 1048, 1049, 1051, 1054, 1055, 1058, 1060, 1066, 1067, 1069, 1073, 1074, 1075, 1076, 1077, 1078, 1080, 1082, 1085, 1086, 1089, 1090, 1092, 1094, 1095, 1097, 1098, 1100, 1102, 1105, 1106, 1107, 1108, 1110, 1111, 1113, 1120, 1121, 1124, 1125, 1126, 1127, 1130, 1131, 1132, 1133, 1134, 1137, 1140, 1141, 1142, 1143, 1146, 1148, 1149, 1150, 1152, 1153, 1154, 1155, 1156, 1157, 1158, 1159, 1161, 1162, 1164, 1175, 1186, 1195, 1197, 1198, 1201, 1211, 1212, 1217, 1223, 1234, 1236, 1237, 1238, 1239, 1240, 1242, 1243, 1244, 1245, 1246, 1247, 1249], "excluded_lines": []}}}, "core\\apps.py": {"executed_lines": [1, 2, 4, 6, 7, 8, 10, 29, 30], "summary": {"covered_lines": 9, "num_statements": 11, "percent_covered": 81.81818181818181, "percent_covered_display": "81.82", "missing_lines": 2, "excluded_lines": 0}, "missing_lines": [31, 32], "excluded_lines": [], "functions": {"CoreConfig.ready": {"executed_lines": [29, 30], "summary": {"covered_lines": 2, "num_statements": 4, "percent_covered": 50.0, "percent_covered_display": "50.00", "missing_lines": 2, "excluded_lines": 0}, "missing_lines": [31, 32], "excluded_lines": []}, "": {"executed_lines": [1, 2, 4, 6, 7, 8, 10], "summary": {"covered_lines": 7, "num_statements": 7, "percent_covered": 100.0, "percent_covered_display": "100.00", "missing_lines": 0, "excluded_lines": 0}, "missing_lines": [], "excluded_lines": []}}, "classes": {"CoreConfig": {"executed_lines": [29, 30], "summary": {"covered_lines": 2, "num_statements": 4, "percent_covered": 50.0, "percent_covered_display": "50.00", "missing_lines": 2, "excluded_lines": 0}, "missing_lines": [31, 32], "excluded_lines": []}, "": {"executed_lines": [1, 2, 4, 6, 7, 8, 10], "summary": {"covered_lines": 7, "num_statements": 7, "percent_covered": 100.0, "percent_covered_display": "100.00", "missing_lines": 0, "excluded_lines": 0}, "missing_lines": [], "excluded_lines": []}}}, "core\\constants.py": {"executed_lines": [2, 16, 17, 18, 19, 20, 21, 22, 24, 37, 38, 39, 40, 42, 53, 54, 55, 56, 58, 69, 70, 71, 73, 83, 84, 85, 86, 88, 99, 100, 101, 103, 113, 114, 115, 117, 127, 128, 129, 130, 131, 133, 145, 146, 147, 148, 150, 161, 162, 163, 165, 175, 176, 177, 178, 180, 191, 192, 193, 194, 196, 208, 209, 210, 211, 214, 215, 216, 217, 220, 221, 224, 225, 231, 232, 233, 236, 237, 249, 250, 251, 257, 258, 259, 260, 267, 270, 276, 285, 298, 299, 300, 302, 303, 304, 306, 307, 309, 310, 311, 317, 318, 319, 325, 326, 327], "summary": {"covered_lines": 105, "num_statements": 105, "percent_covered": 100.0, "percent_covered_display": "100.00", "missing_lines": 0, "excluded_lines": 0}, "missing_lines": [], "excluded_lines": [], "functions": {"": {"executed_lines": [2, 16, 17, 18, 19, 20, 21, 22, 24, 37, 38, 39, 40, 42, 53, 54, 55, 56, 58, 69, 70, 71, 73, 83, 84, 85, 86, 88, 99, 100, 101, 103, 113, 114, 115, 117, 127, 128, 129, 130, 131, 133, 145, 146, 147, 148, 150, 161, 162, 163, 165, 175, 176, 177, 178, 180, 191, 192, 193, 194, 196, 208, 209, 210, 211, 214, 215, 216, 217, 220, 221, 224, 225, 231, 232, 233, 236, 237, 249, 250, 251, 257, 258, 259, 260, 267, 270, 276, 285, 298, 299, 300, 302, 303, 304, 306, 307, 309, 310, 311, 317, 318, 319, 325, 326, 327], "summary": {"covered_lines": 105, "num_statements": 105, "percent_covered": 100.0, "percent_covered_display": "100.00", "missing_lines": 0, "excluded_lines": 0}, "missing_lines": [], "excluded_lines": []}}, "classes": {"": {"executed_lines": [2, 16, 17, 18, 19, 20, 21, 22, 24, 37, 38, 39, 40, 42, 53, 54, 55, 56, 58, 69, 70, 71, 73, 83, 84, 85, 86, 88, 99, 100, 101, 103, 113, 114, 115, 117, 127, 128, 129, 130, 131, 133, 145, 146, 147, 148, 150, 161, 162, 163, 165, 175, 176, 177, 178, 180, 191, 192, 193, 194, 196, 208, 209, 210, 211, 214, 215, 216, 217, 220, 221, 224, 225, 231, 232, 233, 236, 237, 249, 250, 251, 257, 258, 259, 260, 267, 270, 276, 285, 298, 299, 300, 302, 303, 304, 306, 307, 309, 310, 311, 317, 318, 319, 325, 326, 327], "summary": {"covered_lines": 105, "num_statements": 105, "percent_covered": 100.0, "percent_covered_display": "100.00", "missing_lines": 0, "excluded_lines": 0}, "missing_lines": [], "excluded_lines": []}}}, "core\\decorators_pdf.py": {"executed_lines": [1, 6, 7, 8, 9, 11, 14, 27, 28, 29, 31, 34, 35, 64, 67], "summary": {"covered_lines": 14, "num_statements": 37, "percent_covered": 37.83783783783784, "percent_covered_display": "37.84", "missing_lines": 23, "excluded_lines": 2}, "missing_lines": [38, 40, 42, 45, 51, 59, 60, 62, 80, 81, 82, 83, 84, 90, 91, 92, 93, 94, 96, 97, 104, 106, 107], "excluded_lines": [15, 68], "functions": {"safe_pdf_response": {"executed_lines": [27, 28, 64], "summary": {"covered_lines": 3, "num_statements": 3, "percent_covered": 100.0, "percent_covered_display": "100.00", "missing_lines": 0, "excluded_lines": 1}, "missing_lines": [], "excluded_lines": [15]}, "safe_pdf_response.wrapper": {"executed_lines": [29, 31, 34, 35], "summary": {"covered_lines": 4, "num_statements": 12, "percent_covered": 33.333333333333336, "percent_covered_display": "33.33", "missing_lines": 8, "excluded_lines": 0}, "missing_lines": [38, 40, 42, 45, 51, 59, 60, 62], "excluded_lines": []}, "validate_pdf_data": {"executed_lines": [], "summary": {"covered_lines": 0, "num_statements": 3, "percent_covered": 0.0, "percent_covered_display": "0.00", "missing_lines": 3, "excluded_lines": 1}, "missing_lines": [80, 81, 107], "excluded_lines": [68]}, "validate_pdf_data.decorator": {"executed_lines": [], "summary": {"covered_lines": 0, "num_statements": 2, "percent_covered": 0.0, "percent_covered_display": "0.00", "missing_lines": 2, "excluded_lines": 0}, "missing_lines": [82, 106], "excluded_lines": []}, "validate_pdf_data.decorator.wrapper": {"executed_lines": [], "summary": {"covered_lines": 0, "num_statements": 10, "percent_covered": 0.0, "percent_covered_display": "0.00", "missing_lines": 10, "excluded_lines": 0}, "missing_lines": [83, 84, 90, 91, 92, 93, 94, 96, 97, 104], "excluded_lines": []}, "": {"executed_lines": [1, 6, 7, 8, 9, 11, 14, 67], "summary": {"covered_lines": 7, "num_statements": 7, "percent_covered": 100.0, "percent_covered_display": "100.00", "missing_lines": 0, "excluded_lines": 0}, "missing_lines": [], "excluded_lines": []}}, "classes": {"": {"executed_lines": [1, 6, 7, 8, 9, 11, 14, 27, 28, 29, 31, 34, 35, 64, 67], "summary": {"covered_lines": 14, "num_statements": 37, "percent_covered": 37.83783783783784, "percent_covered_display": "37.84", "missing_lines": 23, "excluded_lines": 2}, "missing_lines": [38, 40, 42, 45, 51, 59, 60, 62, 80, 81, 82, 83, 84, 90, 91, 92, 93, 94, 96, 97, 104, 106, 107], "excluded_lines": [15, 68]}}}, "core\\file_validators.py": {"executed_lines": [4, 5, 6, 7, 8, 9, 10, 12, 15, 16, 21, 28, 49, 56, 63, 75, 84, 85, 86, 87, 89, 93, 95, 98, 101, 104, 107, 110, 112, 114, 116, 117, 122, 126, 127, 128, 129, 133, 137, 138, 140, 143, 144, 147, 148, 149, 151, 155, 157, 158, 159, 162, 163, 164, 169, 179, 183, 184, 186, 187, 190, 191, 192, 193, 198, 199, 200, 202, 203, 207, 211, 212, 213, 214, 218, 222, 223, 225, 226, 242, 244, 246, 247, 249, 253, 254, 255, 256, 259, 260, 278, 301, 305, 306, 307, 309, 310, 312, 313, 321, 323, 324, 327, 329, 330, 333, 335, 336, 340, 352, 354, 355, 360, 362, 366, 367, 371, 372, 376, 377, 379, 381, 384, 385, 386, 389, 390, 391, 394, 395, 396, 397, 400, 423, 424, 425, 433, 434, 438, 442, 443, 444, 447, 448, 450, 451, 452, 453], "summary": {"covered_lines": 146, "num_statements": 205, "percent_covered": 71.21951219512195, "percent_covered_display": "71.22", "missing_lines": 59, "excluded_lines": 0}, "missing_lines": [118, 119, 120, 165, 167, 170, 175, 176, 204, 205, 215, 216, 229, 230, 231, 237, 238, 240, 243, 245, 261, 263, 265, 270, 271, 273, 274, 275, 276, 282, 283, 284, 285, 288, 289, 290, 292, 293, 294, 296, 297, 298, 299, 315, 316, 317, 401, 402, 403, 406, 407, 408, 409, 410, 411, 413, 415, 439, 455], "excluded_lines": [], "functions": {"SecureFileValidator.__init__": {"executed_lines": [84, 85, 86, 87], "summary": {"covered_lines": 4, "num_statements": 4, "percent_covered": 100.0, "percent_covered_display": "100.00", "missing_lines": 0, "excluded_lines": 0}, "missing_lines": [], "excluded_lines": []}, "SecureFileValidator.validate": {"executed_lines": [93, 95, 98, 101, 104, 107, 110, 112, 114, 116, 117], "summary": {"covered_lines": 11, "num_statements": 14, "percent_covered": 78.57142857142857, "percent_covered_display": "78.57", "missing_lines": 3, "excluded_lines": 0}, "missing_lines": [118, 119, 120], "excluded_lines": []}, "SecureFileValidator._validate_file_size": {"executed_lines": [126, 127, 128, 129], "summary": {"covered_lines": 4, "num_statements": 4, "percent_covered": 100.0, "percent_covered_display": "100.00", "missing_lines": 0, "excluded_lines": 0}, "missing_lines": [], "excluded_lines": []}, "SecureFileValidator._validate_extension": {"executed_lines": [137, 138, 140, 143, 144, 147, 148, 149], "summary": {"covered_lines": 8, "num_statements": 8, "percent_covered": 100.0, "percent_covered_display": "100.00", "missing_lines": 0, "excluded_lines": 0}, "missing_lines": [], "excluded_lines": []}, "SecureFileValidator._validate_mime_type": {"executed_lines": [155, 157, 158, 159, 162, 163, 164, 169], "summary": {"covered_lines": 8, "num_statements": 13, "percent_covered": 61.53846153846154, "percent_covered_display": "61.54", "missing_lines": 5, "excluded_lines": 0}, "missing_lines": [165, 167, 170, 175, 176], "excluded_lines": []}, "SecureFileValidator._validate_content_security": {"executed_lines": [183, 184, 186, 187, 190, 191, 192, 193, 198, 199, 200, 202, 203], "summary": {"covered_lines": 13, "num_statements": 15, "percent_covered": 86.66666666666667, "percent_covered_display": "86.67", "missing_lines": 2, "excluded_lines": 0}, "missing_lines": [204, 205], "excluded_lines": []}, "SecureFileValidator._validate_by_file_type": {"executed_lines": [211, 212, 213, 214], "summary": {"covered_lines": 4, "num_statements": 6, "percent_covered": 66.66666666666667, "percent_covered_display": "66.67", "missing_lines": 2, "excluded_lines": 0}, "missing_lines": [215, 216], "excluded_lines": []}, "SecureFileValidator._validate_image_file": {"executed_lines": [222, 223, 225, 226, 242, 244, 246, 247], "summary": {"covered_lines": 8, "num_statements": 16, "percent_covered": 50.0, "percent_covered_display": "50.00", "missing_lines": 8, "excluded_lines": 0}, "missing_lines": [229, 230, 231, 237, 238, 240, 243, 245], "excluded_lines": []}, "SecureFileValidator._validate_document_file": {"executed_lines": [253, 254, 255, 256, 259, 260], "summary": {"covered_lines": 6, "num_statements": 15, "percent_covered": 40.0, "percent_covered_display": "40.00", "missing_lines": 9, "excluded_lines": 0}, "missing_lines": [261, 263, 265, 270, 271, 273, 274, 275, 276], "excluded_lines": []}, "SecureFileValidator._validate_archive_file": {"executed_lines": [], "summary": {"covered_lines": 0, "num_statements": 14, "percent_covered": 0.0, "percent_covered_display": "0.00", "missing_lines": 14, "excluded_lines": 0}, "missing_lines": [282, 283, 284, 285, 288, 289, 290, 292, 293, 294, 296, 297, 298, 299], "excluded_lines": []}, "SecureFileValidator._generate_file_hash": {"executed_lines": [305, 306, 307, 309, 310, 312, 313], "summary": {"covered_lines": 7, "num_statements": 10, "percent_covered": 70.0, "percent_covered_display": "70.00", "missing_lines": 3, "excluded_lines": 0}, "missing_lines": [315, 316, 317], "excluded_lines": []}, "validate_image_file": {"executed_lines": [323, 324], "summary": {"covered_lines": 2, "num_statements": 2, "percent_covered": 100.0, "percent_covered_display": "100.00", "missing_lines": 0, "excluded_lines": 0}, "missing_lines": [], "excluded_lines": []}, "validate_document_file": {"executed_lines": [329, 330], "summary": {"covered_lines": 2, "num_statements": 2, "percent_covered": 100.0, "percent_covered_display": "100.00", "missing_lines": 0, "excluded_lines": 0}, "missing_lines": [], "excluded_lines": []}, "validate_archive_file": {"executed_lines": [335, 336], "summary": {"covered_lines": 2, "num_statements": 2, "percent_covered": 100.0, "percent_covered_display": "100.00", "missing_lines": 0, "excluded_lines": 0}, "missing_lines": [], "excluded_lines": []}, "create_custom_validator": {"executed_lines": [352, 354, 362], "summary": {"covered_lines": 3, "num_statements": 3, "percent_covered": 100.0, "percent_covered_display": "100.00", "missing_lines": 0, "excluded_lines": 0}, "missing_lines": [], "excluded_lines": []}, "create_custom_validator.validator": {"executed_lines": [355, 360], "summary": {"covered_lines": 2, "num_statements": 2, "percent_covered": 100.0, "percent_covered_display": "100.00", "missing_lines": 0, "excluded_lines": 0}, "missing_lines": [], "excluded_lines": []}, "FileSecurityAnalyzer.analyze_file_risk": {"executed_lines": [376, 377, 379, 381, 384, 385, 386, 389, 390, 391, 394, 395, 396, 397, 400, 423, 424, 425], "summary": {"covered_lines": 18, "num_statements": 29, "percent_covered": 62.06896551724138, "percent_covered_display": "62.07", "missing_lines": 11, "excluded_lines": 0}, "missing_lines": [401, 402, 403, 406, 407, 408, 409, 410, 411, 413, 415], "excluded_lines": []}, "FileSecurityAnalyzer._calculate_entropy": {"executed_lines": [438, 442, 443, 444, 447, 448, 450, 451, 452, 453], "summary": {"covered_lines": 10, "num_statements": 12, "percent_covered": 83.33333333333333, "percent_covered_display": "83.33", "missing_lines": 2, "excluded_lines": 0}, "missing_lines": [439, 455], "excluded_lines": []}, "": {"executed_lines": [4, 5, 6, 7, 8, 9, 10, 12, 15, 16, 21, 28, 49, 56, 63, 75, 89, 122, 133, 151, 179, 207, 218, 249, 278, 301, 321, 327, 333, 340, 366, 367, 371, 372, 433, 434], "summary": {"covered_lines": 34, "num_statements": 34, "percent_covered": 100.0, "percent_covered_display": "100.00", "missing_lines": 0, "excluded_lines": 0}, "missing_lines": [], "excluded_lines": []}}, "classes": {"SecureFileValidator": {"executed_lines": [84, 85, 86, 87, 93, 95, 98, 101, 104, 107, 110, 112, 114, 116, 117, 126, 127, 128, 129, 137, 138, 140, 143, 144, 147, 148, 149, 155, 157, 158, 159, 162, 163, 164, 169, 183, 184, 186, 187, 190, 191, 192, 193, 198, 199, 200, 202, 203, 211, 212, 213, 214, 222, 223, 225, 226, 242, 244, 246, 247, 253, 254, 255, 256, 259, 260, 305, 306, 307, 309, 310, 312, 313], "summary": {"covered_lines": 73, "num_statements": 119, "percent_covered": 61.34453781512605, "percent_covered_display": "61.34", "missing_lines": 46, "excluded_lines": 0}, "missing_lines": [118, 119, 120, 165, 167, 170, 175, 176, 204, 205, 215, 216, 229, 230, 231, 237, 238, 240, 243, 245, 261, 263, 265, 270, 271, 273, 274, 275, 276, 282, 283, 284, 285, 288, 289, 290, 292, 293, 294, 296, 297, 298, 299, 315, 316, 317], "excluded_lines": []}, "FileSecurityAnalyzer": {"executed_lines": [376, 377, 379, 381, 384, 385, 386, 389, 390, 391, 394, 395, 396, 397, 400, 423, 424, 425, 438, 442, 443, 444, 447, 448, 450, 451, 452, 453], "summary": {"covered_lines": 28, "num_statements": 41, "percent_covered": 68.29268292682927, "percent_covered_display": "68.29", "missing_lines": 13, "excluded_lines": 0}, "missing_lines": [401, 402, 403, 406, 407, 408, 409, 410, 411, 413, 415, 439, 455], "excluded_lines": []}, "": {"executed_lines": [4, 5, 6, 7, 8, 9, 10, 12, 15, 16, 21, 28, 49, 56, 63, 75, 89, 122, 133, 151, 179, 207, 218, 249, 278, 301, 321, 323, 324, 327, 329, 330, 333, 335, 336, 340, 352, 354, 355, 360, 362, 366, 367, 371, 372, 433, 434], "summary": {"covered_lines": 45, "num_statements": 45, "percent_covered": 100.0, "percent_covered_display": "100.00", "missing_lines": 0, "excluded_lines": 0}, "missing_lines": [], "excluded_lines": []}}}, "core\\forms.py": {"executed_lines": [3, 4, 5, 10, 12, 13, 14, 15, 16, 17, 20, 27, 30, 31, 32, 33, 37, 42, 43, 44, 46, 48, 50, 52, 53, 58, 64, 65, 66, 70, 83, 84, 85, 88, 90, 99, 102, 103, 104, 106, 108, 109, 110, 112, 116, 119, 120, 121, 122, 124, 138, 139, 140, 143, 145, 154, 155, 156, 158, 159, 160, 161, 163, 166, 167, 168, 169, 170, 178, 179, 180, 181, 182, 183, 184, 186, 187, 189, 194, 205, 206, 213, 214, 215, 222, 241, 242, 243, 246, 248, 254, 268, 269, 270, 271, 272, 273, 274, 276, 278, 279, 280, 282, 283, 286, 287, 288, 289, 291, 293, 294, 295, 297, 299, 306, 307, 313, 319, 325, 331, 338, 339, 340, 341, 368, 369, 370, 373, 374, 379, 381, 382, 383, 384, 386, 387, 395, 396, 397, 398, 399, 402, 404, 405, 410, 412, 413, 415, 418, 419, 421, 423, 424, 425, 427, 428, 429, 430, 432, 434, 435, 438, 445, 446, 450, 451, 452, 456, 457, 458, 459, 460, 461, 462, 467, 469, 492, 493, 499, 500, 501, 502, 513, 514, 515, 516, 517, 520, 521, 529, 530, 531, 533, 535, 536, 539, 540, 542, 545, 548, 549, 555, 556, 557, 558, 570, 571, 572, 573, 577, 578, 586, 587, 588, 590, 592, 593, 594, 596, 599, 600, 606, 607, 608, 609, 620, 621, 622, 623, 627, 628, 636, 637, 638, 640, 643, 644, 650, 651, 652, 653, 659, 660, 661, 662, 663, 667, 673, 674, 675, 676, 677, 681, 682, 683, 684, 685, 691, 717, 730, 745, 746, 753, 754, 755, 756, 765, 794, 807, 816, 817, 818, 819, 820, 832, 858, 871, 879, 889, 890, 896, 909, 910, 911, 912, 913, 919, 945, 961, 962, 963, 964, 965, 970, 975, 986, 987, 993, 1006, 1017, 1028, 1035, 1042, 1049, 1050, 1051, 1057, 1059, 1070, 1082, 1083, 1084, 1087, 1089, 1091, 1099, 1100, 1103, 1107, 1108, 1109, 1110, 1113, 1114, 1120, 1121, 1123, 1124, 1148, 1149, 1151, 1156, 1158, 1183, 1215, 1216, 1222, 1228, 1238, 1244, 1256, 1262, 1268, 1274, 1286, 1292, 1298, 1304, 1316, 1322, 1328, 1334, 1345, 1365, 1381, 1382, 1387, 1397, 1408, 1417, 1427, 1437, 1444, 1450, 1456, 1467, 1468, 1470, 1479, 1481], "summary": {"covered_lines": 367, "num_statements": 639, "percent_covered": 57.43348982785602, "percent_covered_display": "57.43", "missing_lines": 272, "excluded_lines": 0}, "missing_lines": [91, 92, 93, 94, 95, 96, 97, 98, 100, 105, 113, 146, 147, 148, 149, 150, 151, 152, 162, 190, 191, 192, 195, 196, 197, 198, 199, 200, 201, 202, 249, 250, 252, 256, 262, 263, 264, 265, 266, 275, 284, 290, 296, 300, 301, 302, 303, 376, 377, 378, 390, 391, 392, 400, 407, 416, 431, 440, 441, 442, 447, 453, 463, 471, 472, 473, 474, 475, 476, 477, 478, 480, 483, 484, 485, 486, 488, 527, 532, 543, 574, 584, 589, 595, 624, 634, 639, 665, 668, 669, 670, 671, 692, 693, 696, 697, 699, 700, 701, 702, 704, 705, 706, 707, 709, 710, 713, 714, 715, 718, 719, 721, 723, 724, 725, 726, 727, 728, 732, 733, 735, 738, 739, 740, 741, 742, 766, 767, 770, 771, 773, 774, 775, 776, 778, 779, 780, 781, 783, 784, 787, 788, 789, 791, 792, 795, 796, 798, 800, 801, 802, 803, 804, 805, 808, 809, 810, 811, 812, 813, 833, 834, 837, 838, 840, 841, 842, 843, 845, 846, 847, 848, 850, 851, 854, 855, 856, 859, 860, 862, 864, 865, 866, 867, 868, 869, 872, 873, 875, 876, 877, 880, 881, 882, 883, 884, 885, 897, 898, 899, 900, 903, 904, 906, 920, 921, 924, 925, 927, 928, 929, 930, 932, 933, 934, 935, 937, 938, 941, 942, 943, 947, 948, 950, 953, 954, 955, 956, 957, 976, 977, 978, 979, 1118, 1127, 1133, 1134, 1140, 1141, 1146, 1152, 1163, 1166, 1167, 1168, 1174, 1190, 1193, 1194, 1195, 1197, 1198, 1199, 1205, 1350, 1351, 1353, 1354, 1355, 1356, 1363, 1370, 1371, 1472, 1473, 1476, 1477, 1486, 1489, 1490, 1491, 1498], "excluded_lines": [], "functions": {"AuthenticationForm.__init__": {"executed_lines": [32, 33, 37], "summary": {"covered_lines": 3, "num_statements": 3, "percent_covered": 100.0, "percent_covered_display": "100.00", "missing_lines": 0, "excluded_lines": 0}, "missing_lines": [], "excluded_lines": []}, "AuthenticationForm.clean": {"executed_lines": [43, 44, 46, 48, 50], "summary": {"covered_lines": 5, "num_statements": 5, "percent_covered": 100.0, "percent_covered_display": "100.00", "missing_lines": 0, "excluded_lines": 0}, "missing_lines": [], "excluded_lines": []}, "CustomUserCreationForm.__init__": {"executed_lines": [84, 85, 88, 90, 99], "summary": {"covered_lines": 5, "num_statements": 14, "percent_covered": 35.714285714285715, "percent_covered_display": "35.71", "missing_lines": 9, "excluded_lines": 0}, "missing_lines": [91, 92, 93, 94, 95, 96, 97, 98, 100], "excluded_lines": []}, "CustomUserCreationForm.clean_email": {"executed_lines": [103, 104, 106], "summary": {"covered_lines": 3, "num_statements": 4, "percent_covered": 75.0, "percent_covered_display": "75.00", "missing_lines": 1, "excluded_lines": 0}, "missing_lines": [105], "excluded_lines": []}, "CustomUserCreationForm.clean_username": {"executed_lines": [109, 110, 112, 116], "summary": {"covered_lines": 4, "num_statements": 5, "percent_covered": 80.0, "percent_covered_display": "80.00", "missing_lines": 1, "excluded_lines": 0}, "missing_lines": [113], "excluded_lines": []}, "CustomUserChangeForm.__init__": {"executed_lines": [139, 140, 143, 145], "summary": {"covered_lines": 4, "num_statements": 11, "percent_covered": 36.36363636363637, "percent_covered_display": "36.36", "missing_lines": 7, "excluded_lines": 0}, "missing_lines": [146, 147, 148, 149, 150, 151, 152], "excluded_lines": []}, "CustomUserChangeForm.clean_email": {"executed_lines": [155, 156, 158, 159, 160, 161, 163], "summary": {"covered_lines": 7, "num_statements": 8, "percent_covered": 87.5, "percent_covered_display": "87.50", "missing_lines": 1, "excluded_lines": 0}, "missing_lines": [162], "excluded_lines": []}, "UserProfileForm.__init__": {"executed_lines": [179, 180, 181, 182, 183, 184, 186, 187], "summary": {"covered_lines": 8, "num_statements": 8, "percent_covered": 100.0, "percent_covered_display": "100.00", "missing_lines": 0, "excluded_lines": 0}, "missing_lines": [], "excluded_lines": []}, "UserProfileForm.clean_empresa": {"executed_lines": [], "summary": {"covered_lines": 0, "num_statements": 3, "percent_covered": 0.0, "percent_covered_display": "0.00", "missing_lines": 3, "excluded_lines": 0}, "missing_lines": [190, 191, 192], "excluded_lines": []}, "UserProfileForm.clean_email": {"executed_lines": [], "summary": {"covered_lines": 0, "num_statements": 8, "percent_covered": 0.0, "percent_covered_display": "0.00", "missing_lines": 8, "excluded_lines": 0}, "missing_lines": [195, 196, 197, 198, 199, 200, 201, 202], "excluded_lines": []}, "EmpresaForm.__init__": {"executed_lines": [242, 243, 246, 248, 254], "summary": {"covered_lines": 5, "num_statements": 14, "percent_covered": 35.714285714285715, "percent_covered_display": "35.71", "missing_lines": 9, "excluded_lines": 0}, "missing_lines": [249, 250, 252, 256, 262, 263, 264, 265, 266], "excluded_lines": []}, "EmpresaForm.clean_email": {"executed_lines": [269, 270, 271, 272, 273, 274, 276], "summary": {"covered_lines": 7, "num_statements": 8, "percent_covered": 87.5, "percent_covered_display": "87.50", "missing_lines": 1, "excluded_lines": 0}, "missing_lines": [275], "excluded_lines": []}, "EmpresaForm.clean_nit": {"executed_lines": [279, 280, 282, 283, 286, 287, 288, 289, 291], "summary": {"covered_lines": 9, "num_statements": 11, "percent_covered": 81.81818181818181, "percent_covered_display": "81.82", "missing_lines": 2, "excluded_lines": 0}, "missing_lines": [284, 290], "excluded_lines": []}, "EmpresaForm.clean_limite_equipos_empresa": {"executed_lines": [294, 295, 297], "summary": {"covered_lines": 3, "num_statements": 4, "percent_covered": 75.0, "percent_covered_display": "75.00", "missing_lines": 1, "excluded_lines": 0}, "missing_lines": [296], "excluded_lines": []}, "EmpresaForm.clean_limite_almacenamiento_mb": {"executed_lines": [], "summary": {"covered_lines": 0, "num_statements": 4, "percent_covered": 0.0, "percent_covered_display": "0.00", "missing_lines": 4, "excluded_lines": 0}, "missing_lines": [300, 301, 302, 303], "excluded_lines": []}, "EquipoForm.__init__": {"executed_lines": [369, 370, 373, 374, 379, 381, 382, 383, 384, 386, 387, 395, 396, 397, 398, 399], "summary": {"covered_lines": 16, "num_statements": 23, "percent_covered": 69.56521739130434, "percent_covered_display": "69.57", "missing_lines": 7, "excluded_lines": 0}, "missing_lines": [376, 377, 378, 390, 391, 392, 400], "excluded_lines": []}, "EquipoForm.clean_empresa": {"executed_lines": [404, 405, 410, 412, 413, 415], "summary": {"covered_lines": 6, "num_statements": 8, "percent_covered": 75.0, "percent_covered_display": "75.00", "missing_lines": 2, "excluded_lines": 0}, "missing_lines": [407, 416], "excluded_lines": []}, "EquipoForm.clean_codigo_interno": {"executed_lines": [419, 421], "summary": {"covered_lines": 2, "num_statements": 2, "percent_covered": 100.0, "percent_covered_display": "100.00", "missing_lines": 0, "excluded_lines": 0}, "missing_lines": [], "excluded_lines": []}, "EquipoForm.clean_numero_serie": {"executed_lines": [424, 425, 427, 428, 429, 430, 432], "summary": {"covered_lines": 7, "num_statements": 8, "percent_covered": 87.5, "percent_covered_display": "87.50", "missing_lines": 1, "excluded_lines": 0}, "missing_lines": [431], "excluded_lines": []}, "EquipoForm.clean": {"executed_lines": [435, 438, 445, 446, 450, 451, 452, 456, 457, 458, 459, 460, 461, 462, 467], "summary": {"covered_lines": 15, "num_statements": 21, "percent_covered": 71.42857142857143, "percent_covered_display": "71.43", "missing_lines": 6, "excluded_lines": 0}, "missing_lines": [440, 441, 442, 447, 453, 463], "excluded_lines": []}, "EquipoForm.save": {"executed_lines": [], "summary": {"covered_lines": 0, "num_statements": 14, "percent_covered": 0.0, "percent_covered_display": "0.00", "missing_lines": 14, "excluded_lines": 0}, "missing_lines": [471, 472, 473, 474, 475, 476, 477, 478, 480, 483, 484, 485, 486, 488], "excluded_lines": []}, "CalibracionForm.__init__": {"executed_lines": [514, 515, 516, 517, 520, 521], "summary": {"covered_lines": 6, "num_statements": 7, "percent_covered": 85.71428571428571, "percent_covered_display": "85.71", "missing_lines": 1, "excluded_lines": 0}, "missing_lines": [527], "excluded_lines": []}, "CalibracionForm.clean_fecha_calibracion": {"executed_lines": [530, 531, 533], "summary": {"covered_lines": 3, "num_statements": 4, "percent_covered": 75.0, "percent_covered_display": "75.00", "missing_lines": 1, "excluded_lines": 0}, "missing_lines": [532], "excluded_lines": []}, "CalibracionForm.clean": {"executed_lines": [536, 539, 540, 542, 545], "summary": {"covered_lines": 5, "num_statements": 6, "percent_covered": 83.33333333333333, "percent_covered_display": "83.33", "missing_lines": 1, "excluded_lines": 0}, "missing_lines": [543], "excluded_lines": []}, "MantenimientoForm.__init__": {"executed_lines": [571, 572, 573, 577, 578], "summary": {"covered_lines": 5, "num_statements": 7, "percent_covered": 71.42857142857143, "percent_covered_display": "71.43", "missing_lines": 2, "excluded_lines": 0}, "missing_lines": [574, 584], "excluded_lines": []}, "MantenimientoForm.clean_fecha_mantenimiento": {"executed_lines": [587, 588, 590], "summary": {"covered_lines": 3, "num_statements": 4, "percent_covered": 75.0, "percent_covered_display": "75.00", "missing_lines": 1, "excluded_lines": 0}, "missing_lines": [589], "excluded_lines": []}, "MantenimientoForm.clean_costo": {"executed_lines": [593, 594, 596], "summary": {"covered_lines": 3, "num_statements": 4, "percent_covered": 75.0, "percent_covered_display": "75.00", "missing_lines": 1, "excluded_lines": 0}, "missing_lines": [595], "excluded_lines": []}, "ComprobacionForm.__init__": {"executed_lines": [621, 622, 623, 627, 628], "summary": {"covered_lines": 5, "num_statements": 7, "percent_covered": 71.42857142857143, "percent_covered_display": "71.43", "missing_lines": 2, "excluded_lines": 0}, "missing_lines": [624, 634], "excluded_lines": []}, "ComprobacionForm.clean_fecha_comprobacion": {"executed_lines": [637, 638, 640], "summary": {"covered_lines": 3, "num_statements": 4, "percent_covered": 75.0, "percent_covered_display": "75.00", "missing_lines": 1, "excluded_lines": 0}, "missing_lines": [639], "excluded_lines": []}, "BajaEquipoForm.__init__": {"executed_lines": [660, 661, 662, 663], "summary": {"covered_lines": 4, "num_statements": 5, "percent_covered": 80.0, "percent_covered_display": "80.00", "missing_lines": 1, "excluded_lines": 0}, "missing_lines": [665], "excluded_lines": []}, "BajaEquipoForm.clean_fecha_baja": {"executed_lines": [], "summary": {"covered_lines": 0, "num_statements": 4, "percent_covered": 0.0, "percent_covered_display": "0.00", "missing_lines": 4, "excluded_lines": 0}, "missing_lines": [668, 669, 670, 671], "excluded_lines": []}, "BajaEquipoForm.clean_razon_baja": {"executed_lines": [674, 675, 676, 677], "summary": {"covered_lines": 4, "num_statements": 4, "percent_covered": 100.0, "percent_covered_display": "100.00", "missing_lines": 0, "excluded_lines": 0}, "missing_lines": [], "excluded_lines": []}, "UbicacionForm.__init__": {"executed_lines": [], "summary": {"covered_lines": 0, "num_statements": 17, "percent_covered": 0.0, "percent_covered_display": "0.00", "missing_lines": 17, "excluded_lines": 0}, "missing_lines": [692, 693, 696, 697, 699, 700, 701, 702, 704, 705, 706, 707, 709, 710, 713, 714, 715], "excluded_lines": []}, "UbicacionForm.clean_nombre": {"executed_lines": [], "summary": {"covered_lines": 0, "num_statements": 9, "percent_covered": 0.0, "percent_covered_display": "0.00", "missing_lines": 9, "excluded_lines": 0}, "missing_lines": [718, 719, 721, 723, 724, 725, 726, 727, 728], "excluded_lines": []}, "UbicacionForm.clean_empresa": {"executed_lines": [], "summary": {"covered_lines": 0, "num_statements": 8, "percent_covered": 0.0, "percent_covered_display": "0.00", "missing_lines": 8, "excluded_lines": 0}, "missing_lines": [732, 733, 735, 738, 739, 740, 741, 742], "excluded_lines": []}, "ProcedimientoForm.__init__": {"executed_lines": [], "summary": {"covered_lines": 0, "num_statements": 19, "percent_covered": 0.0, "percent_covered_display": "0.00", "missing_lines": 19, "excluded_lines": 0}, "missing_lines": [766, 767, 770, 771, 773, 774, 775, 776, 778, 779, 780, 781, 783, 784, 787, 788, 789, 791, 792], "excluded_lines": []}, "ProcedimientoForm.clean_codigo": {"executed_lines": [], "summary": {"covered_lines": 0, "num_statements": 9, "percent_covered": 0.0, "percent_covered_display": "0.00", "missing_lines": 9, "excluded_lines": 0}, "missing_lines": [795, 796, 798, 800, 801, 802, 803, 804, 805], "excluded_lines": []}, "ProcedimientoForm.clean_empresa": {"executed_lines": [], "summary": {"covered_lines": 0, "num_statements": 6, "percent_covered": 0.0, "percent_covered_display": "0.00", "missing_lines": 6, "excluded_lines": 0}, "missing_lines": [808, 809, 810, 811, 812, 813], "excluded_lines": []}, "ProveedorForm.__init__": {"executed_lines": [], "summary": {"covered_lines": 0, "num_statements": 17, "percent_covered": 0.0, "percent_covered_display": "0.00", "missing_lines": 17, "excluded_lines": 0}, "missing_lines": [833, 834, 837, 838, 840, 841, 842, 843, 845, 846, 847, 848, 850, 851, 854, 855, 856], "excluded_lines": []}, "ProveedorForm.clean_nombre_empresa": {"executed_lines": [], "summary": {"covered_lines": 0, "num_statements": 9, "percent_covered": 0.0, "percent_covered_display": "0.00", "missing_lines": 9, "excluded_lines": 0}, "missing_lines": [859, 860, 862, 864, 865, 866, 867, 868, 869], "excluded_lines": []}, "ProveedorForm.clean_correo_electronico": {"executed_lines": [], "summary": {"covered_lines": 0, "num_statements": 5, "percent_covered": 0.0, "percent_covered_display": "0.00", "missing_lines": 5, "excluded_lines": 0}, "missing_lines": [872, 873, 875, 876, 877], "excluded_lines": []}, "ProveedorForm.clean_empresa": {"executed_lines": [], "summary": {"covered_lines": 0, "num_statements": 6, "percent_covered": 0.0, "percent_covered_display": "0.00", "missing_lines": 6, "excluded_lines": 0}, "missing_lines": [880, 881, 882, 883, 884, 885], "excluded_lines": []}, "ExcelUploadForm.clean_excel_file": {"executed_lines": [], "summary": {"covered_lines": 0, "num_statements": 7, "percent_covered": 0.0, "percent_covered_display": "0.00", "missing_lines": 7, "excluded_lines": 0}, "missing_lines": [897, 898, 899, 900, 903, 904, 906], "excluded_lines": []}, "DocumentoForm.__init__": {"executed_lines": [], "summary": {"covered_lines": 0, "num_statements": 17, "percent_covered": 0.0, "percent_covered_display": "0.00", "missing_lines": 17, "excluded_lines": 0}, "missing_lines": [920, 921, 924, 925, 927, 928, 929, 930, 932, 933, 934, 935, 937, 938, 941, 942, 943], "excluded_lines": []}, "DocumentoForm.clean_empresa": {"executed_lines": [], "summary": {"covered_lines": 0, "num_statements": 8, "percent_covered": 0.0, "percent_covered_display": "0.00", "missing_lines": 8, "excluded_lines": 0}, "missing_lines": [947, 948, 950, 953, 954, 955, 956, 957], "excluded_lines": []}, "EmpresaFormatoForm.clean_formato_fecha_version_empresa": {"executed_lines": [], "summary": {"covered_lines": 0, "num_statements": 4, "percent_covered": 0.0, "percent_covered_display": "0.00", "missing_lines": 4, "excluded_lines": 0}, "missing_lines": [976, 977, 978, 979], "excluded_lines": []}, "PrestamoEquipoForm.__init__": {"executed_lines": [1083, 1084, 1087, 1089, 1091, 1099, 1100, 1103], "summary": {"covered_lines": 8, "num_statements": 8, "percent_covered": 100.0, "percent_covered_display": "100.00", "missing_lines": 0, "excluded_lines": 0}, "missing_lines": [], "excluded_lines": []}, "PrestamoEquipoForm.clean": {"executed_lines": [1108, 1109, 1110, 1113, 1114], "summary": {"covered_lines": 5, "num_statements": 6, "percent_covered": 83.33333333333333, "percent_covered_display": "83.33", "missing_lines": 1, "excluded_lines": 0}, "missing_lines": [1118], "excluded_lines": []}, "PrestamoEquipoForm.clean_equipo": {"executed_lines": [1121, 1123, 1124], "summary": {"covered_lines": 3, "num_statements": 9, "percent_covered": 33.333333333333336, "percent_covered_display": "33.33", "missing_lines": 6, "excluded_lines": 0}, "missing_lines": [1127, 1133, 1134, 1140, 1141, 1146], "excluded_lines": []}, "PrestamoEquipoForm.clean_fecha_devolucion_programada": {"executed_lines": [1149, 1151, 1156], "summary": {"covered_lines": 3, "num_statements": 4, "percent_covered": 75.0, "percent_covered_display": "75.00", "missing_lines": 1, "excluded_lines": 0}, "missing_lines": [1152], "excluded_lines": []}, "PrestamoEquipoForm.get_verificacion_salida_data": {"executed_lines": [], "summary": {"covered_lines": 0, "num_statements": 5, "percent_covered": 0.0, "percent_covered_display": "0.00", "missing_lines": 5, "excluded_lines": 0}, "missing_lines": [1163, 1166, 1167, 1168, 1174], "excluded_lines": []}, "PrestamoEquipoForm.get_verificacion_salida_por_equipo": {"executed_lines": [], "summary": {"covered_lines": 0, "num_statements": 8, "percent_covered": 0.0, "percent_covered_display": "0.00", "missing_lines": 8, "excluded_lines": 0}, "missing_lines": [1190, 1193, 1194, 1195, 1197, 1198, 1199, 1205], "excluded_lines": []}, "VerificacionFuncionalForm.get_puntos_medicion": {"executed_lines": [], "summary": {"covered_lines": 0, "num_statements": 7, "percent_covered": 0.0, "percent_covered_display": "0.00", "missing_lines": 7, "excluded_lines": 0}, "missing_lines": [1350, 1351, 1353, 1354, 1355, 1356, 1363], "excluded_lines": []}, "VerificacionFuncionalForm.to_json": {"executed_lines": [], "summary": {"covered_lines": 0, "num_statements": 2, "percent_covered": 0.0, "percent_covered_display": "0.00", "missing_lines": 2, "excluded_lines": 0}, "missing_lines": [1370, 1371], "excluded_lines": []}, "DevolucionEquipoForm.clean_documento_devolucion": {"executed_lines": [1468, 1470, 1479], "summary": {"covered_lines": 3, "num_statements": 7, "percent_covered": 42.857142857142854, "percent_covered_display": "42.86", "missing_lines": 4, "excluded_lines": 0}, "missing_lines": [1472, 1473, 1476, 1477], "excluded_lines": []}, "DevolucionEquipoForm.to_verificacion_json": {"executed_lines": [], "summary": {"covered_lines": 0, "num_statements": 5, "percent_covered": 0.0, "percent_covered_display": "0.00", "missing_lines": 5, "excluded_lines": 0}, "missing_lines": [1486, 1489, 1490, 1491, 1498], "excluded_lines": []}, "": {"executed_lines": [3, 4, 5, 10, 12, 13, 14, 15, 16, 17, 20, 27, 30, 31, 42, 52, 53, 58, 64, 65, 66, 70, 83, 102, 108, 119, 120, 121, 122, 124, 138, 154, 166, 167, 168, 169, 170, 178, 189, 194, 205, 206, 213, 214, 215, 222, 241, 268, 278, 293, 299, 306, 307, 313, 319, 325, 331, 338, 339, 340, 341, 368, 402, 418, 423, 434, 469, 492, 493, 499, 500, 501, 502, 513, 529, 535, 548, 549, 555, 556, 557, 558, 570, 586, 592, 599, 600, 606, 607, 608, 609, 620, 636, 643, 644, 650, 651, 652, 653, 659, 667, 673, 681, 682, 683, 684, 685, 691, 717, 730, 745, 746, 753, 754, 755, 756, 765, 794, 807, 816, 817, 818, 819, 820, 832, 858, 871, 879, 889, 890, 896, 909, 910, 911, 912, 913, 919, 945, 961, 962, 963, 964, 965, 970, 975, 986, 987, 993, 1006, 1017, 1028, 1035, 1042, 1049, 1050, 1051, 1057, 1059, 1070, 1082, 1107, 1120, 1148, 1158, 1183, 1215, 1216, 1222, 1228, 1238, 1244, 1256, 1262, 1268, 1274, 1286, 1292, 1298, 1304, 1316, 1322, 1328, 1334, 1345, 1365, 1381, 1382, 1387, 1397, 1408, 1417, 1427, 1437, 1444, 1450, 1456, 1467, 1481], "summary": {"covered_lines": 195, "num_statements": 195, "percent_covered": 100.0, "percent_covered_display": "100.00", "missing_lines": 0, "excluded_lines": 0}, "missing_lines": [], "excluded_lines": []}}, "classes": {"AuthenticationForm": {"executed_lines": [32, 33, 37, 43, 44, 46, 48, 50], "summary": {"covered_lines": 8, "num_statements": 8, "percent_covered": 100.0, "percent_covered_display": "100.00", "missing_lines": 0, "excluded_lines": 0}, "missing_lines": [], "excluded_lines": []}, "CustomUserCreationForm": {"executed_lines": [84, 85, 88, 90, 99, 103, 104, 106, 109, 110, 112, 116], "summary": {"covered_lines": 12, "num_statements": 23, "percent_covered": 52.17391304347826, "percent_covered_display": "52.17", "missing_lines": 11, "excluded_lines": 0}, "missing_lines": [91, 92, 93, 94, 95, 96, 97, 98, 100, 105, 113], "excluded_lines": []}, "CustomUserCreationForm.Meta": {"executed_lines": [], "summary": {"covered_lines": 0, "num_statements": 0, "percent_covered": 100.0, "percent_covered_display": "100.00", "missing_lines": 0, "excluded_lines": 0}, "missing_lines": [], "excluded_lines": []}, "CustomUserChangeForm": {"executed_lines": [139, 140, 143, 145, 155, 156, 158, 159, 160, 161, 163], "summary": {"covered_lines": 11, "num_statements": 19, "percent_covered": 57.89473684210526, "percent_covered_display": "57.89", "missing_lines": 8, "excluded_lines": 0}, "missing_lines": [146, 147, 148, 149, 150, 151, 152, 162], "excluded_lines": []}, "CustomUserChangeForm.Meta": {"executed_lines": [], "summary": {"covered_lines": 0, "num_statements": 0, "percent_covered": 100.0, "percent_covered_display": "100.00", "missing_lines": 0, "excluded_lines": 0}, "missing_lines": [], "excluded_lines": []}, "UserProfileForm": {"executed_lines": [179, 180, 181, 182, 183, 184, 186, 187], "summary": {"covered_lines": 8, "num_statements": 19, "percent_covered": 42.10526315789474, "percent_covered_display": "42.11", "missing_lines": 11, "excluded_lines": 0}, "missing_lines": [190, 191, 192, 195, 196, 197, 198, 199, 200, 201, 202], "excluded_lines": []}, "UserProfileForm.Meta": {"executed_lines": [], "summary": {"covered_lines": 0, "num_statements": 0, "percent_covered": 100.0, "percent_covered_display": "100.00", "missing_lines": 0, "excluded_lines": 0}, "missing_lines": [], "excluded_lines": []}, "EmpresaForm": {"executed_lines": [242, 243, 246, 248, 254, 269, 270, 271, 272, 273, 274, 276, 279, 280, 282, 283, 286, 287, 288, 289, 291, 294, 295, 297], "summary": {"covered_lines": 24, "num_statements": 41, "percent_covered": 58.53658536585366, "percent_covered_display": "58.54", "missing_lines": 17, "excluded_lines": 0}, "missing_lines": [249, 250, 252, 256, 262, 263, 264, 265, 266, 275, 284, 290, 296, 300, 301, 302, 303], "excluded_lines": []}, "EmpresaForm.Meta": {"executed_lines": [], "summary": {"covered_lines": 0, "num_statements": 0, "percent_covered": 100.0, "percent_covered_display": "100.00", "missing_lines": 0, "excluded_lines": 0}, "missing_lines": [], "excluded_lines": []}, "EquipoForm": {"executed_lines": [369, 370, 373, 374, 379, 381, 382, 383, 384, 386, 387, 395, 396, 397, 398, 399, 404, 405, 410, 412, 413, 415, 419, 421, 424, 425, 427, 428, 429, 430, 432, 435, 438, 445, 446, 450, 451, 452, 456, 457, 458, 459, 460, 461, 462, 467], "summary": {"covered_lines": 46, "num_statements": 76, "percent_covered": 60.526315789473685, "percent_covered_display": "60.53", "missing_lines": 30, "excluded_lines": 0}, "missing_lines": [376, 377, 378, 390, 391, 392, 400, 407, 416, 431, 440, 441, 442, 447, 453, 463, 471, 472, 473, 474, 475, 476, 477, 478, 480, 483, 484, 485, 486, 488], "excluded_lines": []}, "EquipoForm.Meta": {"executed_lines": [], "summary": {"covered_lines": 0, "num_statements": 0, "percent_covered": 100.0, "percent_covered_display": "100.00", "missing_lines": 0, "excluded_lines": 0}, "missing_lines": [], "excluded_lines": []}, "CalibracionForm": {"executed_lines": [514, 515, 516, 517, 520, 521, 530, 531, 533, 536, 539, 540, 542, 545], "summary": {"covered_lines": 14, "num_statements": 17, "percent_covered": 82.3529411764706, "percent_covered_display": "82.35", "missing_lines": 3, "excluded_lines": 0}, "missing_lines": [527, 532, 543], "excluded_lines": []}, "CalibracionForm.Meta": {"executed_lines": [], "summary": {"covered_lines": 0, "num_statements": 0, "percent_covered": 100.0, "percent_covered_display": "100.00", "missing_lines": 0, "excluded_lines": 0}, "missing_lines": [], "excluded_lines": []}, "MantenimientoForm": {"executed_lines": [571, 572, 573, 577, 578, 587, 588, 590, 593, 594, 596], "summary": {"covered_lines": 11, "num_statements": 15, "percent_cove
[...]
9, 2560, 2561, 2562, 2563, 2566, 2567, 2568, 2569, 2576, 2577, 2578, 2581, 2584, 2585, 2586, 2587, 2588, 2589, 2591, 2592, 2594, 2597, 2598, 2599, 2600, 2601, 2604, 2605, 2606, 2607, 2614, 2615, 2616, 2618, 2619, 2620, 2621, 2685, 2686, 2687, 2688, 2689, 2737, 2823, 2826, 2851, 2852, 2853, 2854, 2855, 2856, 2857, 2858, 2860, 2861, 2863, 3036, 3037, 3048, 3049, 3052, 3053, 3056, 3057, 3060, 3061, 3068, 3069, 3072, 3073, 3076, 3077, 3080, 3081, 3084, 3085, 3088, 3089, 3092, 3093, 3096, 3097, 3102, 3103, 3107, 3108, 3112, 3113, 3121, 3122, 3125, 3126, 3191, 3199, 3201, 3202, 3203, 3204, 3206, 3207, 3210, 3211, 3212, 3213, 3214, 3217, 3218, 3219, 3222, 3223, 3225, 3228, 3229, 3232, 3233, 3234, 3235, 3236, 3239, 3240, 3241, 3242, 3244, 3247, 3252, 3255, 3256, 3257, 3258, 3261, 3262, 3263, 3265, 3270, 3273, 3278, 3281, 3283, 3284, 3285, 3287, 3290, 3291, 3292, 3293, 3294, 3295, 3296, 3298, 3299, 3300, 3301, 3302, 3303, 3304, 3306, 3307, 3308, 3309, 3310, 3311, 3312, 3315, 3316, 3317, 3318, 3320, 3325, 3326, 3327, 3329, 3330, 3331, 3333, 3334, 3335, 3336, 3337, 3339, 3340, 3342, 3343, 3344, 3345, 3348, 3351, 3352, 3353, 3355, 3389, 3390, 3400, 3401, 3411, 3412, 3421, 3422, 3447, 3450, 3451, 3452, 3455, 3456, 3457, 3458, 3460, 3461, 3462, 3465, 3467, 3470, 3471, 3472, 3473, 3475, 3476, 3477, 3478, 3479, 3482, 3483, 3484, 3485, 3486, 3489, 3490, 3491, 3492, 3493, 3495, 3509, 3514, 3515, 3517, 3518, 3522, 3525, 3526, 3528, 3529, 3530, 3531, 3534, 3535, 3536, 3537, 3538, 3540, 3546, 3587, 3588, 3589, 3590, 3600, 3602, 3603], "excluded_lines": []}}}, "core\\views\\scheduled_tasks_api.py": {"executed_lines": [4, 5, 6, 7, 8, 10, 11, 13, 16, 19, 33, 34, 35, 65, 66, 67, 102, 103, 104, 139, 140, 141, 171, 172, 173, 208, 209, 210, 245, 246, 247], "summary": {"covered_lines": 31, "num_statements": 111, "percent_covered": 27.92792792792793, "percent_covered_display": "27.93", "missing_lines": 80, "excluded_lines": 0}, "missing_lines": [21, 24, 25, 26, 29, 30, 40, 41, 43, 44, 46, 48, 50, 57, 58, 59, 72, 73, 75, 76, 79, 82, 84, 86, 94, 95, 96, 109, 110, 112, 113, 115, 116, 118, 119, 121, 122, 124, 131, 132, 133, 146, 147, 149, 150, 152, 154, 156, 163, 164, 165, 178, 179, 181, 182, 184, 185, 187, 188, 190, 191, 193, 200, 201, 202, 215, 216, 218, 219, 221, 222, 224, 225, 227, 228, 230, 237, 238, 239, 252], "excluded_lines": [], "functions": {"verify_token": {"executed_lines": [], "summary": {"covered_lines": 0, "num_statements": 6, "percent_covered": 0.0, "percent_covered_display": "0.00", "missing_lines": 6, "excluded_lines": 0}, "missing_lines": [21, 24, 25, 26, 29, 30], "excluded_lines": []}, "trigger_daily_notifications": {"executed_lines": [], "summary": {"covered_lines": 0, "num_statements": 10, "percent_covered": 0.0, "percent_covered_display": "0.00", "missing_lines": 10, "excluded_lines": 0}, "missing_lines": [40, 41, 43, 44, 46, 48, 50, 57, 58, 59], "excluded_lines": []}, "trigger_daily_maintenance": {"executed_lines": [], "summary": {"covered_lines": 0, "num_statements": 11, "percent_covered": 0.0, "percent_covered_display": "0.00", "missing_lines": 11, "excluded_lines": 0}, "missing_lines": [72, 73, 75, 76, 79, 82, 84, 86, 94, 95, 96], "excluded_lines": []}, "trigger_cleanup_zips": {"executed_lines": [], "summary": {"covered_lines": 0, "num_statements": 14, "percent_covered": 0.0, "percent_covered_display": "0.00", "missing_lines": 14, "excluded_lines": 0}, "missing_lines": [109, 110, 112, 113, 115, 116, 118, 119, 121, 122, 124, 131, 132, 133], "excluded_lines": []}, "trigger_weekly_overdue": {"executed_lines": [], "summary": {"covered_lines": 0, "num_statements": 10, "percent_covered": 0.0, "percent_covered_display": "0.00", "missing_lines": 10, "excluded_lines": 0}, "missing_lines": [146, 147, 149, 150, 152, 154, 156, 163, 164, 165], "excluded_lines": []}, "trigger_check_trials": {"executed_lines": [], "summary": {"covered_lines": 0, "num_statements": 14, "percent_covered": 0.0, "percent_covered_display": "0.00", "missing_lines": 14, "excluded_lines": 0}, "missing_lines": [178, 179, 181, 182, 184, 185, 187, 188, 190, 191, 193, 200, 201, 202], "excluded_lines": []}, "trigger_cleanup_notifications": {"executed_lines": [], "summary": {"covered_lines": 0, "num_statements": 14, "percent_covered": 0.0, "percent_covered_display": "0.00", "missing_lines": 14, "excluded_lines": 0}, "missing_lines": [215, 216, 218, 219, 221, 222, 224, 225, 227, 228, 230, 237, 238, 239], "excluded_lines": []}, "health_check": {"executed_lines": [], "summary": {"covered_lines": 0, "num_statements": 1, "percent_covered": 0.0, "percent_covered_display": "0.00", "missing_lines": 1, "excluded_lines": 0}, "missing_lines": [252], "excluded_lines": []}, "": {"executed_lines": [4, 5, 6, 7, 8, 10, 11, 13, 16, 19, 33, 34, 35, 65, 66, 67, 102, 103, 104, 139, 140, 141, 171, 172, 173, 208, 209, 210, 245, 246, 247], "summary": {"covered_lines": 31, "num_statements": 31, "percent_covered": 100.0, "percent_covered_display": "100.00", "missing_lines": 0, "excluded_lines": 0}, "missing_lines": [], "excluded_lines": []}}, "classes": {"": {"executed_lines": [4, 5, 6, 7, 8, 10, 11, 13, 16, 19, 33, 34, 35, 65, 66, 67, 102, 103, 104, 139, 140, 141, 171, 172, 173, 208, 209, 210, 245, 246, 247], "summary": {"covered_lines": 31, "num_statements": 111, "percent_covered": 27.92792792792793, "percent_covered_display": "27.93", "missing_lines": 80, "excluded_lines": 0}, "missing_lines": [21, 24, 25, 26, 29, 30, 40, 41, 43, 44, 46, 48, 50, 57, 58, 59, 72, 73, 75, 76, 79, 82, 84, 86, 94, 95, 96, 109, 110, 112, 113, 115, 116, 118, 119, 121, 122, 124, 131, 132, 133, 146, 147, 149, 150, 152, 154, 156, 163, 164, 165, 178, 179, 181, 182, 184, 185, 187, 188, 190, 191, 193, 200, 201, 202, 215, 216, 218, 219, 221, 222, 224, 225, 227, 228, 230, 237, 238, 239, 252], "excluded_lines": []}}}, "core\\views\\terminos.py": {"executed_lines": [3, 4, 5, 6, 7, 8, 10, 13, 26, 27, 92, 93, 120, 121, 140, 141], "summary": {"covered_lines": 16, "num_statements": 64, "percent_covered": 25.0, "percent_covered_display": "25.00", "missing_lines": 48, "excluded_lines": 0}, "missing_lines": [18, 19, 20, 22, 23, 35, 37, 38, 39, 40, 43, 44, 45, 47, 49, 51, 53, 54, 57, 63, 64, 68, 74, 76, 77, 81, 84, 89, 98, 99, 102, 105, 106, 108, 114, 117, 125, 127, 128, 131, 134, 135, 137, 146, 151, 153, 155, 160], "excluded_lines": [], "functions": {"get_client_ip": {"executed_lines": [], "summary": {"covered_lines": 0, "num_statements": 5, "percent_covered": 0.0, "percent_covered_display": "0.00", "missing_lines": 5, "excluded_lines": 0}, "missing_lines": [18, 19, 20, 22, 23], "excluded_lines": []}, "aceptar_terminos": {"executed_lines": [], "summary": {"covered_lines": 0, "num_statements": 23, "percent_covered": 0.0, "percent_covered_display": "0.00", "missing_lines": 23, "excluded_lines": 0}, "missing_lines": [35, 37, 38, 39, 40, 43, 44, 45, 47, 49, 51, 53, 54, 57, 63, 64, 68, 74, 76, 77, 81, 84, 89], "excluded_lines": []}, "rechazar_terminos": {"executed_lines": [], "summary": {"covered_lines": 0, "num_statements": 8, "percent_covered": 0.0, "percent_covered_display": "0.00", "missing_lines": 8, "excluded_lines": 0}, "missing_lines": [98, 99, 102, 105, 106, 108, 114, 117], "excluded_lines": []}, "ver_terminos_pdf": {"executed_lines": [], "summary": {"covered_lines": 0, "num_statements": 7, "percent_covered": 0.0, "percent_covered_display": "0.00", "missing_lines": 7, "excluded_lines": 0}, "missing_lines": [125, 127, 128, 131, 134, 135, 137], "excluded_lines": []}, "mi_aceptacion_terminos": {"executed_lines": [], "summary": {"covered_lines": 0, "num_statements": 5, "percent_covered": 0.0, "percent_covered_display": "0.00", "missing_lines": 5, "excluded_lines": 0}, "missing_lines": [146, 151, 153, 155, 160], "excluded_lines": []}, "": {"executed_lines": [3, 4, 5, 6, 7, 8, 10, 13, 26, 27, 92, 93, 120, 121, 140, 141], "summary": {"covered_lines": 16, "num_statements": 16, "percent_covered": 100.0, "percent_covered_display": "100.00", "missing_lines": 0, "excluded_lines": 0}, "missing_lines": [], "excluded_lines": []}}, "classes": {"": {"executed_lines": [3, 4, 5, 6, 7, 8, 10, 13, 26, 27, 92, 93, 120, 121, 140, 141], "summary": {"covered_lines": 16, "num_statements": 64, "percent_covered": 25.0, "percent_covered_display": "25.00", "missing_lines": 48, "excluded_lines": 0}, "missing_lines": [18, 19, 20, 22, 23, 35, 37, 38, 39, 40, 43, 44, 45, 47, 49, 51, 53, 54, 57, 63, 64, 68, 74, 76, 77, 81, 84, 89, 98, 99, 102, 105, 106, 108, 114, 117, 125, 127, 128, 131, 134, 135, 137, 146, 151, 153, 155, 160], "excluded_lines": []}}}, "core\\zip_functions.py": {"executed_lines": [4, 5, 6, 7, 8, 9, 10, 11, 12, 13, 14, 15, 17, 20, 22, 23, 24, 25, 26, 27, 28, 31, 35, 36, 37, 38, 41, 44, 45, 47, 49, 50, 51, 52, 53, 54, 55, 57, 58, 65, 66, 67, 71, 72, 75, 82, 83, 84, 86, 87, 88, 89, 92, 93, 96, 97, 98, 153, 154, 155, 158, 159, 162, 163, 164, 166, 180, 181, 183, 184, 186, 188, 189, 192, 193, 194, 196, 198, 199, 201, 202, 204, 205, 229, 230, 236, 237, 238, 241, 242, 244, 245, 247, 248, 250, 251, 257, 258, 259, 262, 264, 265, 266, 278, 279, 281, 282, 284, 286, 289, 290, 291, 294, 295, 298, 300, 301, 304, 305, 306, 308, 310, 316, 317, 318, 321, 322, 324, 330, 333, 335, 349, 350, 355, 359, 363, 364, 365, 366, 367, 368, 370, 372, 387, 390, 491, 497, 498, 499, 501, 504, 509, 525, 526, 529, 532, 533, 534, 535, 536, 540, 542, 544, 546, 547, 548, 551, 558, 559, 562, 565, 566, 590, 591, 592, 597, 598, 599, 602, 603, 604, 605, 615, 616, 617, 618, 620, 622, 634, 646, 658, 659, 694, 695, 730, 737, 738, 750, 764, 765, 766, 768, 769, 770, 773, 774, 776, 784, 808, 894, 896, 897, 898, 899, 900, 902, 903], "summary": {"covered_lines": 217, "num_statements": 434, "percent_covered": 50.0, "percent_covered_display": "50.00", "missing_lines": 217, "excluded_lines": 0}, "missing_lines": [60, 61, 62, 76, 77, 78, 79, 80, 81, 101, 102, 208, 209, 211, 212, 213, 214, 215, 216, 217, 219, 223, 224, 226, 227, 231, 232, 233, 253, 254, 395, 397, 399, 403, 408, 409, 410, 411, 414, 416, 418, 420, 421, 424, 437, 449, 452, 453, 454, 458, 460, 463, 470, 471, 472, 474, 476, 477, 479, 505, 538, 552, 553, 555, 563, 567, 568, 569, 571, 572, 574, 575, 576, 579, 580, 581, 583, 584, 585, 587, 594, 606, 607, 608, 609, 610, 611, 623, 624, 625, 626, 627, 628, 629, 630, 631, 635, 636, 637, 638, 639, 640, 641, 642, 643, 647, 648, 649, 650, 651, 652, 653, 654, 655, 661, 662, 663, 664, 665, 666, 667, 668, 669, 672, 673, 674, 675, 676, 677, 678, 679, 680, 683, 684, 685, 686, 687, 688, 689, 690, 691, 697, 698, 699, 700, 701, 702, 703, 704, 705, 708, 709, 710, 711, 712, 713, 714, 715, 716, 719, 720, 721, 722, 723, 724, 725, 726, 727, 739, 740, 741, 742, 743, 744, 745, 746, 747, 751, 752, 753, 754, 755, 756, 757, 758, 759, 760, 761, 778, 779, 781, 786, 788, 790, 799, 813, 814, 815, 817, 820, 821, 822, 826, 831, 832, 843, 848, 862, 865, 868, 870, 872, 886, 887, 888, 901, 905], "excluded_lines": [], "functions": {"access_check": {"executed_lines": [22, 26, 27, 28], "summary": {"covered_lines": 4, "num_statements": 4, "percent_covered": 100.0, "percent_covered_display": "100.00", "missing_lines": 0, "excluded_lines": 0}, "missing_lines": [], "excluded_lines": []}, "access_check.wrapper": {"executed_lines": [23, 24, 25], "summary": {"covered_lines": 3, "num_statements": 3, "percent_covered": 100.0, "percent_covered_display": "100.00", "missing_lines": 0, "excluded_lines": 0}, "missing_lines": [], "excluded_lines": []}, "stream_file_to_zip_local": {"executed_lines": [35, 36, 37, 38, 41, 44, 45, 47, 49, 50, 51, 52, 53, 54, 55, 57, 58], "summary": {"covered_lines": 17, "num_statements": 20, "percent_covered": 85.0, "percent_covered_display": "85.00", "missing_lines": 3, "excluded_lines": 0}, "missing_lines": [60, 61, 62], "excluded_lines": []}, "solicitar_zip": {"executed_lines": [71, 72, 75, 82, 83, 84, 86, 87, 88, 89, 92, 93, 96, 97, 98], "summary": {"covered_lines": 15, "num_statements": 23, "percent_covered": 65.21739130434783, "percent_covered_display": "65.22", "missing_lines": 8, "excluded_lines": 0}, "missing_lines": [76, 77, 78, 79, 80, 81, 101, 102], "excluded_lines": []}, "zip_status": {"executed_lines": [158, 159, 162, 163, 164, 166, 180, 181, 183, 184, 186, 188, 189], "summary": {"covered_lines": 13, "num_statements": 13, "percent_covered": 100.0, "percent_covered_display": "100.00", "missing_lines": 0, "excluded_lines": 0}, "missing_lines": [], "excluded_lines": []}, "download_zip": {"executed_lines": [196, 198, 199, 201, 202, 204, 205, 229, 230], "summary": {"covered_lines": 9, "num_statements": 20, "percent_covered": 45.0, "percent_covered_display": "45.00", "missing_lines": 11, "excluded_lines": 0}, "missing_lines": [208, 209, 211, 219, 223, 224, 226, 227, 231, 232, 233], "excluded_lines": []}, "download_zip.file_iterator": {"executed_lines": [], "summary": {"covered_lines": 0, "num_statements": 6, "percent_covered": 0.0, "percent_covered_display": "0.00", "missing_lines": 6, "excluded_lines": 0}, "missing_lines": [212, 213, 214, 215, 216, 217], "excluded_lines": []}, "cancel_zip_request": {"executed_lines": [241, 242, 244, 245, 247, 248, 250, 251], "summary": {"covered_lines": 8, "num_statements": 10, "percent_covered": 80.0, "percent_covered_display": "80.00", "missing_lines": 2, "excluded_lines": 0}, "missing_lines": [253, 254], "excluded_lines": []}, "my_zip_requests": {"executed_lines": [262, 264, 265, 266, 278, 279, 281, 282, 284, 286], "summary": {"covered_lines": 10, "num_statements": 10, "percent_covered": 100.0, "percent_covered_display": "100.00", "missing_lines": 0, "excluded_lines": 0}, "missing_lines": [], "excluded_lines": []}, "trigger_zip_processing": {"executed_lines": [294, 295, 298, 300, 301, 304, 305, 306, 308, 310], "summary": {"covered_lines": 10, "num_statements": 10, "percent_covered": 100.0, "percent_covered_display": "100.00", "missing_lines": 0, "excluded_lines": 0}, "missing_lines": [], "excluded_lines": []}, "manual_process_zip": {"executed_lines": [321, 322, 324], "summary": {"covered_lines": 3, "num_statements": 3, "percent_covered": 100.0, "percent_covered_display": "100.00", "missing_lines": 0, "excluded_lines": 0}, "missing_lines": [], "excluded_lines": []}, "generar_readme_parte": {"executed_lines": [333, 335, 349, 350, 355, 359, 363, 364, 365, 366, 367, 368, 370, 372, 387], "summary": {"covered_lines": 15, "num_statements": 15, "percent_covered": 100.0, "percent_covered_display": "100.00", "missing_lines": 0, "excluded_lines": 0}, "missing_lines": [], "excluded_lines": []}, "generar_descarga_multipartes": {"executed_lines": [], "summary": {"covered_lines": 0, "num_statements": 29, "percent_covered": 0.0, "percent_covered_display": "0.00", "missing_lines": 29, "excluded_lines": 0}, "missing_lines": [395, 397, 399, 403, 408, 409, 410, 411, 414, 416, 418, 420, 421, 424, 437, 449, 452, 453, 454, 458, 460, 463, 470, 471, 472, 474, 476, 477, 479], "excluded_lines": []}, "descarga_directa_rapida": {"executed_lines": [497, 498, 499, 501, 504, 509, 525, 526, 529, 532, 533, 534, 535, 536, 540, 542, 544, 546, 547, 548, 551, 558, 559, 562, 565, 566, 590, 591, 592, 597, 598, 599, 602, 603, 604, 605, 615, 616, 617, 618, 620, 622, 634, 646, 658, 659, 694, 695, 730, 737, 738, 750, 764, 765, 766, 768, 769, 770, 773, 774, 776], "summary": {"covered_lines": 61, "num_statements": 193, "percent_covered": 31.60621761658031, "percent_covered_display": "31.61", "missing_lines": 132, "excluded_lines": 0}, "missing_lines": [505, 538, 552, 553, 555, 563, 567, 568, 569, 571, 572, 574, 575, 576, 579, 580, 581, 583, 584, 585, 587, 594, 606, 607, 608, 609, 610, 611, 623, 624, 625, 626, 627, 628, 629, 630, 631, 635, 636, 637, 638, 639, 640, 641, 642, 643, 647, 648, 649, 650, 651, 652, 653, 654, 655, 661, 662, 663, 664, 665, 666, 667, 668, 669, 672, 673, 674, 675, 676, 677, 678, 679, 680, 683, 684, 685, 686, 687, 688, 689, 690, 691, 697, 698, 699, 700, 701, 702, 703, 704, 705, 708, 709, 710, 711, 712, 713, 714, 715, 716, 719, 720, 721, 722, 723, 724, 725, 726, 727, 739, 740, 741, 742, 743, 744, 745, 746, 747, 751, 752, 753, 754, 755, 756, 757, 758, 759, 760, 761, 778, 779, 781], "excluded_lines": []}, "solicitar_zip_fallback": {"executed_lines": [], "summary": {"covered_lines": 0, "num_statements": 4, "percent_covered": 0.0, "percent_covered_display": "0.00", "missing_lines": 4, "excluded_lines": 0}, "missing_lines": [786, 788, 790, 799], "excluded_lines": []}, "solicitar_zip_asincrono": {"executed_lines": [], "summary": {"covered_lines": 0, "num_statements": 20, "percent_covered": 0.0, "percent_covered_display": "0.00", "missing_lines": 20, "excluded_lines": 0}, "missing_lines": [813, 814, 815, 817, 820, 821, 822, 826, 831, 832, 843, 848, 862, 865, 868, 870, 872, 886, 887, 888], "excluded_lines": []}, "_calcular_tiempo_estimado_equipos": {"executed_lines": [896, 897, 898, 899, 900, 902, 903], "summary": {"covered_lines": 7, "num_statements": 9, "percent_covered": 77.77777777777777, "percent_covered_display": "77.78", "missing_lines": 2, "excluded_lines": 0}, "missing_lines": [901, 905], "excluded_lines": []}, "": {"executed_lines": [4, 5, 6, 7, 8, 9, 10, 11, 12, 13, 14, 15, 17, 20, 31, 65, 66, 67, 153, 154, 155, 192, 193, 194, 236, 237, 238, 257, 258, 259, 289, 290, 291, 316, 317, 318, 330, 390, 491, 784, 808, 894], "summary": {"covered_lines": 42, "num_statements": 42, "percent_covered": 100.0, "percent_covered_display": "100.00", "missing_lines": 0, "excluded_lines": 0}, "missing_lines": [], "excluded_lines": []}}, "classes": {"": {"executed_lines": [4, 5, 6, 7, 8, 9, 10, 11, 12, 13, 14, 15, 17, 20, 22, 23, 24, 25, 26, 27, 28, 31, 35, 36, 37, 38, 41, 44, 45, 47, 49, 50, 51, 52, 53, 54, 55, 57, 58, 65, 66, 67, 71, 72, 75, 82, 83, 84, 86, 87, 88, 89, 92, 93, 96, 97, 98, 153, 154, 155, 158, 159, 162, 163, 164, 166, 180, 181, 183, 184, 186, 188, 189, 192, 193, 194, 196, 198, 199, 201, 202, 204, 205, 229, 230, 236, 237, 238, 241, 242, 244, 245, 247, 248, 250, 251, 257, 258, 259, 262, 264, 265, 266, 278, 279, 281, 282, 284, 286, 289, 290, 291, 294, 295, 298, 300, 301, 304, 305, 306, 308, 310, 316, 317, 318, 321, 322, 324, 330, 333, 335, 349, 350, 355, 359, 363, 364, 365, 366, 367, 368, 370, 372, 387, 390, 491, 497, 498, 499, 501, 504, 509, 525, 526, 529, 532, 533, 534, 535, 536, 540, 542, 544, 546, 547, 548, 551, 558, 559, 562, 565, 566, 590, 591, 592, 597, 598, 599, 602, 603, 604, 605, 615, 616, 617, 618, 620, 622, 634, 646, 658, 659, 694, 695, 730, 737, 738, 750, 764, 765, 766, 768, 769, 770, 773, 774, 776, 784, 808, 894, 896, 897, 898, 899, 900, 902, 903], "summary": {"covered_lines": 217, "num_statements": 434, "percent_covered": 50.0, "percent_covered_display": "50.00", "missing_lines": 217, "excluded_lines": 0}, "missing_lines": [60, 61, 62, 76, 77, 78, 79, 80, 81, 101, 102, 208, 209, 211, 212, 213, 214, 215, 216, 217, 219, 223, 224, 226, 227, 231, 232, 233, 253, 254, 395, 397, 399, 403, 408, 409, 410, 411, 414, 416, 418, 420, 421, 424, 437, 449, 452, 453, 454, 458, 460, 463, 470, 471, 472, 474, 476, 477, 479, 505, 538, 552, 553, 555, 563, 567, 568, 569, 571, 572, 574, 575, 576, 579, 580, 581, 583, 584, 585, 587, 594, 606, 607, 608, 609, 610, 611, 623, 624, 625, 626, 627, 628, 629, 630, 631, 635, 636, 637, 638, 639, 640, 641, 642, 643, 647, 648, 649, 650, 651, 652, 653, 654, 655, 661, 662, 663, 664, 665, 666, 667, 668, 669, 672, 673, 674, 675, 676, 677, 678, 679, 680, 683, 684, 685, 686, 687, 688, 689, 690, 691, 697, 698, 699, 700, 701, 702, 703, 704, 705, 708, 709, 710, 711, 712, 713, 714, 715, 716, 719, 720, 721, 722, 723, 724, 725, 726, 727, 739, 740, 741, 742, 743, 744, 745, 746, 747, 751, 752, 753, 754, 755, 756, 757, 758, 759, 760, 761, 778, 779, 781, 786, 788, 790, 799, 813, 814, 815, 817, 820, 821, 822, 826, 831, 832, 843, 848, 862, 865, 868, 870, 872, 886, 887, 888, 901, 905], "excluded_lines": []}}}}, "totals": {"covered_lines": 7079, "num_statements": 12495, "percent_covered": 56.6546618647459, "percent_covered_display": "56.65", "missing_lines": 5416, "excluded_lines": 3}}